<?xml version="1.0" ?>
<!DOCTYPE coverage SYSTEM "http://cobertura.sourceforge.net/xml/coverage-04.dtd">
<coverage lines-valid="671" lines-covered="638" line-rate="0.9508" branches-valid="326" branches-covered="278" branch-rate="0.8527" timestamp="1762768647494" complexity="0" version="0.1">
  <sources>
    <source>/Users/cervantes/git/lum.bio</source>
  </sources>
  <packages>
    <package name="components.layout" line-rate="0.9695999999999999" branch-rate="0.8253">
      <classes>
        <class name="SearchPanel.tsx" filename="src/components/layout/SearchPanel.tsx" line-rate="0.9695999999999999" branch-rate="0.8253">
          <methods>
            <method name="(anonymous_0)" hits="10" signature="()V">
              <lines>
                <line number="7" hits="10"/>
              </lines>
            </method>
            <method name="(anonymous_1)" hits="16" signature="()V">
              <lines>
                <line number="14" hits="16"/>
              </lines>
            </method>
            <method name="(anonymous_2)" hits="10" signature="()V">
              <lines>
                <line number="30" hits="10"/>
              </lines>
            </method>
            <method name="(anonymous_3)" hits="7" signature="()V">
              <lines>
                <line number="46" hits="7"/>
              </lines>
            </method>
            <method name="(anonymous_4)" hits="10" signature="()V">
              <lines>
                <line number="50" hits="10"/>
              </lines>
            </method>
            <method name="(anonymous_5)" hits="3" signature="()V">
              <lines>
                <line number="55" hits="3"/>
              </lines>
            </method>
            <method name="(anonymous_6)" hits="4" signature="()V">
              <lines>
                <line number="70" hits="4"/>
              </lines>
            </method>
            <method name="(anonymous_7)" hits="9" signature="()V">
              <lines>
                <line number="73" hits="9"/>
              </lines>
            </method>
            <method name="(anonymous_8)" hits="7" signature="()V">
              <lines>
                <line number="111" hits="7"/>
              </lines>
            </method>
            <method name="(anonymous_9)" hits="7" signature="()V">
              <lines>
                <line number="117" hits="7"/>
              </lines>
            </method>
            <method name="(anonymous_10)" hits="15" signature="()V">
              <lines>
                <line number="118" hits="15"/>
              </lines>
            </method>
            <method name="(anonymous_11)" hits="3" signature="()V">
              <lines>
                <line number="140" hits="3"/>
              </lines>
            </method>
            <method name="(anonymous_12)" hits="1" signature="()V">
              <lines>
                <line number="152" hits="1"/>
              </lines>
            </method>
            <method name="(anonymous_13)" hits="1" signature="()V">
              <lines>
                <line number="156" hits="1"/>
              </lines>
            </method>
            <method name="(anonymous_14)" hits="8" signature="()V">
              <lines>
                <line number="160" hits="8"/>
              </lines>
            </method>
            <method name="(anonymous_15)" hits="1" signature="()V">
              <lines>
                <line number="165" hits="1"/>
              </lines>
            </method>
            <method name="(anonymous_16)" hits="1" signature="()V">
              <lines>
                <line number="170" hits="1"/>
              </lines>
            </method>
            <method name="(anonymous_17)" hits="4" signature="()V">
              <lines>
                <line number="193" hits="4"/>
              </lines>
            </method>
            <method name="(anonymous_18)" hits="1" signature="()V">
              <lines>
                <line number="208" hits="1"/>
              </lines>
            </method>
            <method name="(anonymous_19)" hits="24" signature="()V">
              <lines>
                <line number="230" hits="24"/>
              </lines>
            </method>
            <method name="(anonymous_20)" hits="2" signature="()V">
              <lines>
                <line number="235" hits="2"/>
              </lines>
            </method>
          </methods>
          <lines>
            <line number="7" hits="2" branch="false"/>
            <line number="8" hits="10" branch="true" condition-coverage="50% (1/2)"/>
            <line number="9" hits="0" branch="false"/>
            <line number="11" hits="10" branch="false"/>
            <line number="14" hits="2" branch="false"/>
            <line number="21" hits="16" branch="false"/>
            <line number="22" hits="16" branch="false"/>
            <line number="23" hits="16" branch="false"/>
            <line number="24" hits="16" branch="false"/>
            <line number="25" hits="16" branch="false"/>
            <line number="26" hits="16" branch="false"/>
            <line number="27" hits="16" branch="false"/>
            <line number="28" hits="16" branch="false"/>
            <line number="30" hits="16" branch="false"/>
            <line number="31" hits="10" branch="true" condition-coverage="100% (2/2)"/>
            <line number="32" hits="7" branch="false"/>
            <line number="34" hits="7" branch="false"/>
            <line number="35" hits="7" branch="false"/>
            <line number="36" hits="7" branch="false"/>
            <line number="39" hits="3" branch="true" condition-coverage="100% (2/2)"/>
            <line number="40" hits="1" branch="false"/>
            <line number="41" hits="1" branch="false"/>
            <line number="46" hits="16" branch="false"/>
            <line number="47" hits="7" branch="false"/>
            <line number="50" hits="16" branch="false"/>
            <line number="51" hits="10" branch="true" condition-coverage="100% (2/2)"/>
            <line number="52" hits="3" branch="false"/>
            <line number="55" hits="7" branch="false"/>
            <line number="56" hits="3" branch="true" condition-coverage="50% (1/2)"/>
            <line number="57" hits="0" branch="false"/>
            <line number="60" hits="3" branch="false"/>
            <line number="68" hits="3" branch="false"/>
            <line number="70" hits="4" branch="false"/>
            <line number="73" hits="7" branch="false"/>
            <line number="74" hits="9" branch="true" condition-coverage="100% (2/2)"/>
            <line number="75" hits="1" branch="false"/>
            <line number="76" hits="1" branch="false"/>
            <line number="77" hits="1" branch="false"/>
            <line number="80" hits="8" branch="true" condition-coverage="100% (2/2)"/>
            <line number="81" hits="5" branch="false"/>
            <line number="84" hits="3" branch="false"/>
            <line number="86" hits="3" branch="true" condition-coverage="100% (2/2)"/>
            <line number="87" hits="1" branch="false"/>
            <line number="88" hits="1" branch="false"/>
            <line number="89" hits="1" branch="false"/>
            <line number="92" hits="2" branch="false"/>
            <line number="93" hits="2" branch="false"/>
            <line number="94" hits="2" branch="false"/>
            <line number="96" hits="2" branch="true" condition-coverage="100% (2/2)"/>
            <line number="97" hits="1" branch="true" condition-coverage="75% (3/4)"/>
            <line number="98" hits="1" branch="false"/>
            <line number="99" hits="1" branch="false"/>
            <line number="101" hits="1" branch="false"/>
            <line number="104" hits="1" branch="true" condition-coverage="50% (1/2)"/>
            <line number="105" hits="1" branch="false"/>
            <line number="106" hits="1" branch="false"/>
            <line number="110" hits="7" branch="false"/>
            <line number="111" hits="7" branch="false"/>
            <line number="116" hits="16" branch="false"/>
            <line number="118" hits="7" branch="false"/>
            <line number="121" hits="15" branch="true" condition-coverage="75% (3/4)"/>
            <line number="123" hits="5" branch="false"/>
            <line number="124" hits="5" branch="false"/>
            <line number="126" hits="5" branch="false"/>
            <line number="127" hits="5" branch="false"/>
            <line number="129" hits="5" branch="false"/>
            <line number="130" hits="5" branch="false"/>
            <line number="132" hits="0" branch="false"/>
            <line number="135" hits="15" branch="false"/>
            <line number="140" hits="16" branch="false"/>
            <line number="141" hits="3" branch="true" condition-coverage="100% (2/2)"/>
            <line number="142" hits="1" branch="false"/>
            <line number="143" hits="2" branch="true" condition-coverage="100% (2/2)"/>
            <line number="144" hits="1" branch="false"/>
            <line number="145" hits="1" branch="true" condition-coverage="50% (1/2)"/>
            <line number="146" hits="1" branch="true" condition-coverage="100% (2/2)"/>
            <line number="147" hits="1" branch="false"/>
            <line number="149" hits="3" branch="false"/>
            <line number="152" hits="16" branch="false"/>
            <line number="153" hits="1" branch="false"/>
            <line number="156" hits="16" branch="false"/>
            <line number="157" hits="1" branch="false"/>
            <line number="160" hits="16" branch="false"/>
            <line number="161" hits="8" branch="true" condition-coverage="100% (4/4)"/>
            <line number="162" hits="1" branch="false"/>
            <line number="163" hits="7" branch="true" condition-coverage="100% (2/2)"/>
            <line number="164" hits="1" branch="false"/>
            <line number="165" hits="1" branch="false"/>
            <line number="166" hits="1" branch="true" condition-coverage="50% (1/2)"/>
            <line number="168" hits="6" branch="true" condition-coverage="100% (2/2)"/>
            <line number="169" hits="1" branch="false"/>
            <line number="170" hits="1" branch="true" condition-coverage="50% (1/2)"/>
            <line number="174" hits="16" branch="true" condition-coverage="100% (2/2)"/>
            <line number="175" hits="6" branch="false"/>
            <line number="178" hits="10" branch="false"/>
            <line number="193" hits="4" branch="false"/>
            <line number="208" hits="1" branch="false"/>
            <line number="231" hits="24" branch="false"/>
            <line number="235" hits="2" branch="false"/>
          </lines>
        </class>
      </classes>
    </package>
    <package name="config" line-rate="1" branch-rate="1">
      <classes>
        <class name="constants.ts" filename="src/config/constants.ts" line-rate="1" branch-rate="1">
          <methods>
          </methods>
          <lines>
            <line number="8" hits="6" branch="false"/>
            <line number="18" hits="6" branch="false"/>
            <line number="28" hits="6" branch="false"/>
            <line number="37" hits="6" branch="false"/>
            <line number="51" hits="6" branch="false"/>
            <line number="61" hits="6" branch="false"/>
            <line number="71" hits="6" branch="false"/>
            <line number="79" hits="6" branch="false"/>
          </lines>
        </class>
      </classes>
    </package>
    <package name="contexts" line-rate="0.9455" branch-rate="0.8461">
      <classes>
        <class name="NavigationContext.tsx" filename="src/contexts/NavigationContext.tsx" line-rate="0.9436" branch-rate="0.8378">
          <methods>
            <method name="NavigationProvider" hits="59" signature="()V">
              <lines>
                <line number="42" hits="59"/>
              </lines>
            </method>
            <method name="(anonymous_1)" hits="13" signature="()V">
              <lines>
                <line number="52" hits="13"/>
              </lines>
            </method>
            <method name="(anonymous_2)" hits="29" signature="()V">
              <lines>
                <line number="55" hits="29"/>
              </lines>
            </method>
            <method name="(anonymous_3)" hits="52" signature="()V">
              <lines>
                <line number="56" hits="52"/>
              </lines>
            </method>
            <method name="(anonymous_4)" hits="6" signature="()V">
              <lines>
                <line number="64" hits="6"/>
              </lines>
            </method>
            <method name="(anonymous_5)" hits="29" signature="()V">
              <lines>
                <line number="73" hits="29"/>
              </lines>
            </method>
            <method name="(anonymous_6)" hits="39" signature="()V">
              <lines>
                <line number="76" hits="39"/>
              </lines>
            </method>
            <method name="(anonymous_7)" hits="1" signature="()V">
              <lines>
                <line number="95" hits="1"/>
              </lines>
            </method>
            <method name="(anonymous_8)" hits="53" signature="()V">
              <lines>
                <line number="118" hits="53"/>
              </lines>
            </method>
            <method name="(anonymous_9)" hits="10" signature="()V">
              <lines>
                <line number="131" hits="10"/>
              </lines>
            </method>
            <method name="(anonymous_10)" hits="9" signature="()V">
              <lines>
                <line number="148" hits="9"/>
              </lines>
            </method>
            <method name="(anonymous_11)" hits="4" signature="()V">
              <lines>
                <line number="160" hits="4"/>
              </lines>
            </method>
            <method name="(anonymous_12)" hits="4" signature="()V">
              <lines>
                <line number="169" hits="4"/>
              </lines>
            </method>
            <method name="(anonymous_13)" hits="9" signature="()V">
              <lines>
                <line number="176" hits="9"/>
              </lines>
            </method>
            <method name="(anonymous_14)" hits="3" signature="()V">
              <lines>
                <line number="184" hits="3"/>
              </lines>
            </method>
            <method name="(anonymous_15)" hits="1" signature="()V">
              <lines>
                <line number="203" hits="1"/>
              </lines>
            </method>
            <method name="(anonymous_16)" hits="2" signature="()V">
              <lines>
                <line number="212" hits="2"/>
              </lines>
            </method>
            <method name="(anonymous_17)" hits="3" signature="()V">
              <lines>
                <line number="217" hits="3"/>
              </lines>
            </method>
            <method name="(anonymous_18)" hits="1" signature="()V">
              <lines>
                <line number="232" hits="1"/>
              </lines>
            </method>
            <method name="(anonymous_19)" hits="2" signature="()V">
              <lines>
                <line number="238" hits="2"/>
              </lines>
            </method>
            <method name="(anonymous_20)" hits="2" signature="()V">
              <lines>
                <line number="239" hits="2"/>
              </lines>
            </method>
            <method name="(anonymous_21)" hits="1" signature="()V">
              <lines>
                <line number="245" hits="1"/>
              </lines>
            </method>
            <method name="(anonymous_22)" hits="3" signature="()V">
              <lines>
                <line number="251" hits="3"/>
              </lines>
            </method>
            <method name="(anonymous_23)" hits="2" signature="()V">
              <lines>
                <line number="258" hits="2"/>
              </lines>
            </method>
            <method name="useNavigation" hits="65" signature="()V">
              <lines>
                <line number="292" hits="65"/>
              </lines>
            </method>
          </methods>
          <lines>
            <line number="38" hits="2" branch="false"/>
            <line number="43" hits="59" branch="false"/>
            <line number="44" hits="59" branch="false"/>
            <line number="45" hits="59" branch="false"/>
            <line number="46" hits="59" branch="false"/>
            <line number="47" hits="59" branch="false"/>
            <line number="48" hits="59" branch="false"/>
            <line number="49" hits="59" branch="false"/>
            <line number="50" hits="59" branch="false"/>
            <line number="52" hits="59" branch="false"/>
            <line number="54" hits="59" branch="false"/>
            <line number="56" hits="29" branch="false"/>
            <line number="57" hits="52" branch="true" condition-coverage="100% (2/2)"/>
            <line number="58" hits="29" branch="false"/>
            <line number="60" hits="23" branch="false"/>
            <line number="61" hits="23" branch="true" condition-coverage="100% (2/2)"/>
            <line number="62" hits="17" branch="false"/>
            <line number="64" hits="6" branch="false"/>
            <line number="65" hits="6" branch="true" condition-coverage="100% (2/2)"/>
            <line number="66" hits="4" branch="false"/>
            <line number="68" hits="2" branch="false"/>
            <line number="73" hits="59" branch="false"/>
            <line number="76" hits="59" branch="false"/>
            <line number="77" hits="39" branch="true" condition-coverage="100% (2/2)"/>
            <line number="79" hits="13" branch="false"/>
            <line number="80" hits="13" branch="true" condition-coverage="100% (4/4)"/>
            <line number="81" hits="11" branch="false"/>
            <line number="82" hits="11" branch="false"/>
            <line number="85" hits="2" branch="false"/>
            <line number="87" hits="2" branch="true" condition-coverage="50% (1/2)"/>
            <line number="88" hits="0" branch="false"/>
            <line number="89" hits="0" branch="false"/>
            <line number="93" hits="2" branch="true" condition-coverage="100% (2/2)"/>
            <line number="94" hits="1" branch="false"/>
            <line number="95" hits="1" branch="false"/>
            <line number="96" hits="1" branch="true" condition-coverage="50% (1/2)"/>
            <line number="97" hits="1" branch="false"/>
            <line number="98" hits="1" branch="false"/>
            <line number="100" hits="1" branch="false"/>
            <line number="101" hits="1" branch="false"/>
            <line number="105" hits="1" branch="true" condition-coverage="50% (1/2)"/>
            <line number="106" hits="1" branch="false"/>
            <line number="107" hits="1" branch="false"/>
            <line number="108" hits="1" branch="true" condition-coverage="50% (1/2)"/>
            <line number="109" hits="1" branch="false"/>
            <line number="110" hits="1" branch="false"/>
            <line number="114" hits="1" branch="false"/>
            <line number="118" hits="59" branch="false"/>
            <line number="119" hits="53" branch="true" condition-coverage="100% (2/2)"/>
            <line number="121" hits="40" branch="true" condition-coverage="100% (2/2)"/>
            <line number="122" hits="15" branch="true" condition-coverage="100% (2/2)"/>
            <line number="123" hits="2" branch="false"/>
            <line number="125" hits="15" branch="false"/>
            <line number="128" hits="25" branch="false"/>
            <line number="131" hits="25" branch="false"/>
            <line number="132" hits="25" branch="true" condition-coverage="100% (2/2)"/>
            <line number="133" hits="6" branch="false"/>
            <line number="134" hits="6" branch="true" condition-coverage="100% (2/2)"/>
            <line number="135" hits="2" branch="false"/>
            <line number="137" hits="6" branch="false"/>
            <line number="141" hits="19" branch="false"/>
            <line number="142" hits="19" branch="false"/>
            <line number="143" hits="19" branch="true" condition-coverage="100% (2/2)"/>
            <line number="144" hits="9" branch="false"/>
            <line number="148" hits="59" branch="false"/>
            <line number="150" hits="9" branch="true" condition-coverage="100% (2/2)"/>
            <line number="151" hits="9" branch="true" condition-coverage="100% (4/4)"/>
            <line number="152" hits="1" branch="false"/>
            <line number="154" hits="8" branch="true" condition-coverage="50% (1/2)"/>
            <line number="156" hits="9" branch="false"/>
            <line number="157" hits="9" branch="false"/>
            <line number="160" hits="59" branch="false"/>
            <line number="161" hits="4" branch="true" condition-coverage="75% (3/4)"/>
            <line number="162" hits="0" branch="false"/>
            <line number="164" hits="4" branch="true" condition-coverage="100% (2/2)"/>
            <line number="169" hits="59" branch="false"/>
            <line number="170" hits="4" branch="false"/>
            <line number="171" hits="4" branch="false"/>
            <line number="172" hits="4" branch="false"/>
            <line number="173" hits="4" branch="false"/>
            <line number="176" hits="59" branch="false"/>
            <line number="177" hits="9" branch="true" condition-coverage="100% (2/2)"/>
            <line number="178" hits="6" branch="false"/>
            <line number="179" hits="3" branch="true" condition-coverage="50% (1/2)"/>
            <line number="180" hits="3" branch="false"/>
            <line number="184" hits="59" branch="false"/>
            <line number="185" hits="3" branch="true" condition-coverage="50% (1/2)"/>
            <line number="186" hits="0" branch="false"/>
            <line number="189" hits="3" branch="false"/>
            <line number="191" hits="3" branch="true" condition-coverage="50% (1/2)"/>
            <line number="192" hits="0" branch="false"/>
            <line number="193" hits="0" branch="false"/>
            <line number="196" hits="3" branch="false"/>
            <line number="197" hits="3" branch="false"/>
            <line number="198" hits="3" branch="true" condition-coverage="100% (2/2)"/>
            <line number="199" hits="2" branch="false"/>
            <line number="200" hits="2" branch="false"/>
            <line number="203" hits="1" branch="false"/>
            <line number="204" hits="1" branch="true" condition-coverage="50% (1/2)"/>
            <line number="205" hits="0" branch="false"/>
            <line number="206" hits="0" branch="false"/>
            <line number="209" hits="1" branch="false"/>
            <line number="212" hits="59" branch="false"/>
            <line number="213" hits="2" branch="false"/>
            <line number="214" hits="2" branch="false"/>
            <line number="217" hits="59" branch="false"/>
            <line number="218" hits="3" branch="true" condition-coverage="100% (2/2)"/>
            <line number="219" hits="1" branch="false"/>
            <line number="220" hits="1" branch="false"/>
            <line number="223" hits="2" branch="false"/>
            <line number="224" hits="2" branch="false"/>
            <line number="226" hits="2" branch="false"/>
            <line number="227" hits="2" branch="true" condition-coverage="100% (2/2)"/>
            <line number="228" hits="1" branch="false"/>
            <line number="229" hits="1" branch="false"/>
            <line number="232" hits="1" branch="false"/>
            <line number="233" hits="1" branch="true" condition-coverage="50% (1/2)"/>
            <line number="234" hits="1" branch="false"/>
            <line number="238" hits="59" branch="false"/>
            <line number="239" hits="2" branch="false"/>
            <line number="240" hits="2" branch="false"/>
            <line number="241" hits="2" branch="false"/>
            <line number="242" hits="2" branch="true" condition-coverage="50% (1/2)"/>
            <line number="245" hits="59" branch="false"/>
            <line number="246" hits="1" branch="false"/>
            <line number="247" hits="1" branch="false"/>
            <line number="248" hits="1" branch="false"/>
            <line number="251" hits="59" branch="false"/>
            <line number="252" hits="3" branch="true" condition-coverage="100% (2/2)"/>
            <line number="253" hits="2" branch="false"/>
            <line number="254" hits="2" branch="false"/>
            <line number="255" hits="2" branch="false"/>
            <line number="258" hits="59" branch="false"/>
            <line number="259" hits="2" branch="true" condition-coverage="100% (2/2)"/>
            <line number="260" hits="1" branch="false"/>
            <line number="262" hits="1" branch="false"/>
            <line number="263" hits="1" branch="false"/>
            <line number="266" hits="59" branch="false"/>
            <line number="293" hits="65" branch="false"/>
            <line number="294" hits="65" branch="true" condition-coverage="100% (2/2)"/>
            <line number="295" hits="2" branch="false"/>
            <line number="297" hits="63" branch="false"/>
          </lines>
        </class>
        <class name="SearchContext.tsx" filename="src/contexts/SearchContext.tsx" line-rate="0.9318000000000001" branch-rate="0.862">
          <methods>
            <method name="(anonymous_0)" hits="6" signature="()V">
              <lines>
                <line number="26" hits="6"/>
              </lines>
            </method>
            <method name="(anonymous_1)" hits="0" signature="()V">
              <lines>
                <line number="32" hits="0"/>
              </lines>
            </method>
            <method name="SearchProvider" hits="16" signature="()V">
              <lines>
                <line number="49" hits="16"/>
              </lines>
            </method>
            <method name="(anonymous_3)" hits="5" signature="()V">
              <lines>
                <line number="53" hits="5"/>
              </lines>
            </method>
            <method name="(anonymous_4)" hits="12" signature="()V">
              <lines>
                <line number="56" hits="12"/>
              </lines>
            </method>
            <method name="(anonymous_5)" hits="9" signature="()V">
              <lines>
                <line number="62" hits="9"/>
              </lines>
            </method>
            <method name="(anonymous_6)" hits="6" signature="()V">
              <lines>
                <line number="70" hits="6"/>
              </lines>
            </method>
            <method name="(anonymous_7)" hits="3" signature="()V">
              <lines>
                <line number="83" hits="3"/>
              </lines>
            </method>
            <method name="(anonymous_8)" hits="3" signature="()V">
              <lines>
                <line number="99" hits="3"/>
              </lines>
            </method>
            <method name="(anonymous_9)" hits="3" signature="()V">
              <lines>
                <line number="122" hits="3"/>
              </lines>
            </method>
            <method name="(anonymous_10)" hits="5" signature="()V">
              <lines>
                <line number="139" hits="5"/>
              </lines>
            </method>
            <method name="(anonymous_11)" hits="2" signature="()V">
              <lines>
                <line number="140" hits="2"/>
              </lines>
            </method>
            <method name="useSearch" hits="21" signature="()V">
              <lines>
                <line number="158" hits="21"/>
              </lines>
            </method>
          </methods>
          <lines>
            <line number="24" hits="2" branch="false"/>
            <line number="26" hits="2" branch="false"/>
            <line number="27" hits="6" branch="false"/>
            <line number="28" hits="6" branch="false"/>
            <line number="29" hits="6" branch="false"/>
            <line number="32" hits="6" branch="false"/>
            <line number="33" hits="0" branch="false"/>
            <line number="36" hits="6" branch="true" condition-coverage="100% (4/4)"/>
            <line number="40" hits="6" branch="false"/>
            <line number="50" hits="16" branch="false"/>
            <line number="51" hits="16" branch="false"/>
            <line number="52" hits="16" branch="false"/>
            <line number="53" hits="16" branch="false"/>
            <line number="56" hits="16" branch="false"/>
            <line number="57" hits="12" branch="true" condition-coverage="100% (2/2)"/>
            <line number="58" hits="7" branch="false"/>
            <line number="62" hits="16" branch="false"/>
            <line number="63" hits="9" branch="true" condition-coverage="100% (2/2)"/>
            <line number="64" hits="6" branch="false"/>
            <line number="67" hits="3" branch="false"/>
            <line number="68" hits="3" branch="false"/>
            <line number="70" hits="3" branch="false"/>
            <line number="71" hits="6" branch="true" condition-coverage="100% (2/2)"/>
            <line number="72" hits="1" branch="false"/>
            <line number="82" hits="6" branch="true" condition-coverage="50% (1/2)"/>
            <line number="83" hits="6" branch="false"/>
            <line number="84" hits="3" branch="true" condition-coverage="100% (2/2)"/>
            <line number="85" hits="1" branch="false"/>
            <line number="99" hits="3" branch="false"/>
            <line number="100" hits="3" branch="true" condition-coverage="100% (2/2)"/>
            <line number="104" hits="1" branch="false"/>
            <line number="114" hits="3" branch="true" condition-coverage="50% (1/2)"/>
            <line number="115" hits="3" branch="false"/>
            <line number="122" hits="3" branch="false"/>
            <line number="123" hits="3" branch="true" condition-coverage="50% (1/2)"/>
            <line number="124" hits="0" branch="false"/>
            <line number="136" hits="3" branch="false"/>
            <line number="139" hits="16" branch="false"/>
            <line number="140" hits="16" branch="false"/>
            <line number="142" hits="16" branch="false"/>
            <line number="159" hits="21" branch="false"/>
            <line number="160" hits="21" branch="true" condition-coverage="50% (1/2)"/>
            <line number="161" hits="0" branch="false"/>
            <line number="163" hits="21" branch="false"/>
          </lines>
        </class>
        <class name="SidebarContext.tsx" filename="src/contexts/SidebarContext.tsx" line-rate="0.9322" branch-rate="0.7">
          <methods>
            <method name="(anonymous_0)" hits="5" signature="()V">
              <lines>
                <line number="32" hits="5"/>
              </lines>
            </method>
            <method name="(anonymous_1)" hits="19" signature="()V">
              <lines>
                <line number="39" hits="19"/>
              </lines>
            </method>
            <method name="(anonymous_2)" hits="11" signature="()V">
              <lines>
                <line number="57" hits="11"/>
              </lines>
            </method>
            <method name="(anonymous_3)" hits="7" signature="()V">
              <lines>
                <line number="60" hits="7"/>
              </lines>
            </method>
            <method name="(anonymous_4)" hits="4" signature="()V">
              <lines>
                <line number="63" hits="4"/>
              </lines>
            </method>
            <method name="(anonymous_5)" hits="4" signature="()V">
              <lines>
                <line number="64" hits="4"/>
              </lines>
            </method>
            <method name="(anonymous_6)" hits="5" signature="()V">
              <lines>
                <line number="73" hits="5"/>
              </lines>
            </method>
            <method name="(anonymous_7)" hits="0" signature="()V">
              <lines>
                <line number="83" hits="0"/>
              </lines>
            </method>
            <method name="(anonymous_8)" hits="5" signature="()V">
              <lines>
                <line number="88" hits="5"/>
              </lines>
            </method>
            <method name="(anonymous_9)" hits="1" signature="()V">
              <lines>
                <line number="91" hits="1"/>
              </lines>
            </method>
            <method name="(anonymous_10)" hits="1" signature="()V">
              <lines>
                <line number="92" hits="1"/>
              </lines>
            </method>
            <method name="(anonymous_11)" hits="1" signature="()V">
              <lines>
                <line number="95" hits="1"/>
              </lines>
            </method>
            <method name="(anonymous_12)" hits="1" signature="()V">
              <lines>
                <line number="96" hits="1"/>
              </lines>
            </method>
            <method name="(anonymous_13)" hits="2" signature="()V">
              <lines>
                <line number="99" hits="2"/>
              </lines>
            </method>
            <method name="(anonymous_14)" hits="2" signature="()V">
              <lines>
                <line number="100" hits="2"/>
              </lines>
            </method>
            <method name="(anonymous_15)" hits="1" signature="()V">
              <lines>
                <line number="112" hits="1"/>
              </lines>
            </method>
            <method name="(anonymous_16)" hits="1" signature="()V">
              <lines>
                <line number="113" hits="1"/>
              </lines>
            </method>
            <method name="(anonymous_17)" hits="1" signature="()V">
              <lines>
                <line number="121" hits="1"/>
              </lines>
            </method>
            <method name="(anonymous_18)" hits="1" signature="()V">
              <lines>
                <line number="122" hits="1"/>
              </lines>
            </method>
            <method name="(anonymous_19)" hits="1" signature="()V">
              <lines>
                <line number="130" hits="1"/>
              </lines>
            </method>
            <method name="(anonymous_20)" hits="1" signature="()V">
              <lines>
                <line number="136" hits="1"/>
              </lines>
            </method>
            <method name="(anonymous_21)" hits="2" signature="()V">
              <lines>
                <line number="141" hits="2"/>
              </lines>
            </method>
            <method name="(anonymous_22)" hits="2" signature="()V">
              <lines>
                <line number="142" hits="2"/>
              </lines>
            </method>
            <method name="(anonymous_23)" hits="15" signature="()V">
              <lines>
                <line number="179" hits="15"/>
              </lines>
            </method>
          </methods>
          <lines>
            <line number="30" hits="2" branch="false"/>
            <line number="32" hits="2" branch="false"/>
            <line number="33" hits="5" branch="true" condition-coverage="50% (1/2)"/>
            <line number="34" hits="0" branch="false"/>
            <line number="36" hits="5" branch="false"/>
            <line number="39" hits="2" branch="false"/>
            <line number="42" hits="19" branch="false"/>
            <line number="43" hits="19" branch="false"/>
            <line number="47" hits="19" branch="false"/>
            <line number="51" hits="19" branch="false"/>
            <line number="56" hits="19" branch="false"/>
            <line number="57" hits="11" branch="false"/>
            <line number="60" hits="19" branch="false"/>
            <line number="62" hits="19" branch="false"/>
            <line number="64" hits="4" branch="false"/>
            <line number="65" hits="4" branch="false"/>
            <line number="66" hits="4" branch="false"/>
            <line number="67" hits="4" branch="false"/>
            <line number="73" hits="19" branch="false"/>
            <line number="74" hits="5" branch="true" condition-coverage="50% (1/2)"/>
            <line number="75" hits="0" branch="false"/>
            <line number="78" hits="5" branch="false"/>
            <line number="81" hits="5" branch="false"/>
            <line number="83" hits="5" branch="false"/>
            <line number="84" hits="0" branch="false"/>
            <line number="87" hits="5" branch="false"/>
            <line number="88" hits="5" branch="false"/>
            <line number="91" hits="19" branch="false"/>
            <line number="92" hits="1" branch="false"/>
            <line number="95" hits="19" branch="false"/>
            <line number="96" hits="19" branch="false"/>
            <line number="98" hits="19" branch="false"/>
            <line number="100" hits="2" branch="false"/>
            <line number="101" hits="2" branch="true" condition-coverage="100% (2/2)"/>
            <line number="102" hits="1" branch="false"/>
            <line number="104" hits="1" branch="false"/>
            <line number="111" hits="19" branch="false"/>
            <line number="113" hits="1" branch="false"/>
            <line number="114" hits="1" branch="false"/>
            <line number="120" hits="19" branch="false"/>
            <line number="122" hits="1" branch="false"/>
            <line number="123" hits="1" branch="false"/>
            <line number="129" hits="19" branch="false"/>
            <line number="131" hits="1" branch="false"/>
            <line number="136" hits="19" branch="false"/>
            <line number="137" hits="1" branch="false"/>
            <line number="140" hits="19" branch="false"/>
            <line number="142" hits="2" branch="false"/>
            <line number="143" hits="2" branch="false"/>
            <line number="144" hits="2" branch="true" condition-coverage="100% (2/2)"/>
            <line number="145" hits="1" branch="false"/>
            <line number="147" hits="1" branch="false"/>
            <line number="149" hits="2" branch="false"/>
            <line number="155" hits="19" branch="false"/>
            <line number="179" hits="2" branch="false"/>
            <line number="180" hits="15" branch="false"/>
            <line number="181" hits="15" branch="true" condition-coverage="50% (1/2)"/>
            <line number="182" hits="0" branch="false"/>
            <line number="184" hits="15" branch="false"/>
          </lines>
        </class>
        <class name="ThemeContext.tsx" filename="src/contexts/ThemeContext.tsx" line-rate="0.9701000000000001" branch-rate="0.9">
          <methods>
            <method name="ThemeProvider" hits="7" signature="()V">
              <lines>
                <line number="22" hits="7"/>
              </lines>
            </method>
            <method name="(anonymous_1)" hits="4" signature="()V">
              <lines>
                <line number="30" hits="4"/>
              </lines>
            </method>
            <method name="(anonymous_2)" hits="4" signature="()V">
              <lines>
                <line number="36" hits="4"/>
              </lines>
            </method>
            <method name="(anonymous_3)" hits="4" signature="()V">
              <lines>
                <line number="43" hits="4"/>
              </lines>
            </method>
            <method name="(anonymous_4)" hits="7" signature="()V">
              <lines>
                <line number="51" hits="7"/>
              </lines>
            </method>
            <method name="(anonymous_5)" hits="14" signature="()V">
              <lines>
                <line number="60" hits="14"/>
              </lines>
            </method>
            <method name="(anonymous_6)" hits="14" signature="()V">
              <lines>
                <line number="63" hits="14"/>
              </lines>
            </method>
            <method name="(anonymous_7)" hits="14" signature="()V">
              <lines>
                <line number="92" hits="14"/>
              </lines>
            </method>
            <method name="(anonymous_8)" hits="2" signature="()V">
              <lines>
                <line number="127" hits="2"/>
              </lines>
            </method>
            <method name="useTheme" hits="7" signature="()V">
              <lines>
                <line number="141" hits="7"/>
              </lines>
            </method>
          </methods>
          <lines>
            <line number="20" hits="2" branch="false"/>
            <line number="23" hits="7" branch="false"/>
            <line number="27" hits="7" branch="false"/>
            <line number="30" hits="7" branch="false"/>
            <line number="31" hits="4" branch="true" condition-coverage="50% (1/2)"/>
            <line number="32" hits="0" branch="false"/>
            <line number="35" hits="4" branch="false"/>
            <line number="36" hits="4" branch="false"/>
            <line number="37" hits="4" branch="true" condition-coverage="100% (2/2)"/>
            <line number="40" hits="4" branch="false"/>
            <line number="41" hits="4" branch="false"/>
            <line number="43" hits="4" branch="false"/>
            <line number="47" hits="7" branch="true" condition-coverage="100% (2/2)"/>
            <line number="48" hits="7" branch="false"/>
            <line number="51" hits="7" branch="false"/>
            <line number="52" hits="7" branch="true" condition-coverage="75% (3/4)"/>
            <line number="53" hits="0" branch="false"/>
            <line number="56" hits="7" branch="false"/>
            <line number="57" hits="7" branch="false"/>
            <line number="58" hits="7" branch="false"/>
            <line number="60" hits="7" branch="false"/>
            <line number="61" hits="14" branch="true" condition-coverage="100% (2/2)"/>
            <line number="63" hits="7" branch="false"/>
            <line number="64" hits="14" branch="false"/>
            <line number="66" hits="14" branch="true" condition-coverage="100% (2/2)"/>
            <line number="67" hits="7" branch="false"/>
            <line number="68" hits="7" branch="true" condition-coverage="100% (2/2)"/>
            <line number="71" hits="7" branch="false"/>
            <line number="72" hits="7" branch="false"/>
            <line number="73" hits="7" branch="false"/>
            <line number="74" hits="7" branch="false"/>
            <line number="75" hits="7" branch="false"/>
            <line number="76" hits="7" branch="false"/>
            <line number="77" hits="7" branch="false"/>
            <line number="78" hits="7" branch="true" condition-coverage="50% (1/2)"/>
            <line number="79" hits="14" branch="false"/>
            <line number="81" hits="14" branch="false"/>
            <line number="82" hits="14" branch="false"/>
            <line number="86" hits="14" branch="true" condition-coverage="100% (2/2)"/>
            <line number="88" hits="7" branch="false"/>
            <line number="92" hits="7" branch="false"/>
            <line number="94" hits="14" branch="true" condition-coverage="100% (2/2)"/>
            <line number="97" hits="14" branch="false"/>
            <line number="98" hits="14" branch="true" condition-coverage="100% (2/2)"/>
            <line number="99" hits="6" branch="false"/>
            <line number="100" hits="6" branch="false"/>
            <line number="101" hits="6" branch="false"/>
            <line number="107" hits="6" branch="false"/>
            <line number="109" hits="14" branch="false"/>
            <line number="112" hits="7" branch="false"/>
            <line number="113" hits="7" branch="false"/>
            <line number="115" hits="7" branch="false"/>
            <line number="116" hits="7" branch="false"/>
            <line number="118" hits="7" branch="false"/>
            <line number="119" hits="7" branch="false"/>
            <line number="120" hits="7" branch="false"/>
            <line number="122" hits="7" branch="false"/>
            <line number="123" hits="7" branch="false"/>
            <line number="124" hits="7" branch="false"/>
            <line number="127" hits="7" branch="false"/>
            <line number="128" hits="2" branch="true" condition-coverage="100% (2/2)"/>
            <line number="129" hits="2" branch="false"/>
            <line number="132" hits="7" branch="false"/>
            <line number="142" hits="7" branch="false"/>
            <line number="143" hits="7" branch="true" condition-coverage="100% (2/2)"/>
            <line number="144" hits="2" branch="false"/>
            <line number="146" hits="5" branch="false"/>
          </lines>
        </class>
      </classes>
    </package>
    <package name="hooks" line-rate="0.9333" branch-rate="0.807">
      <classes>
        <class name="use100vh.ts" filename="src/hooks/use100vh.ts" line-rate="0.8887999999999999" branch-rate="0.75">
          <methods>
            <method name="use100vh" hits="8" signature="()V">
              <lines>
                <line number="3" hits="8"/>
              </lines>
            </method>
            <method name="(anonymous_1)" hits="8" signature="()V">
              <lines>
                <line number="4" hits="8"/>
              </lines>
            </method>
            <method name="(anonymous_2)" hits="12" signature="()V">
              <lines>
                <line number="9" hits="12"/>
              </lines>
            </method>
            <method name="(anonymous_3)" hits="8" signature="()V">
              <lines>
                <line number="17" hits="8"/>
              </lines>
            </method>
          </methods>
          <lines>
            <line number="4" hits="8" branch="false"/>
            <line number="5" hits="8" branch="true" condition-coverage="75% (3/4)"/>
            <line number="6" hits="0" branch="false"/>
            <line number="9" hits="8" branch="false"/>
            <line number="10" hits="12" branch="false"/>
            <line number="11" hits="12" branch="false"/>
            <line number="14" hits="8" branch="false"/>
            <line number="15" hits="8" branch="false"/>
            <line number="17" hits="8" branch="false"/>
          </lines>
        </class>
        <class name="useCrosshair.ts" filename="src/hooks/useCrosshair.ts" line-rate="0.909" branch-rate="0.8076000000000001">
          <methods>
            <method name="(anonymous_0)" hits="19" signature="()V">
              <lines>
                <line number="5" hits="19"/>
              </lines>
            </method>
            <method name="(anonymous_1)" hits="19" signature="()V">
              <lines>
                <line number="12" hits="19"/>
              </lines>
            </method>
            <method name="useCrosshair" hits="52" signature="()V">
              <lines>
                <line number="22" hits="52"/>
              </lines>
            </method>
            <method name="(anonymous_3)" hits="19" signature="()V">
              <lines>
                <line number="23" hits="19"/>
              </lines>
            </method>
            <method name="(anonymous_4)" hits="31" signature="()V">
              <lines>
                <line number="28" hits="31"/>
              </lines>
            </method>
            <method name="(anonymous_5)" hits="28" signature="()V">
              <lines>
                <line number="35" hits="28"/>
              </lines>
            </method>
            <method name="(anonymous_6)" hits="31" signature="()V">
              <lines>
                <line number="39" hits="31"/>
              </lines>
            </method>
            <method name="(anonymous_7)" hits="31" signature="()V">
              <lines>
                <line number="55" hits="31"/>
              </lines>
            </method>
            <method name="(anonymous_8)" hits="19" signature="()V">
              <lines>
                <line number="60" hits="19"/>
              </lines>
            </method>
            <method name="(anonymous_9)" hits="12" signature="()V">
              <lines>
                <line number="67" hits="12"/>
              </lines>
            </method>
            <method name="(anonymous_10)" hits="11" signature="()V">
              <lines>
                <line number="81" hits="11"/>
              </lines>
            </method>
            <method name="(anonymous_11)" hits="7" signature="()V">
              <lines>
                <line number="87" hits="7"/>
              </lines>
            </method>
            <method name="(anonymous_12)" hits="6" signature="()V">
              <lines>
                <line number="89" hits="6"/>
              </lines>
            </method>
            <method name="(anonymous_13)" hits="19" signature="()V">
              <lines>
                <line number="96" hits="19"/>
              </lines>
            </method>
            <method name="(anonymous_14)" hits="6" signature="()V">
              <lines>
                <line number="105" hits="6"/>
              </lines>
            </method>
            <method name="(anonymous_15)" hits="6" signature="()V">
              <lines>
                <line number="105" hits="6"/>
              </lines>
            </method>
          </methods>
          <lines>
            <line number="3" hits="1" branch="false"/>
            <line number="5" hits="1" branch="false"/>
            <line number="6" hits="19" branch="true" condition-coverage="75% (3/4)"/>
            <line number="7" hits="0" branch="false"/>
            <line number="9" hits="19" branch="true" condition-coverage="100% (2/2)"/>
            <line number="12" hits="1" branch="false"/>
            <line number="13" hits="19" branch="true" condition-coverage="50% (1/2)"/>
            <line number="14" hits="0" branch="false"/>
            <line number="16" hits="19" branch="false"/>
            <line number="23" hits="52" branch="false"/>
            <line number="24" hits="52" branch="false"/>
            <line number="25" hits="52" branch="false"/>
            <line number="26" hits="52" branch="false"/>
            <line number="28" hits="52" branch="false"/>
            <line number="29" hits="31" branch="false"/>
            <line number="30" hits="31" branch="true" condition-coverage="100% (2/2)"/>
            <line number="31" hits="22" branch="false"/>
            <line number="35" hits="52" branch="false"/>
            <line number="36" hits="28" branch="false"/>
            <line number="39" hits="52" branch="false"/>
            <line number="40" hits="31" branch="true" condition-coverage="50% (1/2)"/>
            <line number="41" hits="0" branch="false"/>
            <line number="44" hits="31" branch="false"/>
            <line number="45" hits="31" branch="true" condition-coverage="50% (1/2)"/>
            <line number="46" hits="0" branch="false"/>
            <line number="49" hits="31" branch="true" condition-coverage="100% (2/2)"/>
            <line number="50" hits="22" branch="false"/>
            <line number="52" hits="9" branch="false"/>
            <line number="55" hits="31" branch="false"/>
            <line number="56" hits="31" branch="false"/>
            <line number="60" hits="52" branch="false"/>
            <line number="61" hits="19" branch="true" condition-coverage="50% (1/2)"/>
            <line number="62" hits="0" branch="false"/>
            <line number="65" hits="19" branch="false"/>
            <line number="67" hits="19" branch="false"/>
            <line number="68" hits="12" branch="false"/>
            <line number="73" hits="12" branch="true" condition-coverage="100% (2/2)"/>
            <line number="74" hits="1" branch="false"/>
            <line number="77" hits="11" branch="true" condition-coverage="100% (2/2)"/>
            <line number="78" hits="5" branch="false"/>
            <line number="81" hits="11" branch="false"/>
            <line number="82" hits="11" branch="false"/>
            <line number="83" hits="11" branch="false"/>
            <line number="87" hits="19" branch="false"/>
            <line number="88" hits="7" branch="true" condition-coverage="100% (2/2)"/>
            <line number="89" hits="6" branch="false"/>
            <line number="93" hits="19" branch="false"/>
            <line number="94" hits="19" branch="false"/>
            <line number="96" hits="19" branch="false"/>
            <line number="97" hits="19" branch="false"/>
            <line number="98" hits="19" branch="false"/>
            <line number="99" hits="19" branch="true" condition-coverage="100% (2/2)"/>
            <line number="100" hits="6" branch="false"/>
            <line number="105" hits="52" branch="false"/>
            <line number="107" hits="52" branch="false"/>
          </lines>
        </class>
        <class name="useDebounce.ts" filename="src/hooks/useDebounce.ts" line-rate="1" branch-rate="1">
          <methods>
            <method name="useDebounce" hits="27" signature="()V">
              <lines>
                <line number="3" hits="27"/>
              </lines>
            </method>
            <method name="(anonymous_1)" hits="16" signature="()V">
              <lines>
                <line number="6" hits="16"/>
              </lines>
            </method>
            <method name="(anonymous_2)" hits="5" signature="()V">
              <lines>
                <line number="7" hits="5"/>
              </lines>
            </method>
            <method name="(anonymous_3)" hits="16" signature="()V">
              <lines>
                <line number="11" hits="16"/>
              </lines>
            </method>
          </methods>
          <lines>
            <line number="4" hits="27" branch="false"/>
            <line number="6" hits="27" branch="false"/>
            <line number="7" hits="16" branch="false"/>
            <line number="8" hits="5" branch="false"/>
            <line number="11" hits="16" branch="false"/>
            <line number="12" hits="16" branch="false"/>
            <line number="16" hits="27" branch="false"/>
          </lines>
        </class>
        <class name="useLocalStorage.ts" filename="src/hooks/useLocalStorage.ts" line-rate="0.9062" branch-rate="0.8125">
          <methods>
            <method name="(anonymous_0)" hits="130" signature="()V">
              <lines>
                <line number="3" hits="130"/>
              </lines>
            </method>
            <method name="useLocalStorage" hits="131" signature="()V">
              <lines>
                <line number="5" hits="131"/>
              </lines>
            </method>
            <method name="(anonymous_2)" hits="52" signature="()V">
              <lines>
                <line number="9" hits="52"/>
              </lines>
            </method>
            <method name="(anonymous_3)" hits="26" signature="()V">
              <lines>
                <line number="27" hits="26"/>
              </lines>
            </method>
            <method name="(anonymous_4)" hits="52" signature="()V">
              <lines>
                <line number="43" hits="52"/>
              </lines>
            </method>
            <method name="(anonymous_5)" hits="4" signature="()V">
              <lines>
                <line number="48" hits="4"/>
              </lines>
            </method>
            <method name="(anonymous_6)" hits="52" signature="()V">
              <lines>
                <line number="61" hits="52"/>
              </lines>
            </method>
          </methods>
          <lines>
            <line number="3" hits="130" branch="true" condition-coverage="100% (2/2)"/>
            <line number="9" hits="131" branch="false"/>
            <line number="10" hits="52" branch="true" condition-coverage="50% (1/2)"/>
            <line number="11" hits="0" branch="false"/>
            <line number="14" hits="52" branch="false"/>
            <line number="15" hits="52" branch="false"/>
            <line number="16" hits="52" branch="true" condition-coverage="100% (2/2)"/>
            <line number="18" hits="1" branch="false"/>
            <line number="19" hits="1" branch="false"/>
            <line number="23" hits="131" branch="false"/>
            <line number="24" hits="131" branch="false"/>
            <line number="25" hits="131" branch="false"/>
            <line number="27" hits="131" branch="false"/>
            <line number="29" hits="26" branch="true" condition-coverage="100% (2/2)"/>
            <line number="30" hits="26" branch="false"/>
            <line number="32" hits="26" branch="true" condition-coverage="50% (1/2)"/>
            <line number="33" hits="0" branch="false"/>
            <line number="36" hits="26" branch="false"/>
            <line number="37" hits="26" branch="false"/>
            <line number="39" hits="1" branch="false"/>
            <line number="43" hits="131" branch="false"/>
            <line number="44" hits="52" branch="true" condition-coverage="50% (1/2)"/>
            <line number="45" hits="0" branch="false"/>
            <line number="48" hits="52" branch="false"/>
            <line number="49" hits="4" branch="true" condition-coverage="100% (4/4)"/>
            <line number="50" hits="2" branch="false"/>
            <line number="53" hits="2" branch="false"/>
            <line number="54" hits="2" branch="false"/>
            <line number="56" hits="1" branch="false"/>
            <line number="60" hits="52" branch="false"/>
            <line number="61" hits="52" branch="false"/>
            <line number="64" hits="131" branch="false"/>
          </lines>
        </class>
        <class name="useReducedMotion.ts" filename="src/hooks/useReducedMotion.ts" line-rate="1" branch-rate="0.5">
          <methods>
            <method name="useReducedMotion" hits="6" signature="()V">
              <lines>
                <line number="3" hits="6"/>
              </lines>
            </method>
            <method name="(anonymous_1)" hits="4" signature="()V">
              <lines>
                <line number="4" hits="4"/>
              </lines>
            </method>
            <method name="(anonymous_2)" hits="4" signature="()V">
              <lines>
                <line number="10" hits="4"/>
              </lines>
            </method>
            <method name="(anonymous_3)" hits="1" signature="()V">
              <lines>
                <line number="13" hits="1"/>
              </lines>
            </method>
            <method name="(anonymous_4)" hits="4" signature="()V">
              <lines>
                <line number="18" hits="4"/>
              </lines>
            </method>
          </methods>
          <lines>
            <line number="4" hits="6" branch="false"/>
            <line number="5" hits="4" branch="true" condition-coverage="50% (1/2)"/>
            <line number="6" hits="4" branch="false"/>
            <line number="7" hits="4" branch="false"/>
            <line number="10" hits="6" branch="false"/>
            <line number="11" hits="4" branch="false"/>
            <line number="13" hits="4" branch="false"/>
            <line number="14" hits="1" branch="false"/>
            <line number="17" hits="4" branch="false"/>
            <line number="18" hits="4" branch="false"/>
            <line number="21" hits="6" branch="false"/>
          </lines>
        </class>
        <class name="useSidebar.ts" filename="src/hooks/useSidebar.ts" line-rate="1" branch-rate="1">
          <methods>
            <method name="useSidebar" hits="42" signature="()V">
              <lines>
                <line number="5" hits="42"/>
              </lines>
            </method>
            <method name="(anonymous_1)" hits="40" signature="()V">
              <lines>
                <line number="15" hits="40"/>
              </lines>
            </method>
            <method name="(anonymous_2)" hits="14" signature="()V">
              <lines>
                <line number="20" hits="14"/>
              </lines>
            </method>
            <method name="(anonymous_3)" hits="4" signature="()V">
              <lines>
                <line number="28" hits="4"/>
              </lines>
            </method>
            <method name="(anonymous_4)" hits="22" signature="()V">
              <lines>
                <line number="36" hits="22"/>
              </lines>
            </method>
            <method name="(anonymous_5)" hits="10" signature="()V">
              <lines>
                <line number="42" hits="10"/>
              </lines>
            </method>
          </methods>
          <lines>
            <line number="8" hits="42" branch="false"/>
            <line number="12" hits="42" branch="false"/>
            <line number="13" hits="42" branch="false"/>
            <line number="15" hits="42" branch="false"/>
            <line number="16" hits="40" branch="true" condition-coverage="100% (2/2)"/>
            <line number="17" hits="18" branch="false"/>
            <line number="20" hits="22" branch="false"/>
            <line number="21" hits="14" branch="false"/>
            <line number="25" hits="14" branch="false"/>
            <line number="28" hits="22" branch="false"/>
            <line number="29" hits="4" branch="false"/>
            <line number="30" hits="4" branch="false"/>
            <line number="33" hits="22" branch="false"/>
            <line number="34" hits="22" branch="false"/>
            <line number="36" hits="22" branch="false"/>
            <line number="37" hits="22" branch="false"/>
            <line number="38" hits="22" branch="false"/>
            <line number="42" hits="42" branch="false"/>
            <line number="44" hits="42" branch="false"/>
          </lines>
        </class>
        <class name="useWindowSize.ts" filename="src/hooks/useWindowSize.ts" line-rate="0.9411" branch-rate="0.8332999999999999">
          <methods>
            <method name="useWindowSize" hits="22" signature="()V">
              <lines>
                <line number="9" hits="22"/>
              </lines>
            </method>
            <method name="(anonymous_1)" hits="8" signature="()V">
              <lines>
                <line number="15" hits="8"/>
              </lines>
            </method>
            <method name="handleResize" hits="11" signature="()V">
              <lines>
                <line number="22" hits="11"/>
              </lines>
            </method>
            <method name="(anonymous_3)" hits="6" signature="()V">
              <lines>
                <line number="29" hits="6"/>
              </lines>
            </method>
            <method name="(anonymous_4)" hits="8" signature="()V">
              <lines>
                <line number="46" hits="8"/>
              </lines>
            </method>
          </methods>
          <lines>
            <line number="10" hits="22" branch="false"/>
            <line number="15" hits="22" branch="false"/>
            <line number="16" hits="8" branch="true" condition-coverage="50% (1/2)"/>
            <line number="17" hits="0" branch="false"/>
            <line number="20" hits="8" branch="false"/>
            <line number="24" hits="11" branch="true" condition-coverage="100% (2/2)"/>
            <line number="25" hits="3" branch="false"/>
            <line number="29" hits="11" branch="false"/>
            <line number="30" hits="6" branch="false"/>
            <line number="34" hits="6" branch="false"/>
            <line number="39" hits="8" branch="false"/>
            <line number="44" hits="8" branch="false"/>
            <line number="46" hits="8" branch="false"/>
            <line number="47" hits="8" branch="false"/>
            <line number="48" hits="8" branch="true" condition-coverage="100% (2/2)"/>
            <line number="49" hits="2" branch="false"/>
            <line number="54" hits="22" branch="false"/>
          </lines>
        </class>
      </classes>
    </package>
    <package name="utils" line-rate="0.9704999999999999" branch-rate="0.9365000000000001">
      <classes>
        <class name="frontmatter.ts" filename="src/utils/frontmatter.ts" line-rate="1" branch-rate="1">
          <methods>
            <method name="parseFrontmatter" hits="12" signature="()V">
              <lines>
                <line number="7" hits="12"/>
              </lines>
            </method>
            <method name="(anonymous_1)" hits="22" signature="()V">
              <lines>
                <line number="22" hits="22"/>
              </lines>
            </method>
          </methods>
          <lines>
            <line number="11" hits="12" branch="false"/>
            <line number="12" hits="12" branch="false"/>
            <line number="14" hits="12" branch="true" condition-coverage="100% (2/2)"/>
            <line number="15" hits="3" branch="false"/>
            <line number="18" hits="9" branch="false"/>
            <line number="19" hits="9" branch="false"/>
            <line number="22" hits="9" branch="false"/>
            <line number="23" hits="22" branch="false"/>
            <line number="24" hits="22" branch="true" condition-coverage="100% (2/2)"/>
            <line number="25" hits="21" branch="false"/>
            <line number="26" hits="21" branch="false"/>
            <line number="27" hits="21" branch="false"/>
            <line number="31" hits="9" branch="false"/>
          </lines>
        </class>
        <class name="navigation.ts" filename="src/utils/navigation.ts" line-rate="0.9545" branch-rate="0.8695">
          <methods>
            <method name="(anonymous_0)" hits="44" signature="()V">
              <lines>
                <line number="8" hits="44"/>
              </lines>
            </method>
            <method name="(anonymous_1)" hits="56" signature="()V">
              <lines>
                <line number="14" hits="56"/>
              </lines>
            </method>
            <method name="(anonymous_2)" hits="25" signature="()V">
              <lines>
                <line number="26" hits="25"/>
              </lines>
            </method>
            <method name="(anonymous_3)" hits="54" signature="()V">
              <lines>
                <line number="38" hits="54"/>
              </lines>
            </method>
            <method name="(anonymous_4)" hits="12" signature="()V">
              <lines>
                <line number="48" hits="12"/>
              </lines>
            </method>
            <method name="(anonymous_5)" hits="23" signature="()V">
              <lines>
                <line number="53" hits="23"/>
              </lines>
            </method>
            <method name="(anonymous_6)" hits="22" signature="()V">
              <lines>
                <line number="69" hits="22"/>
              </lines>
            </method>
            <method name="(anonymous_7)" hits="51" signature="()V">
              <lines>
                <line number="77" hits="51"/>
              </lines>
            </method>
          </methods>
          <lines>
            <line number="8" hits="4" branch="false"/>
            <line number="12" hits="44" branch="false"/>
            <line number="14" hits="44" branch="false"/>
            <line number="15" hits="56" branch="false"/>
            <line number="16" hits="56" branch="false"/>
            <line number="18" hits="56" branch="true" condition-coverage="100% (2/2)"/>
            <line number="19" hits="20" branch="false"/>
            <line number="23" hits="44" branch="false"/>
            <line number="26" hits="4" branch="false"/>
            <line number="30" hits="25" branch="true" condition-coverage="100% (2/2)"/>
            <line number="31" hits="1" branch="false"/>
            <line number="35" hits="24" branch="false"/>
            <line number="37" hits="24" branch="false"/>
            <line number="38" hits="54" branch="false"/>
            <line number="39" hits="41" branch="true" condition-coverage="100% (2/2)"/>
            <line number="40" hits="3" branch="false"/>
            <line number="42" hits="38" branch="true" condition-coverage="100% (2/2)"/>
            <line number="45" hits="21" branch="true" condition-coverage="50% (1/2)"/>
            <line number="48" hits="4" branch="false"/>
            <line number="52" hits="12" branch="false"/>
            <line number="53" hits="23" branch="false"/>
            <line number="59" hits="12" branch="false"/>
            <line number="60" hits="38" branch="false"/>
            <line number="61" hits="38" branch="true" condition-coverage="50% (1/2)"/>
            <line number="62" hits="0" branch="false"/>
            <line number="64" hits="38" branch="false"/>
            <line number="65" hits="38" branch="true" condition-coverage="100% (2/2)"/>
            <line number="66" hits="9" branch="false"/>
            <line number="69" hits="29" branch="false"/>
            <line number="70" hits="22" branch="false"/>
            <line number="74" hits="3" branch="false"/>
            <line number="77" hits="4" branch="false"/>
            <line number="81" hits="51" branch="true" condition-coverage="100% (2/2)"/>
            <line number="82" hits="1" branch="false"/>
            <line number="85" hits="50" branch="false"/>
            <line number="87" hits="50" branch="false"/>
            <line number="88" hits="131" branch="false"/>
            <line number="89" hits="131" branch="true" condition-coverage="50% (1/2)"/>
            <line number="90" hits="0" branch="false"/>
            <line number="92" hits="131" branch="true" condition-coverage="100% (2/2)"/>
            <line number="93" hits="40" branch="false"/>
            <line number="95" hits="91" branch="true" condition-coverage="100% (2/2)"/>
            <line number="96" hits="43" branch="false"/>
            <line number="100" hits="10" branch="false"/>
          </lines>
        </class>
        <class name="sortHelpers.ts" filename="src/utils/sortHelpers.ts" line-rate="0.9777" branch-rate="0.9722">
          <methods>
            <method name="(anonymous_0)" hits="12" signature="()V">
              <lines>
                <line number="8" hits="12"/>
              </lines>
            </method>
            <method name="(anonymous_1)" hits="208" signature="()V">
              <lines>
                <line number="13" hits="208"/>
              </lines>
            </method>
            <method name="(anonymous_2)" hits="88" signature="()V">
              <lines>
                <line number="15" hits="88"/>
              </lines>
            </method>
            <method name="(anonymous_3)" hits="38" signature="()V">
              <lines>
                <line number="33" hits="38"/>
              </lines>
            </method>
            <method name="(anonymous_4)" hits="11" signature="()V">
              <lines>
                <line number="44" hits="11"/>
              </lines>
            </method>
            <method name="(anonymous_5)" hits="44" signature="()V">
              <lines>
                <line number="47" hits="44"/>
              </lines>
            </method>
            <method name="(anonymous_6)" hits="6" signature="()V">
              <lines>
                <line number="71" hits="6"/>
              </lines>
            </method>
            <method name="(anonymous_7)" hits="20" signature="()V">
              <lines>
                <line number="77" hits="20"/>
              </lines>
            </method>
            <method name="(anonymous_8)" hits="6" signature="()V">
              <lines>
                <line number="80" hits="6"/>
              </lines>
            </method>
            <method name="(anonymous_9)" hits="6" signature="()V">
              <lines>
                <line number="89" hits="6"/>
              </lines>
            </method>
            <method name="(anonymous_10)" hits="12" signature="()V">
              <lines>
                <line number="95" hits="12"/>
              </lines>
            </method>
          </methods>
          <lines>
            <line number="3" hits="1" branch="false"/>
            <line number="8" hits="12" branch="false"/>
            <line number="10" hits="1" branch="false"/>
            <line number="11" hits="1" branch="false"/>
            <line number="13" hits="208" branch="false"/>
            <line number="15" hits="1" branch="false"/>
            <line number="16" hits="88" branch="false"/>
            <line number="17" hits="88" branch="true" condition-coverage="50% (1/2)"/>
            <line number="18" hits="0" branch="false"/>
            <line number="21" hits="88" branch="true" condition-coverage="100% (2/2)"/>
            <line number="22" hits="43" branch="false"/>
            <line number="25" hits="45" branch="false"/>
            <line number="26" hits="45" branch="true" condition-coverage="100% (2/2)"/>
            <line number="27" hits="22" branch="false"/>
            <line number="30" hits="23" branch="false"/>
            <line number="33" hits="1" branch="false"/>
            <line number="37" hits="38" branch="true" condition-coverage="100% (2/2)"/>
            <line number="38" hits="6" branch="false"/>
            <line number="40" hits="32" branch="true" condition-coverage="100% (2/2)"/>
            <line number="41" hits="38" branch="false"/>
            <line number="44" hits="1" branch="false"/>
            <line number="45" hits="11" branch="true" condition-coverage="100% (2/2)"/>
            <line number="47" hits="11" branch="false"/>
            <line number="48" hits="44" branch="false"/>
            <line number="49" hits="44" branch="false"/>
            <line number="51" hits="44" branch="false"/>
            <line number="52" hits="44" branch="false"/>
            <line number="53" hits="44" branch="false"/>
            <line number="54" hits="44" branch="false"/>
            <line number="56" hits="44" branch="true" condition-coverage="100% (4/4)"/>
            <line number="57" hits="25" branch="true" condition-coverage="100% (2/2)"/>
            <line number="58" hits="24" branch="false"/>
            <line number="60" hits="1" branch="false"/>
            <line number="63" hits="19" branch="true" condition-coverage="100% (2/2)"/>
            <line number="64" hits="15" branch="true" condition-coverage="100% (2/2)"/>
            <line number="67" hits="4" branch="false"/>
            <line number="71" hits="1" branch="false"/>
            <line number="76" hits="6" branch="false"/>
            <line number="77" hits="20" branch="false"/>
            <line number="80" hits="1" branch="false"/>
            <line number="85" hits="6" branch="true" condition-coverage="100% (4/4)"/>
            <line number="89" hits="1" branch="false"/>
            <line number="93" hits="6" branch="true" condition-coverage="100% (4/4)"/>
            <line number="95" hits="1" branch="false"/>
            <line number="96" hits="12" branch="true" condition-coverage="100% (3/3)"/>
          </lines>
        </class>
      </classes>
    </package>
  </packages>
</coverage>
