{"/Users/cervantes/website/lum.bio/src/components/layout/StatusBar.tsx": {"path":"/Users/cervantes/website/lum.bio/src/components/layout/StatusBar.tsx","statementMap":{"0":{"start":{"line":9,"column":2},"end":{"line":9,"column":null}},"1":{"start":{"line":11,"column":20},"end":{"line":11,"column":null}},"2":{"start":{"line":13,"column":28},"end":{"line":219,"column":null}},"3":{"start":{"line":14,"column":22},"end":{"line":14,"column":null}},"4":{"start":{"line":15,"column":65},"end":{"line":16,"column":null}},"5":{"start":{"line":17,"column":22},"end":{"line":17,"column":null}},"6":{"start":{"line":19,"column":8},"end":{"line":34,"column":null}},"7":{"start":{"line":20,"column":4},"end":{"line":26,"column":null}},"8":{"start":{"line":21,"column":6},"end":{"line":24,"column":null}},"9":{"start":{"line":28,"column":4},"end":{"line":31,"column":null}},"10":{"start":{"line":29,"column":44},"end":{"line":29,"column":null}},"11":{"start":{"line":30,"column":6},"end":{"line":30,"column":null}},"12":{"start":{"line":33,"column":4},"end":{"line":33,"column":null}},"13":{"start":{"line":36,"column":8},"end":{"line":36,"column":null}},"14":{"start":{"line":36,"column":30},"end":{"line":36,"column":62}},"15":{"start":{"line":38,"column":8},"end":{"line":40,"column":null}},"16":{"start":{"line":39,"column":4},"end":{"line":39,"column":null}},"17":{"start":{"line":42,"column":8},"end":{"line":44,"column":null}},"18":{"start":{"line":43,"column":4},"end":{"line":43,"column":null}},"19":{"start":{"line":46,"column":8},"end":{"line":84,"column":null}},"20":{"start":{"line":48,"column":6},"end":{"line":82,"column":null}},"21":{"start":{"line":49,"column":14},"end":{"line":49,"column":null}},"22":{"start":{"line":51,"column":8},"end":{"line":61,"column":null}},"23":{"start":{"line":52,"column":10},"end":{"line":59,"column":null}},"24":{"start":{"line":63,"column":31},"end":{"line":63,"column":null}},"25":{"start":{"line":64,"column":8},"end":{"line":66,"column":null}},"26":{"start":{"line":65,"column":10},"end":{"line":65,"column":null}},"27":{"start":{"line":67,"column":8},"end":{"line":69,"column":null}},"28":{"start":{"line":68,"column":10},"end":{"line":68,"column":null}},"29":{"start":{"line":71,"column":8},"end":{"line":80,"column":null}},"30":{"start":{"line":87,"column":4},"end":{"line":87,"column":null}},"31":{"start":{"line":89,"column":25},"end":{"line":93,"column":null}},"32":{"start":{"line":95,"column":26},"end":{"line":101,"column":null}},"33":{"start":{"line":103,"column":2},"end":{"line":217,"column":null}}},"fnMap":{"0":{"name":"(anonymous_0)","decl":{"start":{"line":13,"column":28},"end":{"line":13,"column":34}},"loc":{"start":{"line":13,"column":34},"end":{"line":219,"column":null}},"line":13},"1":{"name":"(anonymous_1)","decl":{"start":{"line":19,"column":28},"end":{"line":19,"column":34}},"loc":{"start":{"line":19,"column":34},"end":{"line":34,"column":5}},"line":19},"2":{"name":"(anonymous_2)","decl":{"start":{"line":36,"column":30},"end":{"line":36,"column":36}},"loc":{"start":{"line":36,"column":30},"end":{"line":36,"column":62}},"line":36},"3":{"name":"(anonymous_3)","decl":{"start":{"line":38,"column":44},"end":{"line":38,"column":50}},"loc":{"start":{"line":38,"column":50},"end":{"line":40,"column":5}},"line":38},"4":{"name":"(anonymous_4)","decl":{"start":{"line":42,"column":44},"end":{"line":42,"column":50}},"loc":{"start":{"line":42,"column":50},"end":{"line":44,"column":5}},"line":42},"5":{"name":"(anonymous_5)","decl":{"start":{"line":47,"column":4},"end":{"line":47,"column":null}},"loc":{"start":{"line":48,"column":6},"end":{"line":82,"column":null}},"line":48},"6":{"name":"(anonymous_6)","decl":{"start":{"line":48,"column":18},"end":{"line":48,"column":28}},"loc":{"start":{"line":48,"column":28},"end":{"line":82,"column":7}},"line":48}},"branchMap":{"0":{"loc":{"start":{"line":20,"column":4},"end":{"line":26,"column":null}},"type":"if","locations":[{"start":{"line":20,"column":4},"end":{"line":26,"column":null}},{"start":{},"end":{}}],"line":20},"1":{"loc":{"start":{"line":28,"column":4},"end":{"line":31,"column":null}},"type":"if","locations":[{"start":{"line":28,"column":4},"end":{"line":31,"column":null}},{"start":{},"end":{}}],"line":28},"2":{"loc":{"start":{"line":29,"column":14},"end":{"line":29,"column":26}},"type":"default-arg","locations":[{"start":{"line":29,"column":22},"end":{"line":29,"column":26}}],"line":29},"3":{"loc":{"start":{"line":29,"column":26},"end":{"line":29,"column":40}},"type":"default-arg","locations":[{"start":{"line":29,"column":37},"end":{"line":29,"column":40}}],"line":29},"4":{"loc":{"start":{"line":51,"column":8},"end":{"line":61,"column":null}},"type":"if","locations":[{"start":{"line":51,"column":8},"end":{"line":61,"column":null}},{"start":{},"end":{}}],"line":51},"5":{"loc":{"start":{"line":64,"column":8},"end":{"line":66,"column":null}},"type":"if","locations":[{"start":{"line":64,"column":8},"end":{"line":66,"column":null}},{"start":{},"end":{}}],"line":64},"6":{"loc":{"start":{"line":67,"column":8},"end":{"line":69,"column":null}},"type":"if","locations":[{"start":{"line":67,"column":8},"end":{"line":69,"column":null}},{"start":{},"end":{}}],"line":67},"7":{"loc":{"start":{"line":75,"column":20},"end":{"line":75,"column":null}},"type":"cond-expr","locations":[{"start":{"line":75,"column":41},"end":{"line":75,"column":52}},{"start":{"line":75,"column":52},"end":{"line":75,"column":null}}],"line":75},"8":{"loc":{"start":{"line":76,"column":17},"end":{"line":76,"column":null}},"type":"cond-expr","locations":[{"start":{"line":76,"column":38},"end":{"line":76,"column":62}},{"start":{"line":76,"column":62},"end":{"line":76,"column":null}}],"line":76},"9":{"loc":{"start":{"line":87,"column":4},"end":{"line":87,"column":null}},"type":"cond-expr","locations":[{"start":{"line":87,"column":43},"end":{"line":87,"column":55}},{"start":{"line":87,"column":55},"end":{"line":87,"column":null}}],"line":87},"10":{"loc":{"start":{"line":89,"column":25},"end":{"line":93,"column":null}},"type":"cond-expr","locations":[{"start":{"line":90,"column":6},"end":{"line":90,"column":null}},{"start":{"line":91,"column":6},"end":{"line":93,"column":null}}],"line":89},"11":{"loc":{"start":{"line":92,"column":8},"end":{"line":92,"column":null}},"type":"binary-expr","locations":[{"start":{"line":92,"column":8},"end":{"line":92,"column":34}},{"start":{"line":92,"column":34},"end":{"line":92,"column":null}}],"line":92},"12":{"loc":{"start":{"line":95,"column":26},"end":{"line":101,"column":null}},"type":"cond-expr","locations":[{"start":{"line":96,"column":6},"end":{"line":100,"column":null}},{"start":{"line":101,"column":6},"end":{"line":101,"column":null}}],"line":95},"13":{"loc":{"start":{"line":96,"column":25},"end":{"line":96,"column":74}},"type":"binary-expr","locations":[{"start":{"line":96,"column":25},"end":{"line":96,"column":65}},{"start":{"line":96,"column":65},"end":{"line":96,"column":74}}],"line":96},"14":{"loc":{"start":{"line":99,"column":8},"end":{"line":99,"column":null}},"type":"binary-expr","locations":[{"start":{"line":99,"column":8},"end":{"line":99,"column":49}},{"start":{"line":99,"column":49},"end":{"line":99,"column":null}}],"line":99},"15":{"loc":{"start":{"line":117,"column":12},"end":{"line":119,"column":null}},"type":"cond-expr","locations":[{"start":{"line":118,"column":16},"end":{"line":118,"column":null}},{"start":{"line":119,"column":16},"end":{"line":119,"column":null}}],"line":117},"16":{"loc":{"start":{"line":122,"column":12},"end":{"line":124,"column":null}},"type":"cond-expr","locations":[{"start":{"line":123,"column":16},"end":{"line":123,"column":null}},{"start":{"line":124,"column":16},"end":{"line":124,"column":null}}],"line":122},"17":{"loc":{"start":{"line":127,"column":12},"end":{"line":127,"column":57}},"type":"cond-expr","locations":[{"start":{"line":127,"column":35},"end":{"line":127,"column":47}},{"start":{"line":127,"column":47},"end":{"line":127,"column":57}}],"line":127},"18":{"loc":{"start":{"line":137,"column":12},"end":{"line":139,"column":null}},"type":"cond-expr","locations":[{"start":{"line":138,"column":16},"end":{"line":138,"column":null}},{"start":{"line":139,"column":16},"end":{"line":139,"column":null}}],"line":137},"19":{"loc":{"start":{"line":142,"column":12},"end":{"line":144,"column":null}},"type":"cond-expr","locations":[{"start":{"line":143,"column":16},"end":{"line":143,"column":null}},{"start":{"line":144,"column":16},"end":{"line":144,"column":null}}],"line":142},"20":{"loc":{"start":{"line":147,"column":12},"end":{"line":147,"column":66}},"type":"cond-expr","locations":[{"start":{"line":147,"column":44},"end":{"line":147,"column":56}},{"start":{"line":147,"column":56},"end":{"line":147,"column":66}}],"line":147},"21":{"loc":{"start":{"line":167,"column":12},"end":{"line":169,"column":null}},"type":"cond-expr","locations":[{"start":{"line":168,"column":16},"end":{"line":168,"column":null}},{"start":{"line":169,"column":16},"end":{"line":169,"column":null}}],"line":167},"22":{"loc":{"start":{"line":172,"column":21},"end":{"line":172,"column":null}},"type":"cond-expr","locations":[{"start":{"line":172,"column":45},"end":{"line":172,"column":56}},{"start":{"line":172,"column":56},"end":{"line":172,"column":null}}],"line":172},"23":{"loc":{"start":{"line":175,"column":12},"end":{"line":175,"column":67}},"type":"cond-expr","locations":[{"start":{"line":175,"column":36},"end":{"line":175,"column":49}},{"start":{"line":175,"column":49},"end":{"line":175,"column":67}}],"line":175},"24":{"loc":{"start":{"line":177,"column":9},"end":{"line":189,"column":null}},"type":"binary-expr","locations":[{"start":{"line":177,"column":9},"end":{"line":177,"column":null}},{"start":{"line":178,"column":10},"end":{"line":189,"column":null}}],"line":177}},"s":{"0":7,"1":7,"2":7,"3":7,"4":7,"5":7,"6":7,"7":7,"8":5,"9":2,"10":1,"11":1,"12":1,"13":7,"14":7,"15":7,"16":1,"17":7,"18":1,"19":7,"20":7,"21":8,"22":8,"23":1,"24":7,"25":7,"26":6,"27":7,"28":1,"29":7,"30":7,"31":7,"32":7,"33":7},"f":{"0":7,"1":7,"2":7,"3":1,"4":1,"5":7,"6":8},"b":{"0":[5,2],"1":[1,1],"2":[1],"3":[1],"4":[1,7],"5":[6,1],"6":[1,6],"7":[1,6],"8":[1,6],"9":[7,0],"10":[6,1],"11":[1,0],"12":[1,6],"13":[1,0],"14":[1,0],"15":[6,1],"16":[6,1],"17":[6,1],"18":[6,1],"19":[6,1],"20":[6,1],"21":[6,1],"22":[6,1],"23":[6,1],"24":[7,1]},"meta":{"lastBranch":25,"lastFunction":7,"lastStatement":34,"seen":{"s:9:2:9:Infinity":0,"s:11:20:11:Infinity":1,"s:13:28:219:Infinity":2,"f:13:28:13:34":0,"s:14:22:14:Infinity":3,"s:15:65:16:Infinity":4,"s:17:22:17:Infinity":5,"s:19:8:34:Infinity":6,"f:19:28:19:34":1,"b:20:4:26:Infinity:undefined:undefined:undefined:undefined":0,"s:20:4:26:Infinity":7,"s:21:6:24:Infinity":8,"b:28:4:31:Infinity:undefined:undefined:undefined:undefined":1,"s:28:4:31:Infinity":9,"s:29:44:29:Infinity":10,"b:29:22:29:26":2,"b:29:37:29:40":3,"s:30:6:30:Infinity":11,"s:33:4:33:Infinity":12,"s:36:8:36:Infinity":13,"f:36:30:36:36":2,"s:36:30:36:62":14,"s:38:8:40:Infinity":15,"f:38:44:38:50":3,"s:39:4:39:Infinity":16,"s:42:8:44:Infinity":17,"f:42:44:42:50":4,"s:43:4:43:Infinity":18,"s:46:8:84:Infinity":19,"f:47:4:47:Infinity":5,"s:48:6:82:Infinity":20,"f:48:18:48:28":6,"s:49:14:49:Infinity":21,"b:51:8:61:Infinity:undefined:undefined:undefined:undefined":4,"s:51:8:61:Infinity":22,"s:52:10:59:Infinity":23,"s:63:31:63:Infinity":24,"b:64:8:66:Infinity:undefined:undefined:undefined:undefined":5,"s:64:8:66:Infinity":25,"s:65:10:65:Infinity":26,"b:67:8:69:Infinity:undefined:undefined:undefined:undefined":6,"s:67:8:69:Infinity":27,"s:68:10:68:Infinity":28,"s:71:8:80:Infinity":29,"b:75:41:75:52:75:52:75:Infinity":7,"b:76:38:76:62:76:62:76:Infinity":8,"s:87:4:87:Infinity":30,"b:87:43:87:55:87:55:87:Infinity":9,"s:89:25:93:Infinity":31,"b:90:6:90:Infinity:91:6:93:Infinity":10,"b:92:8:92:34:92:34:92:Infinity":11,"s:95:26:101:Infinity":32,"b:96:6:100:Infinity:101:6:101:Infinity":12,"b:96:25:96:65:96:65:96:74":13,"b:99:8:99:49:99:49:99:Infinity":14,"s:103:2:217:Infinity":33,"b:118:16:118:Infinity:119:16:119:Infinity":15,"b:123:16:123:Infinity:124:16:124:Infinity":16,"b:127:35:127:47:127:47:127:57":17,"b:138:16:138:Infinity:139:16:139:Infinity":18,"b:143:16:143:Infinity:144:16:144:Infinity":19,"b:147:44:147:56:147:56:147:66":20,"b:168:16:168:Infinity:169:16:169:Infinity":21,"b:172:45:172:56:172:56:172:Infinity":22,"b:175:36:175:49:175:49:175:67":23,"b:177:9:177:Infinity:178:10:189:Infinity":24}}}
,"/Users/cervantes/website/lum.bio/src/config/accessibility.ts": {"path":"/Users/cervantes/website/lum.bio/src/config/accessibility.ts","statementMap":{"0":{"start":{"line":4,"column":31},"end":{"line":4,"column":null}}},"fnMap":{},"branchMap":{},"s":{"0":2},"f":{},"b":{},"meta":{"lastBranch":0,"lastFunction":0,"lastStatement":1,"seen":{"s:4:31:4:Infinity":0}}}
,"/Users/cervantes/website/lum.bio/src/config/constants.ts": {"path":"/Users/cervantes/website/lum.bio/src/config/constants.ts","statementMap":{"0":{"start":{"line":8,"column":27},"end":{"line":13,"column":null}},"1":{"start":{"line":18,"column":31},"end":{"line":23,"column":null}},"2":{"start":{"line":28,"column":35},"end":{"line":32,"column":null}},"3":{"start":{"line":37,"column":28},"end":{"line":46,"column":null}},"4":{"start":{"line":51,"column":28},"end":{"line":56,"column":null}},"5":{"start":{"line":61,"column":30},"end":{"line":66,"column":null}},"6":{"start":{"line":71,"column":28},"end":{"line":80,"column":null}},"7":{"start":{"line":85,"column":33},"end":{"line":92,"column":null}}},"fnMap":{},"branchMap":{},"s":{"0":6,"1":6,"2":6,"3":6,"4":6,"5":6,"6":6,"7":6},"f":{},"b":{},"meta":{"lastBranch":0,"lastFunction":0,"lastStatement":8,"seen":{"s:8:27:13:Infinity":0,"s:18:31:23:Infinity":1,"s:28:35:32:Infinity":2,"s:37:28:46:Infinity":3,"s:51:28:56:Infinity":4,"s:61:30:66:Infinity":5,"s:71:28:80:Infinity":6,"s:85:33:92:Infinity":7}}}
,"/Users/cervantes/website/lum.bio/src/contexts/NavigationContext.tsx": {"path":"/Users/cervantes/website/lum.bio/src/contexts/NavigationContext.tsx","statementMap":{"0":{"start":{"line":40,"column":6},"end":{"line":42,"column":null}},"1":{"start":{"line":45,"column":44},"end":{"line":45,"column":null}},"2":{"start":{"line":46,"column":36},"end":{"line":46,"column":null}},"3":{"start":{"line":47,"column":36},"end":{"line":47,"column":null}},"4":{"start":{"line":48,"column":40},"end":{"line":48,"column":null}},"5":{"start":{"line":49,"column":44},"end":{"line":49,"column":null}},"6":{"start":{"line":50,"column":40},"end":{"line":50,"column":null}},"7":{"start":{"line":51,"column":40},"end":{"line":51,"column":null}},"8":{"start":{"line":54,"column":8},"end":{"line":57,"column":null}},"9":{"start":{"line":55,"column":4},"end":{"line":55,"column":null}},"10":{"start":{"line":59,"column":8},"end":{"line":59,"column":null}},"11":{"start":{"line":59,"column":35},"end":{"line":59,"column":53}},"12":{"start":{"line":61,"column":8},"end":{"line":79,"column":null}},"13":{"start":{"line":63,"column":6},"end":{"line":77,"column":null}},"14":{"start":{"line":64,"column":8},"end":{"line":66,"column":null}},"15":{"start":{"line":65,"column":10},"end":{"line":65,"column":null}},"16":{"start":{"line":68,"column":14},"end":{"line":68,"column":null}},"17":{"start":{"line":69,"column":8},"end":{"line":71,"column":null}},"18":{"start":{"line":70,"column":10},"end":{"line":70,"column":null}},"19":{"start":{"line":72,"column":21},"end":{"line":72,"column":null}},"20":{"start":{"line":72,"column":49},"end":{"line":72,"column":68}},"21":{"start":{"line":73,"column":8},"end":{"line":75,"column":null}},"22":{"start":{"line":74,"column":10},"end":{"line":74,"column":null}},"23":{"start":{"line":76,"column":8},"end":{"line":76,"column":null}},"24":{"start":{"line":81,"column":8},"end":{"line":81,"column":null}},"25":{"start":{"line":81,"column":35},"end":{"line":81,"column":58}},"26":{"start":{"line":84,"column":2},"end":{"line":124,"column":null}},"27":{"start":{"line":85,"column":4},"end":{"line":85,"column":null}},"28":{"start":{"line":85,"column":23},"end":{"line":85,"column":null}},"29":{"start":{"line":87,"column":24},"end":{"line":87,"column":null}},"30":{"start":{"line":88,"column":4},"end":{"line":91,"column":null}},"31":{"start":{"line":89,"column":6},"end":{"line":89,"column":null}},"32":{"start":{"line":90,"column":6},"end":{"line":90,"column":null}},"33":{"start":{"line":93,"column":21},"end":{"line":93,"column":null}},"34":{"start":{"line":95,"column":4},"end":{"line":98,"column":null}},"35":{"start":{"line":96,"column":6},"end":{"line":96,"column":null}},"36":{"start":{"line":97,"column":6},"end":{"line":97,"column":null}},"37":{"start":{"line":101,"column":4},"end":{"line":110,"column":null}},"38":{"start":{"line":102,"column":21},"end":{"line":102,"column":null}},"39":{"start":{"line":103,"column":19},"end":{"line":103,"column":null}},"40":{"start":{"line":103,"column":44},"end":{"line":103,"column":59}},"41":{"start":{"line":104,"column":6},"end":{"line":107,"column":null}},"42":{"start":{"line":105,"column":8},"end":{"line":105,"column":null}},"43":{"start":{"line":106,"column":8},"end":{"line":106,"column":null}},"44":{"start":{"line":108,"column":6},"end":{"line":108,"column":null}},"45":{"start":{"line":109,"column":6},"end":{"line":109,"column":null}},"46":{"start":{"line":113,"column":4},"end":{"line":121,"column":null}},"47":{"start":{"line":114,"column":24},"end":{"line":114,"column":null}},"48":{"start":{"line":116,"column":12},"end":{"line":116,"column":null}},"49":{"start":{"line":117,"column":6},"end":{"line":120,"column":null}},"50":{"start":{"line":118,"column":8},"end":{"line":118,"column":null}},"51":{"start":{"line":119,"column":8},"end":{"line":119,"column":null}},"52":{"start":{"line":123,"column":4},"end":{"line":123,"column":null}},"53":{"start":{"line":127,"column":2},"end":{"line":155,"column":null}},"54":{"start":{"line":128,"column":4},"end":{"line":128,"column":null}},"55":{"start":{"line":128,"column":24},"end":{"line":128,"column":null}},"56":{"start":{"line":130,"column":4},"end":{"line":135,"column":null}},"57":{"start":{"line":131,"column":6},"end":{"line":133,"column":null}},"58":{"start":{"line":132,"column":8},"end":{"line":132,"column":null}},"59":{"start":{"line":134,"column":6},"end":{"line":134,"column":null}},"60":{"start":{"line":137,"column":24},"end":{"line":137,"column":null}},"61":{"start":{"line":140,"column":17},"end":{"line":140,"column":null}},"62":{"start":{"line":140,"column":42},"end":{"line":140,"column":62}},"63":{"start":{"line":141,"column":4},"end":{"line":147,"column":null}},"64":{"start":{"line":142,"column":18},"end":{"line":142,"column":null}},"65":{"start":{"line":143,"column":6},"end":{"line":145,"column":null}},"66":{"start":{"line":144,"column":8},"end":{"line":144,"column":null}},"67":{"start":{"line":146,"column":6},"end":{"line":146,"column":null}},"68":{"start":{"line":150,"column":23},"end":{"line":150,"column":null}},"69":{"start":{"line":151,"column":16},"end":{"line":151,"column":null}},"70":{"start":{"line":152,"column":4},"end":{"line":154,"column":null}},"71":{"start":{"line":153,"column":6},"end":{"line":153,"column":null}},"72":{"start":{"line":157,"column":21},"end":{"line":168,"column":null}},"73":{"start":{"line":160,"column":6},"end":{"line":160,"column":null}},"74":{"start":{"line":161,"column":4},"end":{"line":163,"column":null}},"75":{"start":{"line":162,"column":6},"end":{"line":162,"column":null}},"76":{"start":{"line":164,"column":10},"end":{"line":165,"column":null}},"77":{"start":{"line":166,"column":4},"end":{"line":166,"column":null}},"78":{"start":{"line":167,"column":4},"end":{"line":167,"column":null}},"79":{"start":{"line":170,"column":24},"end":{"line":177,"column":null}},"80":{"start":{"line":171,"column":4},"end":{"line":173,"column":null}},"81":{"start":{"line":172,"column":6},"end":{"line":172,"column":null}},"82":{"start":{"line":174,"column":4},"end":{"line":176,"column":null}},"83":{"start":{"line":179,"column":19},"end":{"line":184,"column":null}},"84":{"start":{"line":180,"column":21},"end":{"line":180,"column":null}},"85":{"start":{"line":181,"column":21},"end":{"line":181,"column":null}},"86":{"start":{"line":182,"column":4},"end":{"line":182,"column":null}},"87":{"start":{"line":183,"column":4},"end":{"line":183,"column":null}},"88":{"start":{"line":186,"column":21},"end":{"line":192,"column":null}},"89":{"start":{"line":187,"column":4},"end":{"line":191,"column":null}},"90":{"start":{"line":188,"column":6},"end":{"line":188,"column":null}},"91":{"start":{"line":189,"column":4},"end":{"line":191,"column":null}},"92":{"start":{"line":190,"column":6},"end":{"line":190,"column":null}},"93":{"start":{"line":194,"column":23},"end":{"line":221,"column":null}},"94":{"start":{"line":195,"column":4},"end":{"line":197,"column":null}},"95":{"start":{"line":196,"column":6},"end":{"line":196,"column":null}},"96":{"start":{"line":199,"column":21},"end":{"line":199,"column":null}},"97":{"start":{"line":201,"column":4},"end":{"line":204,"column":null}},"98":{"start":{"line":202,"column":6},"end":{"line":202,"column":null}},"99":{"start":{"line":203,"column":6},"end":{"line":203,"column":null}},"100":{"start":{"line":206,"column":21},"end":{"line":206,"column":null}},"101":{"start":{"line":208,"column":10},"end":{"line":208,"column":null}},"102":{"start":{"line":209,"column":4},"end":{"line":212,"column":null}},"103":{"start":{"line":210,"column":6},"end":{"line":210,"column":null}},"104":{"start":{"line":211,"column":6},"end":{"line":211,"column":null}},"105":{"start":{"line":214,"column":17},"end":{"line":214,"column":null}},"106":{"start":{"line":214,"column":45},"end":{"line":214,"column":65}},"107":{"start":{"line":215,"column":4},"end":{"line":218,"column":null}},"108":{"start":{"line":216,"column":6},"end":{"line":216,"column":null}},"109":{"start":{"line":217,"column":6},"end":{"line":217,"column":null}},"110":{"start":{"line":220,"column":4},"end":{"line":220,"column":null}},"111":{"start":{"line":223,"column":22},"end":{"line":226,"column":null}},"112":{"start":{"line":224,"column":4},"end":{"line":224,"column":null}},"113":{"start":{"line":225,"column":4},"end":{"line":225,"column":null}},"114":{"start":{"line":228,"column":33},"end":{"line":248,"column":null}},"115":{"start":{"line":229,"column":4},"end":{"line":232,"column":null}},"116":{"start":{"line":230,"column":6},"end":{"line":230,"column":null}},"117":{"start":{"line":231,"column":6},"end":{"line":231,"column":null}},"118":{"start":{"line":234,"column":23},"end":{"line":234,"column":null}},"119":{"start":{"line":235,"column":21},"end":{"line":235,"column":null}},"120":{"start":{"line":238,"column":10},"end":{"line":238,"column":null}},"121":{"start":{"line":239,"column":4},"end":{"line":242,"column":null}},"122":{"start":{"line":240,"column":6},"end":{"line":240,"column":null}},"123":{"start":{"line":241,"column":6},"end":{"line":241,"column":null}},"124":{"start":{"line":244,"column":17},"end":{"line":244,"column":null}},"125":{"start":{"line":244,"column":45},"end":{"line":244,"column":65}},"126":{"start":{"line":245,"column":4},"end":{"line":247,"column":null}},"127":{"start":{"line":246,"column":6},"end":{"line":246,"column":null}},"128":{"start":{"line":250,"column":23},"end":{"line":255,"column":null}},"129":{"start":{"line":251,"column":18},"end":{"line":251,"column":null}},"130":{"start":{"line":251,"column":44},"end":{"line":251,"column":64}},"131":{"start":{"line":252,"column":4},"end":{"line":252,"column":null}},"132":{"start":{"line":253,"column":4},"end":{"line":253,"column":null}},"133":{"start":{"line":254,"column":4},"end":{"line":254,"column":null}},"134":{"start":{"line":257,"column":24},"end":{"line":261,"column":null}},"135":{"start":{"line":258,"column":4},"end":{"line":258,"column":null}},"136":{"start":{"line":259,"column":4},"end":{"line":259,"column":null}},"137":{"start":{"line":260,"column":4},"end":{"line":260,"column":null}},"138":{"start":{"line":263,"column":30},"end":{"line":268,"column":null}},"139":{"start":{"line":264,"column":4},"end":{"line":264,"column":null}},"140":{"start":{"line":264,"column":38},"end":{"line":264,"column":null}},"141":{"start":{"line":265,"column":10},"end":{"line":265,"column":null}},"142":{"start":{"line":266,"column":4},"end":{"line":266,"column":null}},"143":{"start":{"line":267,"column":4},"end":{"line":267,"column":null}},"144":{"start":{"line":270,"column":30},"end":{"line":276,"column":null}},"145":{"start":{"line":271,"column":4},"end":{"line":271,"column":null}},"146":{"start":{"line":271,"column":38},"end":{"line":271,"column":null}},"147":{"start":{"line":272,"column":10},"end":{"line":273,"column":null}},"148":{"start":{"line":274,"column":4},"end":{"line":274,"column":null}},"149":{"start":{"line":275,"column":4},"end":{"line":275,"column":null}},"150":{"start":{"line":278,"column":2},"end":{"line":300,"column":null}},"151":{"start":{"line":305,"column":8},"end":{"line":305,"column":null}},"152":{"start":{"line":306,"column":2},"end":{"line":308,"column":null}},"153":{"start":{"line":307,"column":4},"end":{"line":307,"column":null}},"154":{"start":{"line":309,"column":2},"end":{"line":309,"column":null}}},"fnMap":{"0":{"name":"NavigationProvider","decl":{"start":{"line":44,"column":16},"end":{"line":44,"column":35}},"loc":{"start":{"line":44,"column":74},"end":{"line":302,"column":null}},"line":44},"1":{"name":"(anonymous_1)","decl":{"start":{"line":55,"column":4},"end":{"line":55,"column":10}},"loc":{"start":{"line":55,"column":4},"end":{"line":55,"column":null}},"line":55},"2":{"name":"(anonymous_2)","decl":{"start":{"line":59,"column":29},"end":{"line":59,"column":35}},"loc":{"start":{"line":59,"column":35},"end":{"line":59,"column":53}},"line":59},"3":{"name":"(anonymous_3)","decl":{"start":{"line":62,"column":4},"end":{"line":62,"column":null}},"loc":{"start":{"line":63,"column":6},"end":{"line":77,"column":null}},"line":63},"4":{"name":"(anonymous_4)","decl":{"start":{"line":63,"column":22},"end":{"line":63,"column":23}},"loc":{"start":{"line":63,"column":42},"end":{"line":77,"column":7}},"line":63},"5":{"name":"(anonymous_5)","decl":{"start":{"line":72,"column":41},"end":{"line":72,"column":49}},"loc":{"start":{"line":72,"column":49},"end":{"line":72,"column":68}},"line":72},"6":{"name":"(anonymous_6)","decl":{"start":{"line":81,"column":29},"end":{"line":81,"column":35}},"loc":{"start":{"line":81,"column":35},"end":{"line":81,"column":58}},"line":81},"7":{"name":"(anonymous_7)","decl":{"start":{"line":84,"column":12},"end":{"line":84,"column":18}},"loc":{"start":{"line":84,"column":18},"end":{"line":124,"column":5}},"line":84},"8":{"name":"(anonymous_8)","decl":{"start":{"line":103,"column":39},"end":{"line":103,"column":44}},"loc":{"start":{"line":103,"column":44},"end":{"line":103,"column":59}},"line":103},"9":{"name":"(anonymous_9)","decl":{"start":{"line":127,"column":12},"end":{"line":127,"column":18}},"loc":{"start":{"line":127,"column":18},"end":{"line":155,"column":5}},"line":127},"10":{"name":"(anonymous_10)","decl":{"start":{"line":140,"column":37},"end":{"line":140,"column":42}},"loc":{"start":{"line":140,"column":42},"end":{"line":140,"column":62}},"line":140},"11":{"name":"(anonymous_11)","decl":{"start":{"line":157,"column":21},"end":{"line":157,"column":22}},"loc":{"start":{"line":157,"column":66},"end":{"line":168,"column":null}},"line":157},"12":{"name":"(anonymous_12)","decl":{"start":{"line":170,"column":24},"end":{"line":170,"column":25}},"loc":{"start":{"line":170,"column":53},"end":{"line":177,"column":null}},"line":170},"13":{"name":"(anonymous_13)","decl":{"start":{"line":179,"column":19},"end":{"line":179,"column":20}},"loc":{"start":{"line":179,"column":60},"end":{"line":184,"column":null}},"line":179},"14":{"name":"(anonymous_14)","decl":{"start":{"line":186,"column":21},"end":{"line":186,"column":22}},"loc":{"start":{"line":186,"column":71},"end":{"line":192,"column":null}},"line":186},"15":{"name":"(anonymous_15)","decl":{"start":{"line":194,"column":23},"end":{"line":194,"column":29}},"loc":{"start":{"line":194,"column":29},"end":{"line":221,"column":null}},"line":194},"16":{"name":"(anonymous_16)","decl":{"start":{"line":214,"column":37},"end":{"line":214,"column":45}},"loc":{"start":{"line":214,"column":45},"end":{"line":214,"column":65}},"line":214},"17":{"name":"(anonymous_17)","decl":{"start":{"line":223,"column":22},"end":{"line":223,"column":28}},"loc":{"start":{"line":223,"column":28},"end":{"line":226,"column":null}},"line":223},"18":{"name":"(anonymous_18)","decl":{"start":{"line":228,"column":33},"end":{"line":228,"column":34}},"loc":{"start":{"line":228,"column":64},"end":{"line":248,"column":null}},"line":228},"19":{"name":"(anonymous_19)","decl":{"start":{"line":244,"column":37},"end":{"line":244,"column":45}},"loc":{"start":{"line":244,"column":45},"end":{"line":244,"column":65}},"line":244},"20":{"name":"(anonymous_20)","decl":{"start":{"line":250,"column":23},"end":{"line":250,"column":24}},"loc":{"start":{"line":250,"column":65},"end":{"line":255,"column":null}},"line":250},"21":{"name":"(anonymous_21)","decl":{"start":{"line":251,"column":36},"end":{"line":251,"column":44}},"loc":{"start":{"line":251,"column":44},"end":{"line":251,"column":64}},"line":251},"22":{"name":"(anonymous_22)","decl":{"start":{"line":257,"column":24},"end":{"line":257,"column":30}},"loc":{"start":{"line":257,"column":30},"end":{"line":261,"column":null}},"line":257},"23":{"name":"(anonymous_23)","decl":{"start":{"line":263,"column":30},"end":{"line":263,"column":36}},"loc":{"start":{"line":263,"column":36},"end":{"line":268,"column":null}},"line":263},"24":{"name":"(anonymous_24)","decl":{"start":{"line":270,"column":30},"end":{"line":270,"column":36}},"loc":{"start":{"line":270,"column":36},"end":{"line":276,"column":null}},"line":270},"25":{"name":"useNavigation","decl":{"start":{"line":304,"column":16},"end":{"line":304,"column":32}},"loc":{"start":{"line":304,"column":32},"end":{"line":310,"column":null}},"line":304}},"branchMap":{"0":{"loc":{"start":{"line":64,"column":8},"end":{"line":66,"column":null}},"type":"if","locations":[{"start":{"line":64,"column":8},"end":{"line":66,"column":null}},{"start":{},"end":{}}],"line":64},"1":{"loc":{"start":{"line":69,"column":8},"end":{"line":71,"column":null}},"type":"if","locations":[{"start":{"line":69,"column":8},"end":{"line":71,"column":null}},{"start":{},"end":{}}],"line":69},"2":{"loc":{"start":{"line":73,"column":8},"end":{"line":75,"column":null}},"type":"if","locations":[{"start":{"line":73,"column":8},"end":{"line":75,"column":null}},{"start":{},"end":{}}],"line":73},"3":{"loc":{"start":{"line":85,"column":4},"end":{"line":85,"column":null}},"type":"if","locations":[{"start":{"line":85,"column":4},"end":{"line":85,"column":null}},{"start":{},"end":{}}],"line":85},"4":{"loc":{"start":{"line":88,"column":4},"end":{"line":91,"column":null}},"type":"if","locations":[{"start":{"line":88,"column":4},"end":{"line":91,"column":null}},{"start":{},"end":{}}],"line":88},"5":{"loc":{"start":{"line":88,"column":8},"end":{"line":88,"column":51}},"type":"binary-expr","locations":[{"start":{"line":88,"column":8},"end":{"line":88,"column":31}},{"start":{"line":88,"column":31},"end":{"line":88,"column":51}}],"line":88},"6":{"loc":{"start":{"line":95,"column":4},"end":{"line":98,"column":null}},"type":"if","locations":[{"start":{"line":95,"column":4},"end":{"line":98,"column":null}},{"start":{},"end":{}}],"line":95},"7":{"loc":{"start":{"line":101,"column":4},"end":{"line":110,"column":null}},"type":"if","locations":[{"start":{"line":101,"column":4},"end":{"line":110,"column":null}},{"start":{},"end":{}}],"line":101},"8":{"loc":{"start":{"line":104,"column":6},"end":{"line":107,"column":null}},"type":"if","locations":[{"start":{"line":104,"column":6},"end":{"line":107,"column":null}},{"start":{},"end":{}}],"line":104},"9":{"loc":{"start":{"line":113,"column":4},"end":{"line":121,"column":null}},"type":"if","locations":[{"start":{"line":113,"column":4},"end":{"line":121,"column":null}},{"start":{},"end":{}}],"line":113},"10":{"loc":{"start":{"line":117,"column":6},"end":{"line":120,"column":null}},"type":"if","locations":[{"start":{"line":117,"column":6},"end":{"line":120,"column":null}},{"start":{},"end":{}}],"line":117},"11":{"loc":{"start":{"line":128,"column":4},"end":{"line":128,"column":null}},"type":"if","locations":[{"start":{"line":128,"column":4},"end":{"line":128,"column":null}},{"start":{},"end":{}}],"line":128},"12":{"loc":{"start":{"line":130,"column":4},"end":{"line":135,"column":null}},"type":"if","locations":[{"start":{"line":130,"column":4},"end":{"line":135,"column":null}},{"start":{},"end":{}}],"line":130},"13":{"loc":{"start":{"line":131,"column":6},"end":{"line":133,"column":null}},"type":"if","locations":[{"start":{"line":131,"column":6},"end":{"line":133,"column":null}},{"start":{},"end":{}}],"line":131},"14":{"loc":{"start":{"line":141,"column":4},"end":{"line":147,"column":null}},"type":"if","locations":[{"start":{"line":141,"column":4},"end":{"line":147,"column":null}},{"start":{},"end":{}}],"line":141},"15":{"loc":{"start":{"line":143,"column":6},"end":{"line":145,"column":null}},"type":"if","locations":[{"start":{"line":143,"column":6},"end":{"line":145,"column":null}},{"start":{},"end":{}}],"line":143},"16":{"loc":{"start":{"line":152,"column":4},"end":{"line":154,"column":null}},"type":"if","locations":[{"start":{"line":152,"column":4},"end":{"line":154,"column":null}},{"start":{},"end":{}}],"line":152},"17":{"loc":{"start":{"line":160,"column":6},"end":{"line":160,"column":null}},"type":"binary-expr","locations":[{"start":{"line":160,"column":6},"end":{"line":160,"column":22}},{"start":{"line":160,"column":6},"end":{"line":160,"column":null}}],"line":160},"18":{"loc":{"start":{"line":161,"column":4},"end":{"line":163,"column":null}},"type":"if","locations":[{"start":{"line":161,"column":4},"end":{"line":163,"column":null}},{"start":{},"end":{}}],"line":161},"19":{"loc":{"start":{"line":161,"column":8},"end":{"line":161,"column":52}},"type":"binary-expr","locations":[{"start":{"line":161,"column":8},"end":{"line":161,"column":25}},{"start":{"line":161,"column":25},"end":{"line":161,"column":52}}],"line":161},"20":{"loc":{"start":{"line":164,"column":10},"end":{"line":165,"column":null}},"type":"binary-expr","locations":[{"start":{"line":164,"column":10},"end":{"line":165,"column":66}},{"start":{"line":165,"column":66},"end":{"line":165,"column":null}}],"line":164},"21":{"loc":{"start":{"line":171,"column":4},"end":{"line":173,"column":null}},"type":"if","locations":[{"start":{"line":171,"column":4},"end":{"line":173,"column":null}},{"start":{},"end":{}}],"line":171},"22":{"loc":{"start":{"line":171,"column":8},"end":{"line":171,"column":52}},"type":"binary-expr","locations":[{"start":{"line":171,"column":8},"end":{"line":171,"column":25}},{"start":{"line":171,"column":25},"end":{"line":171,"column":52}}],"line":171},"23":{"loc":{"start":{"line":174,"column":11},"end":{"line":176,"column":null}},"type":"cond-expr","locations":[{"start":{"line":175,"column":8},"end":{"line":175,"column":null}},{"start":{"line":176,"column":8},"end":{"line":176,"column":null}}],"line":174},"24":{"loc":{"start":{"line":187,"column":4},"end":{"line":191,"column":null}},"type":"if","locations":[{"start":{"line":187,"column":4},"end":{"line":191,"column":null}},{"start":{"line":189,"column":4},"end":{"line":191,"column":null}}],"line":187},"25":{"loc":{"start":{"line":189,"column":4},"end":{"line":191,"column":null}},"type":"if","locations":[{"start":{"line":189,"column":4},"end":{"line":191,"column":null}},{"start":{},"end":{}}],"line":189},"26":{"loc":{"start":{"line":195,"column":4},"end":{"line":197,"column":null}},"type":"if","locations":[{"start":{"line":195,"column":4},"end":{"line":197,"column":null}},{"start":{},"end":{}}],"line":195},"27":{"loc":{"start":{"line":201,"column":4},"end":{"line":204,"column":null}},"type":"if","locations":[{"start":{"line":201,"column":4},"end":{"line":204,"column":null}},{"start":{},"end":{}}],"line":201},"28":{"loc":{"start":{"line":209,"column":4},"end":{"line":212,"column":null}},"type":"if","locations":[{"start":{"line":209,"column":4},"end":{"line":212,"column":null}},{"start":{},"end":{}}],"line":209},"29":{"loc":{"start":{"line":215,"column":4},"end":{"line":218,"column":null}},"type":"if","locations":[{"start":{"line":215,"column":4},"end":{"line":218,"column":null}},{"start":{},"end":{}}],"line":215},"30":{"loc":{"start":{"line":229,"column":4},"end":{"line":232,"column":null}},"type":"if","locations":[{"start":{"line":229,"column":4},"end":{"line":232,"column":null}},{"start":{},"end":{}}],"line":229},"31":{"loc":{"start":{"line":239,"column":4},"end":{"line":242,"column":null}},"type":"if","locations":[{"start":{"line":239,"column":4},"end":{"line":242,"column":null}},{"start":{},"end":{}}],"line":239},"32":{"loc":{"start":{"line":245,"column":4},"end":{"line":247,"column":null}},"type":"if","locations":[{"start":{"line":245,"column":4},"end":{"line":247,"column":null}},{"start":{},"end":{}}],"line":245},"33":{"loc":{"start":{"line":254,"column":21},"end":{"line":254,"column":43}},"type":"cond-expr","locations":[{"start":{"line":254,"column":34},"end":{"line":254,"column":42}},{"start":{"line":254,"column":42},"end":{"line":254,"column":43}}],"line":254},"34":{"loc":{"start":{"line":264,"column":4},"end":{"line":264,"column":null}},"type":"if","locations":[{"start":{"line":264,"column":4},"end":{"line":264,"column":null}},{"start":{},"end":{}}],"line":264},"35":{"loc":{"start":{"line":271,"column":4},"end":{"line":271,"column":null}},"type":"if","locations":[{"start":{"line":271,"column":4},"end":{"line":271,"column":null}},{"start":{},"end":{}}],"line":271},"36":{"loc":{"start":{"line":306,"column":2},"end":{"line":308,"column":null}},"type":"if","locations":[{"start":{"line":306,"column":2},"end":{"line":308,"column":null}},{"start":{},"end":{}}],"line":306}},"s":{"0":2,"1":97,"2":97,"3":97,"4":97,"5":97,"6":97,"7":97,"8":97,"9":23,"10":97,"11":23,"12":97,"13":46,"14":77,"15":46,"16":31,"17":31,"18":18,"19":13,"20":11,"21":13,"22":8,"23":5,"24":97,"25":46,"26":97,"27":69,"28":46,"29":23,"30":23,"31":18,"32":18,"33":5,"34":5,"35":0,"36":0,"37":5,"38":2,"39":2,"40":1,"41":2,"42":1,"43":1,"44":2,"45":2,"46":3,"47":2,"48":2,"49":2,"50":1,"51":1,"52":3,"53":97,"54":90,"55":23,"56":67,"57":30,"58":6,"59":30,"60":37,"61":37,"62":18,"63":37,"64":12,"65":12,"66":5,"67":12,"68":25,"69":25,"70":25,"71":12,"72":97,"73":12,"74":12,"75":1,"76":11,"77":12,"78":12,"79":97,"80":7,"81":1,"82":6,"83":97,"84":7,"85":7,"86":7,"87":7,"88":97,"89":14,"90":9,"91":5,"92":5,"93":97,"94":6,"95":1,"96":5,"97":5,"98":1,"99":1,"100":4,"101":4,"102":4,"103":2,"104":2,"105":2,"106":2,"107":2,"108":1,"109":1,"110":1,"111":97,"112":3,"113":3,"114":97,"115":4,"116":1,"117":1,"118":3,"119":3,"120":3,"121":3,"122":1,"123":1,"124":2,"125":1,"126":2,"127":1,"128":97,"129":3,"130":4,"131":3,"132":3,"133":3,"134":97,"135":1,"136":1,"137":1,"138":97,"139":3,"140":1,"141":2,"142":2,"143":2,"144":97,"145":2,"146":1,"147":1,"148":1,"149":1,"150":97,"151":103,"152":103,"153":2,"154":101},"f":{"0":97,"1":23,"2":23,"3":46,"4":77,"5":11,"6":46,"7":69,"8":1,"9":90,"10":18,"11":12,"12":7,"13":7,"14":14,"15":6,"16":2,"17":3,"18":4,"19":1,"20":3,"21":4,"22":1,"23":3,"24":2,"25":103},"b":{"0":[46,31],"1":[18,13],"2":[8,5],"3":[46,23],"4":[18,5],"5":[23,5],"6":[0,5],"7":[2,3],"8":[1,1],"9":[2,1],"10":[1,1],"11":[23,67],"12":[30,37],"13":[6,24],"14":[12,25],"15":[5,7],"16":[12,13],"17":[12,5],"18":[1,11],"19":[12,11],"20":[11,2],"21":[1,6],"22":[7,6],"23":[3,3],"24":[9,5],"25":[5,0],"26":[1,5],"27":[1,4],"28":[2,2],"29":[1,1],"30":[1,3],"31":[1,2],"32":[1,1],"33":[2,1],"34":[1,2],"35":[1,1],"36":[2,101]},"meta":{"lastBranch":37,"lastFunction":26,"lastStatement":155,"seen":{"s:40:6:42:Infinity":0,"f:44:16:44:35":0,"s:45:44:45:Infinity":1,"s:46:36:46:Infinity":2,"s:47:36:47:Infinity":3,"s:48:40:48:Infinity":4,"s:49:44:49:Infinity":5,"s:50:40:50:Infinity":6,"s:51:40:51:Infinity":7,"s:54:8:57:Infinity":8,"f:55:4:55:10":1,"s:55:4:55:Infinity":9,"s:59:8:59:Infinity":10,"f:59:29:59:35":2,"s:59:35:59:53":11,"s:61:8:79:Infinity":12,"f:62:4:62:Infinity":3,"s:63:6:77:Infinity":13,"f:63:22:63:23":4,"b:64:8:66:Infinity:undefined:undefined:undefined:undefined":0,"s:64:8:66:Infinity":14,"s:65:10:65:Infinity":15,"s:68:14:68:Infinity":16,"b:69:8:71:Infinity:undefined:undefined:undefined:undefined":1,"s:69:8:71:Infinity":17,"s:70:10:70:Infinity":18,"s:72:21:72:Infinity":19,"f:72:41:72:49":5,"s:72:49:72:68":20,"b:73:8:75:Infinity:undefined:undefined:undefined:undefined":2,"s:73:8:75:Infinity":21,"s:74:10:74:Infinity":22,"s:76:8:76:Infinity":23,"s:81:8:81:Infinity":24,"f:81:29:81:35":6,"s:81:35:81:58":25,"s:84:2:124:Infinity":26,"f:84:12:84:18":7,"b:85:4:85:Infinity:undefined:undefined:undefined:undefined":3,"s:85:4:85:Infinity":27,"s:85:23:85:Infinity":28,"s:87:24:87:Infinity":29,"b:88:4:91:Infinity:undefined:undefined:undefined:undefined":4,"s:88:4:91:Infinity":30,"b:88:8:88:31:88:31:88:51":5,"s:89:6:89:Infinity":31,"s:90:6:90:Infinity":32,"s:93:21:93:Infinity":33,"b:95:4:98:Infinity:undefined:undefined:undefined:undefined":6,"s:95:4:98:Infinity":34,"s:96:6:96:Infinity":35,"s:97:6:97:Infinity":36,"b:101:4:110:Infinity:undefined:undefined:undefined:undefined":7,"s:101:4:110:Infinity":37,"s:102:21:102:Infinity":38,"s:103:19:103:Infinity":39,"f:103:39:103:44":8,"s:103:44:103:59":40,"b:104:6:107:Infinity:undefined:undefined:undefined:undefined":8,"s:104:6:107:Infinity":41,"s:105:8:105:Infinity":42,"s:106:8:106:Infinity":43,"s:108:6:108:Infinity":44,"s:109:6:109:Infinity":45,"b:113:4:121:Infinity:undefined:undefined:undefined:undefined":9,"s:113:4:121:Infinity":46,"s:114:24:114:Infinity":47,"s:116:12:116:Infinity":48,"b:117:6:120:Infinity:undefined:undefined:undefined:undefined":10,"s:117:6:120:Infinity":49,"s:118:8:118:Infinity":50,"s:119:8:119:Infinity":51,"s:123:4:123:Infinity":52,"s:127:2:155:Infinity":53,"f:127:12:127:18":9,"b:128:4:128:Infinity:undefined:undefined:undefined:undefined":11,"s:128:4:128:Infinity":54,"s:128:24:128:Infinity":55,"b:130:4:135:Infinity:undefined:undefined:undefined:undefined":12,"s:130:4:135:Infinity":56,"b:131:6:133:Infinity:undefined:undefined:undefined:undefined":13,"s:131:6:133:Infinity":57,"s:132:8:132:Infinity":58,"s:134:6:134:Infinity":59,"s:137:24:137:Infinity":60,"s:140:17:140:Infinity":61,"f:140:37:140:42":10,"s:140:42:140:62":62,"b:141:4:147:Infinity:undefined:undefined:undefined:undefined":14,"s:141:4:147:Infinity":63,"s:142:18:142:Infinity":64,"b:143:6:145:Infinity:undefined:undefined:undefined:undefined":15,"s:143:6:145:Infinity":65,"s:144:8:144:Infinity":66,"s:146:6:146:Infinity":67,"s:150:23:150:Infinity":68,"s:151:16:151:Infinity":69,"b:152:4:154:Infinity:undefined:undefined:undefined:undefined":16,"s:152:4:154:Infinity":70,"s:153:6:153:Infinity":71,"s:157:21:168:Infinity":72,"f:157:21:157:22":11,"s:160:6:160:Infinity":73,"b:160:6:160:22:160:6:160:Infinity":17,"b:161:4:163:Infinity:undefined:undefined:undefined:undefined":18,"s:161:4:163:Infinity":74,"b:161:8:161:25:161:25:161:52":19,"s:162:6:162:Infinity":75,"s:164:10:165:Infinity":76,"b:164:10:165:66:165:66:165:Infinity":20,"s:166:4:166:Infinity":77,"s:167:4:167:Infinity":78,"s:170:24:177:Infinity":79,"f:170:24:170:25":12,"b:171:4:173:Infinity:undefined:undefined:undefined:undefined":21,"s:171:4:173:Infinity":80,"b:171:8:171:25:171:25:171:52":22,"s:172:6:172:Infinity":81,"s:174:4:176:Infinity":82,"b:175:8:175:Infinity:176:8:176:Infinity":23,"s:179:19:184:Infinity":83,"f:179:19:179:20":13,"s:180:21:180:Infinity":84,"s:181:21:181:Infinity":85,"s:182:4:182:Infinity":86,"s:183:4:183:Infinity":87,"s:186:21:192:Infinity":88,"f:186:21:186:22":14,"b:187:4:191:Infinity:189:4:191:Infinity":24,"s:187:4:191:Infinity":89,"s:188:6:188:Infinity":90,"b:189:4:191:Infinity:undefined:undefined:undefined:undefined":25,"s:189:4:191:Infinity":91,"s:190:6:190:Infinity":92,"s:194:23:221:Infinity":93,"f:194:23:194:29":15,"b:195:4:197:Infinity:undefined:undefined:undefined:undefined":26,"s:195:4:197:Infinity":94,"s:196:6:196:Infinity":95,"s:199:21:199:Infinity":96,"b:201:4:204:Infinity:undefined:undefined:undefined:undefined":27,"s:201:4:204:Infinity":97,"s:202:6:202:Infinity":98,"s:203:6:203:Infinity":99,"s:206:21:206:Infinity":100,"s:208:10:208:Infinity":101,"b:209:4:212:Infinity:undefined:undefined:undefined:undefined":28,"s:209:4:212:Infinity":102,"s:210:6:210:Infinity":103,"s:211:6:211:Infinity":104,"s:214:17:214:Infinity":105,"f:214:37:214:45":16,"s:214:45:214:65":106,"b:215:4:218:Infinity:undefined:undefined:undefined:undefined":29,"s:215:4:218:Infinity":107,"s:216:6:216:Infinity":108,"s:217:6:217:Infinity":109,"s:220:4:220:Infinity":110,"s:223:22:226:Infinity":111,"f:223:22:223:28":17,"s:224:4:224:Infinity":112,"s:225:4:225:Infinity":113,"s:228:33:248:Infinity":114,"f:228:33:228:34":18,"b:229:4:232:Infinity:undefined:undefined:undefined:undefined":30,"s:229:4:232:Infinity":115,"s:230:6:230:Infinity":116,"s:231:6:231:Infinity":117,"s:234:23:234:Infinity":118,"s:235:21:235:Infinity":119,"s:238:10:238:Infinity":120,"b:239:4:242:Infinity:undefined:undefined:undefined:undefined":31,"s:239:4:242:Infinity":121,"s:240:6:240:Infinity":122,"s:241:6:241:Infinity":123,"s:244:17:244:Infinity":124,"f:244:37:244:45":19,"s:244:45:244:65":125,"b:245:4:247:Infinity:undefined:undefined:undefined:undefined":32,"s:245:4:247:Infinity":126,"s:246:6:246:Infinity":127,"s:250:23:255:Infinity":128,"f:250:23:250:24":20,"s:251:18:251:Infinity":129,"f:251:36:251:44":21,"s:251:44:251:64":130,"s:252:4:252:Infinity":131,"s:253:4:253:Infinity":132,"s:254:4:254:Infinity":133,"b:254:34:254:42:254:42:254:43":33,"s:257:24:261:Infinity":134,"f:257:24:257:30":22,"s:258:4:258:Infinity":135,"s:259:4:259:Infinity":136,"s:260:4:260:Infinity":137,"s:263:30:268:Infinity":138,"f:263:30:263:36":23,"b:264:4:264:Infinity:undefined:undefined:undefined:undefined":34,"s:264:4:264:Infinity":139,"s:264:38:264:Infinity":140,"s:265:10:265:Infinity":141,"s:266:4:266:Infinity":142,"s:267:4:267:Infinity":143,"s:270:30:276:Infinity":144,"f:270:30:270:36":24,"b:271:4:271:Infinity:undefined:undefined:undefined:undefined":35,"s:271:4:271:Infinity":145,"s:271:38:271:Infinity":146,"s:272:10:273:Infinity":147,"s:274:4:274:Infinity":148,"s:275:4:275:Infinity":149,"s:278:2:300:Infinity":150,"f:304:16:304:32":25,"s:305:8:305:Infinity":151,"b:306:2:308:Infinity:undefined:undefined:undefined:undefined":36,"s:306:2:308:Infinity":152,"s:307:4:307:Infinity":153,"s:309:2:309:Infinity":154}}}
,"/Users/cervantes/website/lum.bio/src/contexts/SearchContext.tsx": {"path":"/Users/cervantes/website/lum.bio/src/contexts/SearchContext.tsx","statementMap":{"0":{"start":{"line":33,"column":6},"end":{"line":35,"column":null}},"1":{"start":{"line":36,"column":6},"end":{"line":38,"column":null}},"2":{"start":{"line":42,"column":6},"end":{"line":44,"column":null}},"3":{"start":{"line":46,"column":26},"end":{"line":73,"column":null}},"4":{"start":{"line":47,"column":29},"end":{"line":47,"column":null}},"5":{"start":{"line":48,"column":2},"end":{"line":50,"column":null}},"6":{"start":{"line":49,"column":4},"end":{"line":49,"column":null}},"7":{"start":{"line":52,"column":2},"end":{"line":54,"column":null}},"8":{"start":{"line":53,"column":4},"end":{"line":53,"column":null}},"9":{"start":{"line":56,"column":2},"end":{"line":58,"column":null}},"10":{"start":{"line":57,"column":4},"end":{"line":57,"column":null}},"11":{"start":{"line":60,"column":2},"end":{"line":62,"column":null}},"12":{"start":{"line":60,"column":33},"end":{"line":60,"column":66}},"13":{"start":{"line":61,"column":4},"end":{"line":61,"column":null}},"14":{"start":{"line":64,"column":2},"end":{"line":70,"column":null}},"15":{"start":{"line":69,"column":4},"end":{"line":69,"column":null}},"16":{"start":{"line":72,"column":2},"end":{"line":72,"column":null}},"17":{"start":{"line":87,"column":25},"end":{"line":95,"column":null}},"18":{"start":{"line":89,"column":8},"end":{"line":89,"column":null}},"19":{"start":{"line":90,"column":2},"end":{"line":94,"column":null}},"20":{"start":{"line":90,"column":45},"end":{"line":94,"column":4}},"21":{"start":{"line":97,"column":33},"end":{"line":102,"column":null}},"22":{"start":{"line":98,"column":2},"end":{"line":102,"column":null}},"23":{"start":{"line":98,"column":30},"end":{"line":102,"column":4}},"24":{"start":{"line":104,"column":24},"end":{"line":114,"column":null}},"25":{"start":{"line":105,"column":2},"end":{"line":107,"column":null}},"26":{"start":{"line":106,"column":4},"end":{"line":106,"column":null}},"27":{"start":{"line":108,"column":2},"end":{"line":113,"column":null}},"28":{"start":{"line":116,"column":30},"end":{"line":230,"column":null}},"29":{"start":{"line":123,"column":8},"end":{"line":123,"column":null}},"30":{"start":{"line":124,"column":8},"end":{"line":124,"column":null}},"31":{"start":{"line":124,"column":36},"end":{"line":124,"column":56}},"32":{"start":{"line":125,"column":8},"end":{"line":125,"column":null}},"33":{"start":{"line":125,"column":40},"end":{"line":125,"column":68}},"34":{"start":{"line":126,"column":8},"end":{"line":126,"column":null}},"35":{"start":{"line":126,"column":35},"end":{"line":126,"column":54}},"36":{"start":{"line":128,"column":8},"end":{"line":213,"column":null}},"37":{"start":{"line":130,"column":6},"end":{"line":132,"column":null}},"38":{"start":{"line":131,"column":8},"end":{"line":131,"column":null}},"39":{"start":{"line":134,"column":25},"end":{"line":134,"column":null}},"40":{"start":{"line":135,"column":38},"end":{"line":135,"column":null}},"41":{"start":{"line":137,"column":6},"end":{"line":169,"column":null}},"42":{"start":{"line":138,"column":8},"end":{"line":150,"column":null}},"43":{"start":{"line":139,"column":16},"end":{"line":142,"column":null}},"44":{"start":{"line":143,"column":10},"end":{"line":149,"column":null}},"45":{"start":{"line":152,"column":8},"end":{"line":168,"column":null}},"46":{"start":{"line":153,"column":10},"end":{"line":167,"column":null}},"47":{"start":{"line":154,"column":18},"end":{"line":158,"column":null}},"48":{"start":{"line":159,"column":12},"end":{"line":166,"column":null}},"49":{"start":{"line":171,"column":6},"end":{"line":188,"column":null}},"50":{"start":{"line":172,"column":8},"end":{"line":187,"column":null}},"51":{"start":{"line":176,"column":16},"end":{"line":180,"column":null}},"52":{"start":{"line":181,"column":10},"end":{"line":186,"column":null}},"53":{"start":{"line":190,"column":6},"end":{"line":208,"column":null}},"54":{"start":{"line":191,"column":8},"end":{"line":207,"column":null}},"55":{"start":{"line":192,"column":10},"end":{"line":206,"column":null}},"56":{"start":{"line":193,"column":18},"end":{"line":197,"column":null}},"57":{"start":{"line":198,"column":12},"end":{"line":205,"column":null}},"58":{"start":{"line":210,"column":6},"end":{"line":210,"column":null}},"59":{"start":{"line":215,"column":8},"end":{"line":218,"column":null}},"60":{"start":{"line":216,"column":10},"end":{"line":216,"column":null}},"61":{"start":{"line":220,"column":8},"end":{"line":220,"column":null}},"62":{"start":{"line":220,"column":39},"end":{"line":220,"column":55}},"63":{"start":{"line":221,"column":8},"end":{"line":221,"column":null}},"64":{"start":{"line":221,"column":38},"end":{"line":221,"column":58}},"65":{"start":{"line":223,"column":2},"end":{"line":228,"column":null}},"66":{"start":{"line":233,"column":34},"end":{"line":233,"column":null}},"67":{"start":{"line":234,"column":36},"end":{"line":234,"column":null}},"68":{"start":{"line":236,"column":8},"end":{"line":236,"column":null}},"69":{"start":{"line":236,"column":39},"end":{"line":236,"column":60}},"70":{"start":{"line":237,"column":8},"end":{"line":237,"column":null}},"71":{"start":{"line":237,"column":40},"end":{"line":237,"column":62}},"72":{"start":{"line":239,"column":2},"end":{"line":243,"column":null}},"73":{"start":{"line":240,"column":4},"end":{"line":242,"column":null}},"74":{"start":{"line":241,"column":6},"end":{"line":241,"column":null}},"75":{"start":{"line":245,"column":8},"end":{"line":254,"column":null}},"76":{"start":{"line":246,"column":11},"end":{"line":252,"column":null}},"77":{"start":{"line":256,"column":2},"end":{"line":261,"column":null}},"78":{"start":{"line":266,"column":8},"end":{"line":266,"column":null}},"79":{"start":{"line":267,"column":2},"end":{"line":269,"column":null}},"80":{"start":{"line":268,"column":4},"end":{"line":268,"column":null}},"81":{"start":{"line":270,"column":2},"end":{"line":270,"column":null}},"82":{"start":{"line":274,"column":8},"end":{"line":274,"column":null}},"83":{"start":{"line":275,"column":2},"end":{"line":277,"column":null}},"84":{"start":{"line":276,"column":4},"end":{"line":276,"column":null}},"85":{"start":{"line":278,"column":2},"end":{"line":278,"column":null}},"86":{"start":{"line":282,"column":8},"end":{"line":282,"column":null}},"87":{"start":{"line":283,"column":2},"end":{"line":285,"column":null}},"88":{"start":{"line":284,"column":4},"end":{"line":284,"column":null}},"89":{"start":{"line":286,"column":2},"end":{"line":286,"column":null}},"90":{"start":{"line":290,"column":2},"end":{"line":293,"column":null}}},"fnMap":{"0":{"name":"(anonymous_0)","decl":{"start":{"line":46,"column":26},"end":{"line":46,"column":27}},"loc":{"start":{"line":46,"column":65},"end":{"line":73,"column":null}},"line":46},"1":{"name":"(anonymous_1)","decl":{"start":{"line":60,"column":26},"end":{"line":60,"column":33}},"loc":{"start":{"line":60,"column":33},"end":{"line":60,"column":66}},"line":60},"2":{"name":"(anonymous_2)","decl":{"start":{"line":87,"column":25},"end":{"line":87,"column":51}},"loc":{"start":{"line":87,"column":51},"end":{"line":95,"column":null}},"line":87},"3":{"name":"(anonymous_3)","decl":{"start":{"line":90,"column":30},"end":{"line":90,"column":45}},"loc":{"start":{"line":90,"column":45},"end":{"line":94,"column":4}},"line":90},"4":{"name":"(anonymous_4)","decl":{"start":{"line":97,"column":33},"end":{"line":97,"column":null}},"loc":{"start":{"line":98,"column":2},"end":{"line":102,"column":null}},"line":98},"5":{"name":"(anonymous_5)","decl":{"start":{"line":98,"column":21},"end":{"line":98,"column":30}},"loc":{"start":{"line":98,"column":30},"end":{"line":102,"column":4}},"line":98},"6":{"name":"(anonymous_6)","decl":{"start":{"line":104,"column":24},"end":{"line":104,"column":45}},"loc":{"start":{"line":104,"column":45},"end":{"line":114,"column":null}},"line":104},"7":{"name":"(anonymous_7)","decl":{"start":{"line":116,"column":30},"end":{"line":116,"column":31}},"loc":{"start":{"line":122,"column":6},"end":{"line":230,"column":null}},"line":122},"8":{"name":"(anonymous_8)","decl":{"start":{"line":124,"column":30},"end":{"line":124,"column":36}},"loc":{"start":{"line":124,"column":36},"end":{"line":124,"column":56}},"line":124},"9":{"name":"(anonymous_9)","decl":{"start":{"line":125,"column":34},"end":{"line":125,"column":40}},"loc":{"start":{"line":125,"column":40},"end":{"line":125,"column":68}},"line":125},"10":{"name":"(anonymous_10)","decl":{"start":{"line":126,"column":29},"end":{"line":126,"column":35}},"loc":{"start":{"line":126,"column":35},"end":{"line":126,"column":54}},"line":126},"11":{"name":"(anonymous_11)","decl":{"start":{"line":129,"column":4},"end":{"line":129,"column":5}},"loc":{"start":{"line":129,"column":26},"end":{"line":211,"column":null}},"line":129},"12":{"name":"(anonymous_12)","decl":{"start":{"line":137,"column":26},"end":{"line":137,"column":35}},"loc":{"start":{"line":137,"column":35},"end":{"line":169,"column":7}},"line":137},"13":{"name":"(anonymous_13)","decl":{"start":{"line":152,"column":36},"end":{"line":152,"column":48}},"loc":{"start":{"line":152,"column":48},"end":{"line":168,"column":9}},"line":152},"14":{"name":"(anonymous_14)","decl":{"start":{"line":171,"column":30},"end":{"line":171,"column":39}},"loc":{"start":{"line":171,"column":39},"end":{"line":188,"column":7}},"line":171},"15":{"name":"(anonymous_15)","decl":{"start":{"line":191,"column":33},"end":{"line":191,"column":45}},"loc":{"start":{"line":191,"column":45},"end":{"line":207,"column":9}},"line":191},"16":{"name":"(anonymous_16)","decl":{"start":{"line":216,"column":4},"end":{"line":216,"column":10}},"loc":{"start":{"line":216,"column":10},"end":{"line":216,"column":null}},"line":216},"17":{"name":"(anonymous_17)","decl":{"start":{"line":220,"column":32},"end":{"line":220,"column":39}},"loc":{"start":{"line":220,"column":39},"end":{"line":220,"column":55}},"line":220},"18":{"name":"(anonymous_18)","decl":{"start":{"line":221,"column":31},"end":{"line":221,"column":38}},"loc":{"start":{"line":221,"column":38},"end":{"line":221,"column":58}},"line":221},"19":{"name":"SearchProvider","decl":{"start":{"line":232,"column":16},"end":{"line":232,"column":31}},"loc":{"start":{"line":232,"column":70},"end":{"line":263,"column":null}},"line":232},"20":{"name":"(anonymous_20)","decl":{"start":{"line":236,"column":33},"end":{"line":236,"column":39}},"loc":{"start":{"line":236,"column":39},"end":{"line":236,"column":60}},"line":236},"21":{"name":"(anonymous_21)","decl":{"start":{"line":237,"column":34},"end":{"line":237,"column":40}},"loc":{"start":{"line":237,"column":40},"end":{"line":237,"column":62}},"line":237},"22":{"name":"(anonymous_22)","decl":{"start":{"line":239,"column":12},"end":{"line":239,"column":18}},"loc":{"start":{"line":239,"column":18},"end":{"line":243,"column":5}},"line":239},"23":{"name":"(anonymous_23)","decl":{"start":{"line":246,"column":4},"end":{"line":246,"column":11}},"loc":{"start":{"line":246,"column":11},"end":{"line":252,"column":null}},"line":246},"24":{"name":"useSearchUI","decl":{"start":{"line":265,"column":16},"end":{"line":265,"column":30}},"loc":{"start":{"line":265,"column":30},"end":{"line":271,"column":null}},"line":265},"25":{"name":"useSearchResults","decl":{"start":{"line":273,"column":16},"end":{"line":273,"column":35}},"loc":{"start":{"line":273,"column":35},"end":{"line":279,"column":null}},"line":273},"26":{"name":"useSearchExecutor","decl":{"start":{"line":281,"column":16},"end":{"line":281,"column":36}},"loc":{"start":{"line":281,"column":36},"end":{"line":287,"column":null}},"line":281},"27":{"name":"useSearch","decl":{"start":{"line":289,"column":16},"end":{"line":289,"column":28}},"loc":{"start":{"line":289,"column":28},"end":{"line":294,"column":null}},"line":289}},"branchMap":{"0":{"loc":{"start":{"line":48,"column":2},"end":{"line":50,"column":null}},"type":"if","locations":[{"start":{"line":48,"column":2},"end":{"line":50,"column":null}},{"start":{},"end":{}}],"line":48},"1":{"loc":{"start":{"line":52,"column":2},"end":{"line":54,"column":null}},"type":"if","locations":[{"start":{"line":52,"column":2},"end":{"line":54,"column":null}},{"start":{},"end":{}}],"line":52},"2":{"loc":{"start":{"line":56,"column":2},"end":{"line":58,"column":null}},"type":"if","locations":[{"start":{"line":56,"column":2},"end":{"line":58,"column":null}},{"start":{},"end":{}}],"line":56},"3":{"loc":{"start":{"line":60,"column":2},"end":{"line":62,"column":null}},"type":"if","locations":[{"start":{"line":60,"column":2},"end":{"line":62,"column":null}},{"start":{},"end":{}}],"line":60},"4":{"loc":{"start":{"line":64,"column":2},"end":{"line":70,"column":null}},"type":"if","locations":[{"start":{"line":64,"column":2},"end":{"line":70,"column":null}},{"start":{},"end":{}}],"line":64},"5":{"loc":{"start":{"line":65,"column":4},"end":{"line":67,"column":null}},"type":"binary-expr","locations":[{"start":{"line":65,"column":4},"end":{"line":65,"column":null}},{"start":{"line":66,"column":4},"end":{"line":66,"column":null}},{"start":{"line":67,"column":4},"end":{"line":67,"column":null}}],"line":65},"6":{"loc":{"start":{"line":105,"column":2},"end":{"line":107,"column":null}},"type":"if","locations":[{"start":{"line":105,"column":2},"end":{"line":107,"column":null}},{"start":{},"end":{}}],"line":105},"7":{"loc":{"start":{"line":130,"column":6},"end":{"line":132,"column":null}},"type":"if","locations":[{"start":{"line":130,"column":6},"end":{"line":132,"column":null}},{"start":{},"end":{}}],"line":130},"8":{"loc":{"start":{"line":138,"column":8},"end":{"line":150,"column":null}},"type":"if","locations":[{"start":{"line":138,"column":8},"end":{"line":150,"column":null}},{"start":{},"end":{}}],"line":138},"9":{"loc":{"start":{"line":139,"column":16},"end":{"line":142,"column":null}},"type":"binary-expr","locations":[{"start":{"line":139,"column":16},"end":{"line":140,"column":null}},{"start":{"line":141,"column":12},"end":{"line":141,"column":null}},{"start":{"line":142,"column":12},"end":{"line":142,"column":null}}],"line":139},"10":{"loc":{"start":{"line":153,"column":10},"end":{"line":167,"column":null}},"type":"if","locations":[{"start":{"line":153,"column":10},"end":{"line":167,"column":null}},{"start":{},"end":{}}],"line":153},"11":{"loc":{"start":{"line":154,"column":18},"end":{"line":158,"column":null}},"type":"binary-expr","locations":[{"start":{"line":154,"column":18},"end":{"line":155,"column":null}},{"start":{"line":156,"column":14},"end":{"line":156,"column":null}},{"start":{"line":157,"column":14},"end":{"line":157,"column":null}},{"start":{"line":158,"column":14},"end":{"line":158,"column":null}}],"line":154},"12":{"loc":{"start":{"line":172,"column":8},"end":{"line":187,"column":null}},"type":"if","locations":[{"start":{"line":172,"column":8},"end":{"line":187,"column":null}},{"start":{},"end":{}}],"line":172},"13":{"loc":{"start":{"line":173,"column":10},"end":{"line":174,"column":null}},"type":"binary-expr","locations":[{"start":{"line":173,"column":10},"end":{"line":173,"column":null}},{"start":{"line":174,"column":10},"end":{"line":174,"column":null}}],"line":173},"14":{"loc":{"start":{"line":176,"column":16},"end":{"line":180,"column":null}},"type":"binary-expr","locations":[{"start":{"line":176,"column":16},"end":{"line":177,"column":null}},{"start":{"line":178,"column":12},"end":{"line":178,"column":null}},{"start":{"line":179,"column":12},"end":{"line":179,"column":null}},{"start":{"line":180,"column":12},"end":{"line":180,"column":null}}],"line":176},"15":{"loc":{"start":{"line":190,"column":6},"end":{"line":208,"column":null}},"type":"if","locations":[{"start":{"line":190,"column":6},"end":{"line":208,"column":null}},{"start":{},"end":{}}],"line":190},"16":{"loc":{"start":{"line":192,"column":10},"end":{"line":206,"column":null}},"type":"if","locations":[{"start":{"line":192,"column":10},"end":{"line":206,"column":null}},{"start":{},"end":{}}],"line":192},"17":{"loc":{"start":{"line":193,"column":18},"end":{"line":197,"column":null}},"type":"binary-expr","locations":[{"start":{"line":193,"column":18},"end":{"line":194,"column":null}},{"start":{"line":195,"column":14},"end":{"line":195,"column":null}},{"start":{"line":196,"column":14},"end":{"line":196,"column":null}},{"start":{"line":197,"column":14},"end":{"line":197,"column":null}}],"line":193},"18":{"loc":{"start":{"line":240,"column":4},"end":{"line":242,"column":null}},"type":"if","locations":[{"start":{"line":240,"column":4},"end":{"line":242,"column":null}},{"start":{},"end":{}}],"line":240},"19":{"loc":{"start":{"line":267,"column":2},"end":{"line":269,"column":null}},"type":"if","locations":[{"start":{"line":267,"column":2},"end":{"line":269,"column":null}},{"start":{},"end":{}}],"line":267},"20":{"loc":{"start":{"line":275,"column":2},"end":{"line":277,"column":null}},"type":"if","locations":[{"start":{"line":275,"column":2},"end":{"line":277,"column":null}},{"start":{},"end":{}}],"line":275},"21":{"loc":{"start":{"line":283,"column":2},"end":{"line":285,"column":null}},"type":"if","locations":[{"start":{"line":283,"column":2},"end":{"line":285,"column":null}},{"start":{},"end":{}}],"line":283}},"s":{"0":2,"1":2,"2":2,"3":2,"4":19,"5":19,"6":2,"7":17,"8":1,"9":16,"10":1,"11":15,"12":13,"13":3,"14":12,"15":1,"16":11,"17":2,"18":9,"19":9,"20":20,"21":2,"22":9,"23":11,"24":2,"25":9,"26":3,"27":6,"28":2,"29":24,"30":24,"31":9,"32":24,"33":9,"34":24,"35":9,"36":24,"37":21,"38":11,"39":10,"40":10,"41":10,"42":20,"43":2,"44":2,"45":20,"46":10,"47":6,"48":6,"49":10,"50":10,"51":1,"52":1,"53":10,"54":9,"55":9,"56":2,"57":2,"58":10,"59":24,"60":20,"61":24,"62":9,"63":24,"64":20,"65":24,"66":27,"67":27,"68":27,"69":8,"70":27,"71":2,"72":27,"73":19,"74":11,"75":27,"76":24,"77":27,"78":33,"79":33,"80":2,"81":31,"82":28,"83":28,"84":2,"85":26,"86":3,"87":3,"88":2,"89":1,"90":18},"f":{"0":19,"1":13,"2":9,"3":20,"4":9,"5":11,"6":9,"7":24,"8":9,"9":9,"10":9,"11":21,"12":20,"13":10,"14":10,"15":9,"16":20,"17":9,"18":20,"19":27,"20":8,"21":2,"22":19,"23":24,"24":33,"25":28,"26":3,"27":18},"b":{"0":[2,17],"1":[1,16],"2":[1,15],"3":[3,12],"4":[1,11],"5":[12,8,8],"6":[3,6],"7":[11,10],"8":[2,18],"9":[2,0,0],"10":[6,4],"11":[6,0,0,0],"12":[1,9],"13":[10,9],"14":[1,0,0,0],"15":[9,1],"16":[2,7],"17":[2,0,0,0],"18":[11,8],"19":[2,31],"20":[2,26],"21":[2,1]},"meta":{"lastBranch":22,"lastFunction":28,"lastStatement":91,"seen":{"s:33:6:35:Infinity":0,"s:36:6:38:Infinity":1,"s:42:6:44:Infinity":2,"s:46:26:73:Infinity":3,"f:46:26:46:27":0,"s:47:29:47:Infinity":4,"b:48:2:50:Infinity:undefined:undefined:undefined:undefined":0,"s:48:2:50:Infinity":5,"s:49:4:49:Infinity":6,"b:52:2:54:Infinity:undefined:undefined:undefined:undefined":1,"s:52:2:54:Infinity":7,"s:53:4:53:Infinity":8,"b:56:2:58:Infinity:undefined:undefined:undefined:undefined":2,"s:56:2:58:Infinity":9,"s:57:4:57:Infinity":10,"b:60:2:62:Infinity:undefined:undefined:undefined:undefined":3,"s:60:2:62:Infinity":11,"f:60:26:60:33":1,"s:60:33:60:66":12,"s:61:4:61:Infinity":13,"b:64:2:70:Infinity:undefined:undefined:undefined:undefined":4,"s:64:2:70:Infinity":14,"b:65:4:65:Infinity:66:4:66:Infinity:67:4:67:Infinity":5,"s:69:4:69:Infinity":15,"s:72:2:72:Infinity":16,"s:87:25:95:Infinity":17,"f:87:25:87:51":2,"s:89:8:89:Infinity":18,"s:90:2:94:Infinity":19,"f:90:30:90:45":3,"s:90:45:94:4":20,"s:97:33:102:Infinity":21,"f:97:33:97:Infinity":4,"s:98:2:102:Infinity":22,"f:98:21:98:30":5,"s:98:30:102:4":23,"s:104:24:114:Infinity":24,"f:104:24:104:45":6,"b:105:2:107:Infinity:undefined:undefined:undefined:undefined":6,"s:105:2:107:Infinity":25,"s:106:4:106:Infinity":26,"s:108:2:113:Infinity":27,"s:116:30:230:Infinity":28,"f:116:30:116:31":7,"s:123:8:123:Infinity":29,"s:124:8:124:Infinity":30,"f:124:30:124:36":8,"s:124:36:124:56":31,"s:125:8:125:Infinity":32,"f:125:34:125:40":9,"s:125:40:125:68":33,"s:126:8:126:Infinity":34,"f:126:29:126:35":10,"s:126:35:126:54":35,"s:128:8:213:Infinity":36,"f:129:4:129:5":11,"b:130:6:132:Infinity:undefined:undefined:undefined:undefined":7,"s:130:6:132:Infinity":37,"s:131:8:131:Infinity":38,"s:134:25:134:Infinity":39,"s:135:38:135:Infinity":40,"s:137:6:169:Infinity":41,"f:137:26:137:35":12,"b:138:8:150:Infinity:undefined:undefined:undefined:undefined":8,"s:138:8:150:Infinity":42,"s:139:16:142:Infinity":43,"b:139:16:140:Infinity:141:12:141:Infinity:142:12:142:Infinity":9,"s:143:10:149:Infinity":44,"s:152:8:168:Infinity":45,"f:152:36:152:48":13,"b:153:10:167:Infinity:undefined:undefined:undefined:undefined":10,"s:153:10:167:Infinity":46,"s:154:18:158:Infinity":47,"b:154:18:155:Infinity:156:14:156:Infinity:157:14:157:Infinity:158:14:158:Infinity":11,"s:159:12:166:Infinity":48,"s:171:6:188:Infinity":49,"f:171:30:171:39":14,"b:172:8:187:Infinity:undefined:undefined:undefined:undefined":12,"s:172:8:187:Infinity":50,"b:173:10:173:Infinity:174:10:174:Infinity":13,"s:176:16:180:Infinity":51,"b:176:16:177:Infinity:178:12:178:Infinity:179:12:179:Infinity:180:12:180:Infinity":14,"s:181:10:186:Infinity":52,"b:190:6:208:Infinity:undefined:undefined:undefined:undefined":15,"s:190:6:208:Infinity":53,"s:191:8:207:Infinity":54,"f:191:33:191:45":15,"b:192:10:206:Infinity:undefined:undefined:undefined:undefined":16,"s:192:10:206:Infinity":55,"s:193:18:197:Infinity":56,"b:193:18:194:Infinity:195:14:195:Infinity:196:14:196:Infinity:197:14:197:Infinity":17,"s:198:12:205:Infinity":57,"s:210:6:210:Infinity":58,"s:215:8:218:Infinity":59,"f:216:4:216:10":16,"s:216:10:216:Infinity":60,"s:220:8:220:Infinity":61,"f:220:32:220:39":17,"s:220:39:220:55":62,"s:221:8:221:Infinity":63,"f:221:31:221:38":18,"s:221:38:221:58":64,"s:223:2:228:Infinity":65,"f:232:16:232:31":19,"s:233:34:233:Infinity":66,"s:234:36:234:Infinity":67,"s:236:8:236:Infinity":68,"f:236:33:236:39":20,"s:236:39:236:60":69,"s:237:8:237:Infinity":70,"f:237:34:237:40":21,"s:237:40:237:62":71,"s:239:2:243:Infinity":72,"f:239:12:239:18":22,"b:240:4:242:Infinity:undefined:undefined:undefined:undefined":18,"s:240:4:242:Infinity":73,"s:241:6:241:Infinity":74,"s:245:8:254:Infinity":75,"f:246:4:246:11":23,"s:246:11:252:Infinity":76,"s:256:2:261:Infinity":77,"f:265:16:265:30":24,"s:266:8:266:Infinity":78,"b:267:2:269:Infinity:undefined:undefined:undefined:undefined":19,"s:267:2:269:Infinity":79,"s:268:4:268:Infinity":80,"s:270:2:270:Infinity":81,"f:273:16:273:35":25,"s:274:8:274:Infinity":82,"b:275:2:277:Infinity:undefined:undefined:undefined:undefined":20,"s:275:2:277:Infinity":83,"s:276:4:276:Infinity":84,"s:278:2:278:Infinity":85,"f:281:16:281:36":26,"s:282:8:282:Infinity":86,"b:283:2:285:Infinity:undefined:undefined:undefined:undefined":21,"s:283:2:285:Infinity":87,"s:284:4:284:Infinity":88,"s:286:2:286:Infinity":89,"f:289:16:289:28":27,"s:290:2:293:Infinity":90}}}
,"/Users/cervantes/website/lum.bio/src/contexts/SidebarContext.tsx": {"path":"/Users/cervantes/website/lum.bio/src/contexts/SidebarContext.tsx","statementMap":{"0":{"start":{"line":31,"column":6},"end":{"line":31,"column":null}},"1":{"start":{"line":33,"column":31},"end":{"line":42,"column":null}},"2":{"start":{"line":35,"column":4},"end":{"line":37,"column":null}},"3":{"start":{"line":38,"column":2},"end":{"line":41,"column":null}},"4":{"start":{"line":44,"column":31},"end":{"line":50,"column":null}},"5":{"start":{"line":46,"column":2},"end":{"line":48,"column":null}},"6":{"start":{"line":47,"column":4},"end":{"line":47,"column":null}},"7":{"start":{"line":49,"column":2},"end":{"line":49,"column":null}},"8":{"start":{"line":52,"column":66},"end":{"line":205,"column":null}},"9":{"start":{"line":55,"column":38},"end":{"line":55,"column":null}},"10":{"start":{"line":56,"column":41},"end":{"line":59,"column":null}},"11":{"start":{"line":60,"column":8},"end":{"line":60,"column":null}},"12":{"start":{"line":61,"column":2},"end":{"line":61,"column":null}},"13":{"start":{"line":62,"column":48},"end":{"line":65,"column":null}},"14":{"start":{"line":66,"column":40},"end":{"line":69,"column":null}},"15":{"start":{"line":71,"column":8},"end":{"line":74,"column":null}},"16":{"start":{"line":72,"column":10},"end":{"line":72,"column":null}},"17":{"start":{"line":75,"column":8},"end":{"line":75,"column":null}},"18":{"start":{"line":75,"column":36},"end":{"line":75,"column":60}},"19":{"start":{"line":77,"column":33},"end":{"line":77,"column":null}},"20":{"start":{"line":79,"column":2},"end":{"line":83,"column":null}},"21":{"start":{"line":80,"column":4},"end":{"line":82,"column":null}},"22":{"start":{"line":81,"column":6},"end":{"line":81,"column":null}},"23":{"start":{"line":85,"column":8},"end":{"line":87,"column":null}},"24":{"start":{"line":86,"column":4},"end":{"line":86,"column":null}},"25":{"start":{"line":89,"column":8},"end":{"line":98,"column":null}},"26":{"start":{"line":91,"column":6},"end":{"line":95,"column":null}},"27":{"start":{"line":92,"column":21},"end":{"line":92,"column":null}},"28":{"start":{"line":93,"column":8},"end":{"line":93,"column":null}},"29":{"start":{"line":94,"column":8},"end":{"line":94,"column":null}},"30":{"start":{"line":100,"column":2},"end":{"line":117,"column":null}},"31":{"start":{"line":102,"column":4},"end":{"line":104,"column":null}},"32":{"start":{"line":103,"column":6},"end":{"line":103,"column":null}},"33":{"start":{"line":106,"column":23},"end":{"line":108,"column":null}},"34":{"start":{"line":109,"column":4},"end":{"line":109,"column":null}},"35":{"start":{"line":111,"column":25},"end":{"line":113,"column":null}},"36":{"start":{"line":112,"column":6},"end":{"line":112,"column":null}},"37":{"start":{"line":115,"column":4},"end":{"line":115,"column":null}},"38":{"start":{"line":116,"column":4},"end":{"line":116,"column":null}},"39":{"start":{"line":116,"column":17},"end":{"line":116,"column":null}},"40":{"start":{"line":119,"column":24},"end":{"line":121,"column":null}},"41":{"start":{"line":120,"column":4},"end":{"line":120,"column":null}},"42":{"start":{"line":120,"column":32},"end":{"line":120,"column":42}},"43":{"start":{"line":123,"column":22},"end":{"line":123,"column":null}},"44":{"start":{"line":123,"column":28},"end":{"line":123,"column":null}},"45":{"start":{"line":124,"column":23},"end":{"line":124,"column":null}},"46":{"start":{"line":124,"column":29},"end":{"line":124,"column":null}},"47":{"start":{"line":126,"column":8},"end":{"line":137,"column":null}},"48":{"start":{"line":128,"column":6},"end":{"line":134,"column":null}},"49":{"start":{"line":129,"column":8},"end":{"line":133,"column":null}},"50":{"start":{"line":130,"column":10},"end":{"line":130,"column":null}},"51":{"start":{"line":132,"column":10},"end":{"line":132,"column":null}},"52":{"start":{"line":139,"column":8},"end":{"line":146,"column":null}},"53":{"start":{"line":141,"column":6},"end":{"line":143,"column":null}},"54":{"start":{"line":142,"column":8},"end":{"line":142,"column":null}},"55":{"start":{"line":148,"column":8},"end":{"line":155,"column":null}},"56":{"start":{"line":150,"column":6},"end":{"line":152,"column":null}},"57":{"start":{"line":151,"column":8},"end":{"line":151,"column":null}},"58":{"start":{"line":157,"column":8},"end":{"line":162,"column":null}},"59":{"start":{"line":159,"column":6},"end":{"line":159,"column":null}},"60":{"start":{"line":164,"column":8},"end":{"line":166,"column":null}},"61":{"start":{"line":165,"column":4},"end":{"line":165,"column":null}},"62":{"start":{"line":168,"column":8},"end":{"line":181,"column":null}},"63":{"start":{"line":170,"column":6},"end":{"line":178,"column":null}},"64":{"start":{"line":171,"column":20},"end":{"line":171,"column":null}},"65":{"start":{"line":172,"column":8},"end":{"line":176,"column":null}},"66":{"start":{"line":173,"column":10},"end":{"line":173,"column":null}},"67":{"start":{"line":175,"column":10},"end":{"line":175,"column":null}},"68":{"start":{"line":177,"column":8},"end":{"line":177,"column":null}},"69":{"start":{"line":183,"column":2},"end":{"line":203,"column":null}},"70":{"start":{"line":207,"column":33},"end":{"line":213,"column":null}},"71":{"start":{"line":208,"column":8},"end":{"line":208,"column":null}},"72":{"start":{"line":209,"column":2},"end":{"line":211,"column":null}},"73":{"start":{"line":210,"column":4},"end":{"line":210,"column":null}},"74":{"start":{"line":212,"column":2},"end":{"line":212,"column":null}}},"fnMap":{"0":{"name":"(anonymous_0)","decl":{"start":{"line":33,"column":31},"end":{"line":33,"column":32}},"loc":{"start":{"line":33,"column":50},"end":{"line":42,"column":null}},"line":33},"1":{"name":"(anonymous_1)","decl":{"start":{"line":44,"column":31},"end":{"line":44,"column":37}},"loc":{"start":{"line":44,"column":37},"end":{"line":50,"column":null}},"line":44},"2":{"name":"(anonymous_2)","decl":{"start":{"line":52,"column":66},"end":{"line":52,"column":67}},"loc":{"start":{"line":54,"column":6},"end":{"line":205,"column":null}},"line":54},"3":{"name":"(anonymous_3)","decl":{"start":{"line":72,"column":4},"end":{"line":72,"column":10}},"loc":{"start":{"line":72,"column":10},"end":{"line":72,"column":null}},"line":72},"4":{"name":"(anonymous_4)","decl":{"start":{"line":75,"column":30},"end":{"line":75,"column":36}},"loc":{"start":{"line":75,"column":36},"end":{"line":75,"column":60}},"line":75},"5":{"name":"(anonymous_5)","decl":{"start":{"line":79,"column":12},"end":{"line":79,"column":18}},"loc":{"start":{"line":79,"column":18},"end":{"line":83,"column":5}},"line":79},"6":{"name":"(anonymous_6)","decl":{"start":{"line":85,"column":38},"end":{"line":85,"column":39}},"loc":{"start":{"line":85,"column":61},"end":{"line":87,"column":5}},"line":85},"7":{"name":"(anonymous_7)","decl":{"start":{"line":90,"column":4},"end":{"line":90,"column":5}},"loc":{"start":{"line":90,"column":49},"end":{"line":96,"column":null}},"line":90},"8":{"name":"(anonymous_8)","decl":{"start":{"line":91,"column":27},"end":{"line":91,"column":35}},"loc":{"start":{"line":91,"column":35},"end":{"line":95,"column":7}},"line":91},"9":{"name":"(anonymous_9)","decl":{"start":{"line":100,"column":12},"end":{"line":100,"column":18}},"loc":{"start":{"line":100,"column":18},"end":{"line":117,"column":5}},"line":100},"10":{"name":"(anonymous_10)","decl":{"start":{"line":111,"column":25},"end":{"line":111,"column":26}},"loc":{"start":{"line":111,"column":57},"end":{"line":113,"column":null}},"line":111},"11":{"name":"(anonymous_11)","decl":{"start":{"line":116,"column":11},"end":{"line":116,"column":17}},"loc":{"start":{"line":116,"column":17},"end":{"line":116,"column":null}},"line":116},"12":{"name":"(anonymous_12)","decl":{"start":{"line":119,"column":24},"end":{"line":119,"column":30}},"loc":{"start":{"line":119,"column":30},"end":{"line":121,"column":null}},"line":119},"13":{"name":"(anonymous_13)","decl":{"start":{"line":120,"column":19},"end":{"line":120,"column":32}},"loc":{"start":{"line":120,"column":32},"end":{"line":120,"column":42}},"line":120},"14":{"name":"(anonymous_14)","decl":{"start":{"line":123,"column":22},"end":{"line":123,"column":28}},"loc":{"start":{"line":123,"column":28},"end":{"line":123,"column":null}},"line":123},"15":{"name":"(anonymous_15)","decl":{"start":{"line":124,"column":23},"end":{"line":124,"column":29}},"loc":{"start":{"line":124,"column":29},"end":{"line":124,"column":null}},"line":124},"16":{"name":"(anonymous_16)","decl":{"start":{"line":127,"column":4},"end":{"line":127,"column":5}},"loc":{"start":{"line":127,"column":26},"end":{"line":135,"column":null}},"line":127},"17":{"name":"(anonymous_17)","decl":{"start":{"line":128,"column":28},"end":{"line":128,"column":36}},"loc":{"start":{"line":128,"column":36},"end":{"line":134,"column":7}},"line":128},"18":{"name":"(anonymous_18)","decl":{"start":{"line":140,"column":4},"end":{"line":140,"column":5}},"loc":{"start":{"line":140,"column":26},"end":{"line":144,"column":null}},"line":140},"19":{"name":"(anonymous_19)","decl":{"start":{"line":141,"column":28},"end":{"line":141,"column":36}},"loc":{"start":{"line":141,"column":36},"end":{"line":143,"column":7}},"line":141},"20":{"name":"(anonymous_20)","decl":{"start":{"line":149,"column":4},"end":{"line":149,"column":5}},"loc":{"start":{"line":149,"column":26},"end":{"line":153,"column":null}},"line":149},"21":{"name":"(anonymous_21)","decl":{"start":{"line":150,"column":28},"end":{"line":150,"column":36}},"loc":{"start":{"line":150,"column":36},"end":{"line":152,"column":7}},"line":150},"22":{"name":"(anonymous_22)","decl":{"start":{"line":158,"column":4},"end":{"line":158,"column":5}},"loc":{"start":{"line":158,"column":29},"end":{"line":160,"column":null}},"line":158},"23":{"name":"(anonymous_23)","decl":{"start":{"line":164,"column":34},"end":{"line":164,"column":40}},"loc":{"start":{"line":164,"column":40},"end":{"line":166,"column":5}},"line":164},"24":{"name":"(anonymous_24)","decl":{"start":{"line":169,"column":4},"end":{"line":169,"column":5}},"loc":{"start":{"line":169,"column":24},"end":{"line":179,"column":null}},"line":169},"25":{"name":"(anonymous_25)","decl":{"start":{"line":170,"column":23},"end":{"line":170,"column":31}},"loc":{"start":{"line":170,"column":31},"end":{"line":178,"column":7}},"line":170},"26":{"name":"(anonymous_26)","decl":{"start":{"line":207,"column":33},"end":{"line":207,"column":39}},"loc":{"start":{"line":207,"column":39},"end":{"line":213,"column":null
[...]
},"19":{"loc":{"start":{"line":171,"column":4},"end":{"line":173,"column":null}},"type":"if","locations":[{"start":{"line":171,"column":4},"end":{"line":173,"column":null}},{"start":{},"end":{}}],"line":171}},"s":{"0":4,"1":32,"2":32,"3":32,"4":32,"5":32,"6":40,"7":40,"8":40,"9":40,"10":40,"11":40,"12":40,"13":11,"14":11,"15":32,"16":29,"17":32,"18":4,"19":15,"20":15,"21":27,"22":27,"23":27,"24":9,"25":15,"26":4,"27":29,"28":1,"29":28,"30":13,"31":13,"32":15,"33":15,"34":27,"35":40,"36":27,"37":3,"38":24,"39":12,"40":4,"41":13,"42":5,"43":8,"44":20,"45":8,"46":33,"47":33,"48":0,"49":33,"50":33,"51":6,"52":27,"53":20,"54":2,"55":4,"56":61,"57":1,"58":60,"59":38,"60":22,"61":22,"62":102,"63":102,"64":0,"65":102,"66":20,"67":82,"68":38,"69":2},"f":{"0":32,"1":40,"2":11,"3":29,"4":15,"5":27,"6":29,"7":40,"8":13,"9":20,"10":20,"11":61},"b":{"0":[40],"1":[11,29],"2":[15],"3":[9,18],"4":[1,28],"5":[13,15],"6":[13,3],"7":[3,24],"8":[24,7],"9":[12,0],"10":[5,8],"11":[5,1],"12":[0,33],"13":[6,27],"14":[1,60],"15":[38,22],"16":[38,17],"17":[0,102],"18":[20,82],"19":[38,44]},"meta":{"lastBranch":20,"lastFunction":12,"lastStatement":70,"seen":{"s:23:34:48:Infinity":0,"f:23:34:23:35":0,"s:24:15:24:Infinity":1,"s:25:19:25:Infinity":2,"s:26:17:26:Infinity":3,"s:27:34:27:Infinity":4,"s:29:19:43:Infinity":5,"f:29:19:29:20":1,"b:29:58:29:65":0,"s:30:24:30:Infinity":6,"s:31:20:31:Infinity":7,"s:34:4:34:Infinity":8,"s:35:4:35:Infinity":9,"s:36:4:36:Infinity":10,"s:37:4:37:Infinity":11,"b:40:4:42:Infinity:undefined:undefined:undefined:undefined":1,"s:40:4:42:Infinity":12,"s:41:6:41:Infinity":13,"f:41:30:41:39":2,"s:41:39:41:67":14,"s:45:2:45:Infinity":15,"f:45:18:45:28":3,"s:45:28:45:44":16,"s:47:2:47:Infinity":17,"s:50:30:66:Infinity":18,"f:50:30:50:Infinity":4,"b:52:24:52:Infinity":2,"s:54:32:54:Infinity":19,"s:56:2:63:Infinity":20,"f:56:18:56:28":5,"s:57:24:57:Infinity":21,"s:58:4:58:Infinity":22,"b:60:4:62:Infinity:undefined:undefined:undefined:undefined":3,"s:60:4:62:Infinity":23,"s:61:6:61:Infinity":24,"s:65:2:65:Infinity":25,"s:72:32:100:Infinity":26,"f:72:32:72:Infinity":6,"b:77:2:79:Infinity:undefined:undefined:undefined:undefined":4,"s:77:2:79:Infinity":27,"s:78:4:78:Infinity":28,"b:82:2:85:Infinity:undefined:undefined:undefined:undefined":5,"s:82:2:85:Infinity":29,"s:83:20:83:Infinity":30,"s:84:4:84:Infinity":31,"b:84:11:84:41:84:41:84:Infinity":6,"s:89:21:89:Infinity":32,"s:91:2:97:Infinity":33,"s:92:4:92:Infinity":34,"f:92:32:92:42":7,"s:92:42:92:63":35,"b:93:4:95:Infinity:undefined:undefined:undefined:undefined":7,"s:93:4:95:Infinity":36,"s:94:6:94:Infinity":37,"s:96:4:96:Infinity":38,"b:96:19:96:39:96:39:96:Infinity":8,"s:99:2:99:Infinity":39,"b:99:9:99:20:99:20:99:Infinity":9,"s:106:34:140:Infinity":40,"f:106:34:106:Infinity":8,"b:112:2:114:Infinity:undefined:undefined:undefined:undefined":10,"s:112:2:114:Infinity":41,"s:113:4:113:Infinity":42,"b:113:11:113:44:113:44:113:Infinity":11,"s:117:59:122:Infinity":43,"f:118:4:118:15":9,"s:118:15:121:Infinity":44,"s:124:2:137:Infinity":45,"s:125:20:125:Infinity":46,"b:126:4:128:Infinity:undefined:undefined:undefined:undefined":12,"s:126:4:128:Infinity":47,"s:127:6:127:Infinity":48,"s:129:29:129:Infinity":49,"b:130:4:132:Infinity:undefined:undefined:undefined:undefined":13,"s:130:4:132:Infinity":50,"s:131:6:131:Infinity":51,"s:134:4:136:Infinity":52,"f:134:29:134:38":10,"s:135:6:135:Infinity":53,"s:139:2:139:Infinity":54,"s:146:30:177:Infinity":55,"f:146:30:146:Infinity":11,"b:151:2:153:Infinity:undefined:undefined:undefined:undefined":14,"s:151:2:153:Infinity":56,"s:152:4:152:Infinity":57,"b:156:2:158:Infinity:undefined:undefined:undefined:undefined":15,"s:156:2:158:Infinity":58,"s:157:4:157:Infinity":59,"b:157:11:157:40:157:40:157:Infinity":16,"s:161:16:161:Infinity":60,"s:163:2:174:Infinity":61,"s:164:19:164:Infinity":62,"b:165:4:167:Infinity:undefined:undefined:undefined:undefined":17,"s:165:4:167:Infinity":63,"s:166:6:166:Infinity":64,"b:168:4:170:Infinity:undefined:undefined:undefined:undefined":18,"s:168:4:170:Infinity":65,"s:169:6:169:Infinity":66,"b:171:4:173:Infinity:undefined:undefined:undefined:undefined":19,"s:171:4:173:Infinity":67,"s:172:6:172:Infinity":68,"s:176:2:176:Infinity":69}}}
,"/Users/cervantes/website/lum.bio/src/utils/sortHelpers.ts": {"path":"/Users/cervantes/website/lum.bio/src/utils/sortHelpers.ts","statementMap":{"0":{"start":{"line":3,"column":17},"end":{"line":6,"column":null}},"1":{"start":{"line":8,"column":28},"end":{"line":8,"column":null}},"2":{"start":{"line":8,"column":47},"end":{"line":8,"column":null}},"3":{"start":{"line":10,"column":32},"end":{"line":10,"column":null}},"4":{"start":{"line":11,"column":23},"end":{"line":11,"column":null}},"5":{"start":{"line":13,"column":23},"end":{"line":13,"column":null}},"6":{"start":{"line":13,"column":42},"end":{"line":13,"column":null}},"7":{"start":{"line":15,"column":30},"end":{"line":31,"column":null}},"8":{"start":{"line":16,"column":21},"end":{"line":16,"column":null}},"9":{"start":{"line":17,"column":2},"end":{"line":19,"column":null}},"10":{"start":{"line":18,"column":4},"end":{"line":18,"column":null}},"11":{"start":{"line":21,"column":2},"end":{"line":23,"column":null}},"12":{"start":{"line":22,"column":4},"end":{"line":22,"column":null}},"13":{"start":{"line":25,"column":22},"end":{"line":25,"column":null}},"14":{"start":{"line":26,"column":2},"end":{"line":28,"column":null}},"15":{"start":{"line":27,"column":4},"end":{"line":27,"column":null}},"16":{"start":{"line":30,"column":2},"end":{"line":30,"column":null}},"17":{"start":{"line":33,"column":35},"end":{"line":42,"column":null}},"18":{"start":{"line":37,"column":2},"end":{"line":39,"column":null}},"19":{"start":{"line":38,"column":4},"end":{"line":38,"column":null}},"20":{"start":{"line":40,"column":16},"end":{"line":40,"column":null}},"21":{"start":{"line":41,"column":2},"end":{"line":41,"column":null}},"22":{"start":{"line":44,"column":37},"end":{"line":69,"column":null}},"23":{"start":{"line":45,"column":21},"end":{"line":45,"column":null}},"24":{"start":{"line":47,"column":2},"end":{"line":68,"column":null}},"25":{"start":{"line":48,"column":14},"end":{"line":48,"column":null}},"26":{"start":{"line":49,"column":14},"end":{"line":49,"column":null}},"27":{"start":{"line":51,"column":21},"end":{"line":51,"column":null}},"28":{"start":{"line":52,"column":21},"end":{"line":52,"column":null}},"29":{"start":{"line":53,"column":23},"end":{"line":53,"column":null}},"30":{"start":{"line":54,"column":23},"end":{"line":54,"column":null}},"31":{"start":{"line":56,"column":4},"end":{"line":61,"column":null}},"32":{"start":{"line":57,"column":6},"end":{"line":59,"column":null}},"33":{"start":{"line":58,"column":8},"end":{"line":58,"column":null}},"34":{"start":{"line":60,"column":6},"end":{"line":60,"column":null}},"35":{"start":{"line":63,"column":4},"end":{"line":65,"column":null}},"36":{"start":{"line":64,"column":6},"end":{"line":64,"column":null}},"37":{"start":{"line":67,"column":4},"end":{"line":67,"column":null}},"38":{"start":{"line":71,"column":27},"end":{"line":78,"column":null}},"39":{"start":{"line":76,"column":21},"end":{"line":76,"column":null}},"40":{"start":{"line":77,"column":2},"end":{"line":77,"column":null}},"41":{"start":{"line":77,"column":35},"end":{"line":77,"column":71}},"42":{"start":{"line":80,"column":32},"end":{"line":87,"column":null}},"43":{"start":{"line":85,"column":2},"end":{"line":87,"column":null}},"44":{"start":{"line":89,"column":28},"end":{"line":93,"column":null}},"45":{"start":{"line":93,"column":6},"end":{"line":93,"column":null}},"46":{"start":{"line":95,"column":30},"end":{"line":96,"column":null}},"47":{"start":{"line":96,"column":2},"end":{"line":96,"column":null}}},"fnMap":{"0":{"name":"(anonymous_0)","decl":{"start":{"line":8,"column":28},"end":{"line":8,"column":29}},"loc":{"start":{"line":8,"column":47},"end":{"line":8,"column":null}},"line":8},"1":{"name":"(anonymous_1)","decl":{"start":{"line":13,"column":23},"end":{"line":13,"column":24}},"loc":{"start":{"line":13,"column":42},"end":{"line":13,"column":null}},"line":13},"2":{"name":"(anonymous_2)","decl":{"start":{"line":15,"column":30},"end":{"line":15,"column":31}},"loc":{"start":{"line":15,"column":64},"end":{"line":31,"column":null}},"line":15},"3":{"name":"(anonymous_3)","decl":{"start":{"line":33,"column":35},"end":{"line":33,"column":null}},"loc":{"start":{"line":36,"column":5},"end":{"line":42,"column":null}},"line":36},"4":{"name":"(anonymous_4)","decl":{"start":{"line":44,"column":37},"end":{"line":44,"column":38}},"loc":{"start":{"line":44,"column":63},"end":{"line":69,"column":null}},"line":44},"5":{"name":"(anonymous_5)","decl":{"start":{"line":47,"column":9},"end":{"line":47,"column":10}},"loc":{"start":{"line":47,"column":41},"end":{"line":68,"column":null}},"line":47},"6":{"name":"(anonymous_6)","decl":{"start":{"line":71,"column":27},"end":{"line":71,"column":null}},"loc":{"start":{"line":75,"column":10},"end":{"line":78,"column":null}},"line":75},"7":{"name":"(anonymous_7)","decl":{"start":{"line":77,"column":25},"end":{"line":77,"column":26}},"loc":{"start":{"line":77,"column":35},"end":{"line":77,"column":71}},"line":77},"8":{"name":"(anonymous_8)","decl":{"start":{"line":80,"column":32},"end":{"line":80,"column":33}},"loc":{"start":{"line":85,"column":2},"end":{"line":87,"column":null}},"line":85},"9":{"name":"(anonymous_9)","decl":{"start":{"line":89,"column":28},"end":{"line":89,"column":29}},"loc":{"start":{"line":93,"column":6},"end":{"line":93,"column":null}},"line":93},"10":{"name":"(anonymous_10)","decl":{"start":{"line":95,"column":30},"end":{"line":95,"column":31}},"loc":{"start":{"line":96,"column":2},"end":{"line":96,"column":null}},"line":96}},"branchMap":{"0":{"loc":{"start":{"line":17,"column":2},"end":{"line":19,"column":null}},"type":"if","locations":[{"start":{"line":17,"column":2},"end":{"line":19,"column":null}},{"start":{},"end":{}}],"line":17},"1":{"loc":{"start":{"line":21,"column":2},"end":{"line":23,"column":null}},"type":"if","locations":[{"start":{"line":21,"column":2},"end":{"line":23,"column":null}},{"start":{},"end":{}}],"line":21},"2":{"loc":{"start":{"line":26,"column":2},"end":{"line":28,"column":null}},"type":"if","locations":[{"start":{"line":26,"column":2},"end":{"line":28,"column":null}},{"start":{},"end":{}}],"line":26},"3":{"loc":{"start":{"line":35,"column":2},"end":{"line":35,"column":null}},"type":"default-arg","locations":[{"start":{"line":35,"column":61},"end":{"line":35,"column":null}}],"line":35},"4":{"loc":{"start":{"line":35,"column":4},"end":{"line":35,"column":27}},"type":"default-arg","locations":[{"start":{"line":35,"column":21},"end":{"line":35,"column":27}}],"line":35},"5":{"loc":{"start":{"line":37,"column":2},"end":{"line":39,"column":null}},"type":"if","locations":[{"start":{"line":37,"column":2},"end":{"line":39,"column":null}},{"start":{},"end":{}}],"line":37},"6":{"loc":{"start":{"line":40,"column":16},"end":{"line":40,"column":null}},"type":"cond-expr","locations":[{"start":{"line":40,"column":33},"end":{"line":40,"column":62}},{"start":{"line":40,"column":62},"end":{"line":40,"column":null}}],"line":40},"7":{"loc":{"start":{"line":45,"column":21},"end":{"line":45,"column":null}},"type":"cond-expr","locations":[{"start":{"line":45,"column":44},"end":{"line":45,"column":48}},{"start":{"line":45,"column":48},"end":{"line":45,"column":null}}],"line":45},"8":{"loc":{"start":{"line":56,"column":4},"end":{"line":61,"column":null}},"type":"if","locations":[{"start":{"line":56,"column":4},"end":{"line":61,"column":null}},{"start":{},"end":{}}],"line":56},"9":{"loc":{"start":{"line":56,"column":8},"end":{"line":56,"column":34}},"type":"binary-expr","locations":[{"start":{"line":56,"column":8},"end":{"line":56,"column":22}},{"start":{"line":56,"column":22},"end":{"line":56,"column":34}}],"line":56},"10":{"loc":{"start":{"line":57,"column":6},"end":{"line":59,"column":null}},"type":"if","locations":[{"start":{"line":57,"column":6},"end":{"line":59,"column":null}},{"start":{},"end":{}}],"line":57},"11":{"loc":{"start":{"line":63,"column":4},"end":{"line":65,"column":null}},"type":"if","locations":[{"start":{"line":63,"column":4},"end":{"line":65,"column":null}},{"start":{},"end":{}}],"line":63},"12":{"loc":{"start":{"line":64,"column":14},"end":{"line":64,"column":37}},"type":"cond-expr","locations":[{"start":{"line":64,"column":27},"end":{"line":64,"column":32}},{"start":{"line":64,"column":32},"end":{"line":64,"column":37}}],"line":64},"13":{"loc":{"start":{"line":72,"column":2},"end":{"line":72,"column":null}},"type":"default-arg","locations":[{"start":{"line":72,"column":15},"end":{"line":72,"column":null}}],"line":72},"14":{"loc":{"start":{"line":85,"column":22},"end":{"line":85,"column":68}},"type":"binary-expr","locations":[{"start":{"line":85,"column":22},"end":{"line":85,"column":39}},{"start":{"line":85,"column":39},"end":{"line":85,"column":53}},{"start":{"line":85,"column":53},"end":{"line":85,"column":64}},{"start":{"line":85,"column":64},"end":{"line":85,"column":68}}],"line":85},"15":{"loc":{"start":{"line":93,"column":26},"end":{"line":93,"column":69}},"type":"binary-expr","locations":[{"start":{"line":93,"column":26},"end":{"line":93,"column":39}},{"start":{"line":93,"column":39},"end":{"line":93,"column":56}},{"start":{"line":93,"column":56},"end":{"line":93,"column":67}},{"start":{"line":93,"column":67},"end":{"line":93,"column":69}}],"line":93},"16":{"loc":{"start":{"line":96,"column":22},"end":{"line":96,"column":52}},"type":"binary-expr","locations":[{"start":{"line":96,"column":22},"end":{"line":96,"column":37}},{"start":{"line":96,"column":37},"end":{"line":96,"column":50}},{"start":{"line":96,"column":50},"end":{"line":96,"column":52}}],"line":96}},"s":{"0":3,"1":3,"2":20,"3":3,"4":3,"5":3,"6":219,"7":3,"8":88,"9":88,"10":0,"11":88,"12":43,"13":45,"14":45,"15":22,"16":23,"17":3,"18":49,"19":6,"20":43,"21":49,"22":3,"23":11,"24":11,"25":44,"26":44,"27":44,"28":44,"29":44,"30":44,"31":44,"32":25,"33":24,"34":1,"35":19,"36":15,"37":4,"38":3,"39":6,"40":6,"41":20,"42":3,"43":14,"44":3,"45":7,"46":3,"47":14},"f":{"0":20,"1":219,"2":88,"3":49,"4":11,"5":44,"6":6,"7":20,"8":14,"9":7,"10":14},"b":{"0":[0,88],"1":[43,45],"2":[22,23],"3":[49],"4":[49],"5":[6,43],"6":[20,23],"7":[2,9],"8":[25,19],"9":[44,31],"10":[24,1],"11":[15,4],"12":[6,9],"13":[6],"14":[14,3,2,1],"15":[7,4,2,1],"16":[14,2,1]},"meta":{"lastBranch":17,"lastFunction":11,"lastStatement":48,"seen":{"s:3:17:6:Infinity":0,"s:8:28:8:Infinity":1,"f:8:28:8:29":0,"s:8:47:8:Infinity":2,"s:10:32:10:Infinity":3,"s:11:23:11:Infinity":4,"s:13:23:13:Infinity":5,"f:13:23:13:24":1,"s:13:42:13:Infinity":6,"s:15:30:31:Infinity":7,"f:15:30:15:31":2,"s:16:21:16:Infinity":8,"b:17:2:19:Infinity:undefined:undefined:undefined:undefined":0,"s:17:2:19:Infinity":9,"s:18:4:18:Infinity":10,"b:21:2:23:Infinity:undefined:undefined:undefined:undefined":1,"s:21:2:23:Infinity":11,"s:22:4:22:Infinity":12,"s:25:22:25:Infinity":13,"b:26:2:28:Infinity:undefined:undefined:undefined:undefined":2,"s:26:2:28:Infinity":14,"s:27:4:27:Infinity":15,"s:30:2:30:Infinity":16,"s:33:35:42:Infinity":17,"f:33:35:33:Infinity":3,"b:35:61:35:Infinity":3,"b:35:21:35:27":4,"b:37:2:39:Infinity:undefined:undefined:undefined:undefined":5,"s:37:2:39:Infinity":18,"s:38:4:38:Infinity":19,"s:40:16:40:Infinity":20,"b:40:33:40:62:40:62:40:Infinity":6,"s:41:2:41:Infinity":21,"s:44:37:69:Infinity":22,"f:44:37:44:38":4,"s:45:21:45:Infinity":23,"b:45:44:45:48:45:48:45:Infinity":7,"s:47:2:68:Infinity":24,"f:47:9:47:10":5,"s:48:14:48:Infinity":25,"s:49:14:49:Infinity":26,"s:51:21:51:Infinity":27,"s:52:21:52:Infinity":28,"s:53:23:53:Infinity":29,"s:54:23:54:Infinity":30,"b:56:4:61:Infinity:undefined:undefined:undefined:undefined":8,"s:56:4:61:Infinity":31,"b:56:8:56:22:56:22:56:34":9,"b:57:6:59:Infinity:undefined:undefined:undefined:undefined":10,"s:57:6:59:Infinity":32,"s:58:8:58:Infinity":33,"s:60:6:60:Infinity":34,"b:63:4:65:Infinity:undefined:undefined:undefined:undefined":11,"s:63:4:65:Infinity":35,"s:64:6:64:Infinity":36,"b:64:27:64:32:64:32:64:37":12,"s:67:4:67:Infinity":37,"s:71:27:78:Infinity":38,"f:71:27:71:Infinity":6,"b:72:15:72:Infinity":13,"s:76:21:76:Infinity":39,"s:77:2:77:Infinity":40,"f:77:25:77:26":7,"s:77:35:77:71":41,"s:80:32:87:Infinity":42,"f:80:32:80:33":8,"s:85:2:87:Infinity":43,"b:85:22:85:39:85:39:85:53:85:53:85:64:85:64:85:68":14,"s:89:28:93:Infinity":44,"f:89:28:89:29":9,"s:93:6:93:Infinity":45,"b:93:26:93:39:93:39:93:56:93:56:93:67:93:67:93:69":15,"s:95:30:96:Infinity":46,"f:95:30:95:31":10,"s:96:2:96:Infinity":47,"b:96:22:96:37:96:37:96:50:96:50:96:52":16}}}
,"/Users/cervantes/website/lum.bio/src/utils/urlHelpers.ts": {"path":"/Users/cervantes/website/lum.bio/src/utils/urlHelpers.ts","statementMap":{"0":{"start":{"line":11,"column":26},"end":{"line":11,"column":null}},"1":{"start":{"line":13,"column":23},"end":{"line":13,"column":null}},"2":{"start":{"line":22,"column":16},"end":{"line":22,"column":null}},"3":{"start":{"line":24,"column":2},"end":{"line":26,"column":null}},"4":{"start":{"line":25,"column":4},"end":{"line":25,"column":null}},"5":{"start":{"line":28,"column":2},"end":{"line":30,"column":null}},"6":{"start":{"line":29,"column":4},"end":{"line":29,"column":null}},"7":{"start":{"line":32,"column":2},"end":{"line":34,"column":null}},"8":{"start":{"line":33,"column":4},"end":{"line":33,"column":null}},"9":{"start":{"line":36,"column":2},"end":{"line":48,"column":null}},"10":{"start":{"line":37,"column":19},"end":{"line":37,"column":null}},"11":{"start":{"line":38,"column":4},"end":{"line":40,"column":null}},"12":{"start":{"line":39,"column":6},"end":{"line":39,"column":null}},"13":{"start":{"line":41,"column":4},"end":{"line":45,"column":null}},"14":{"start":{"line":47,"column":4},"end":{"line":47,"column":null}}},"fnMap":{"0":{"name":"getSafeUrl","decl":{"start":{"line":19,"column":16},"end":{"line":19,"column":null}},"loc":{"start":{"line":21,"column":22},"end":{"line":49,"column":null}},"line":21}},"branchMap":{"0":{"loc":{"start":{"line":24,"column":2},"end":{"line":26,"column":null}},"type":"if","locations":[{"start":{"line":24,"column":2},"end":{"line":26,"column":null}},{"start":{},"end":{}}],"line":24},"1":{"loc":{"start":{"line":24,"column":6},"end":{"line":24,"column":31}},"type":"binary-expr","locations":[{"start":{"line":24,"column":6},"end":{"line":24,"column":16}},{"start":{"line":24,"column":16},"end":{"line":24,"column":31}}],"line":24},"2":{"loc":{"start":{"line":28,"column":2},"end":{"line":30,"column":null}},"type":"if","locations":[{"start":{"line":28,"column":2},"end":{"line":30,"column":null}},{"start":{},"end":{}}],"line":28},"3":{"loc":{"start":{"line":32,"column":2},"end":{"line":34,"column":null}},"type":"if","locations":[{"start":{"line":32,"column":2},"end":{"line":34,"column":null}},{"start":{},"end":{}}],"line":32},"4":{"loc":{"start":{"line":38,"column":4},"end":{"line":40,"column":null}},"type":"if","locations":[{"start":{"line":38,"column":4},"end":{"line":40,"column":null}},{"start":{},"end":{}}],"line":38}},"s":{"0":1,"1":1,"2":8,"3":8,"4":3,"5":5,"6":1,"7":4,"8":1,"9":3,"10":3,"11":3,"12":2,"13":1,"14":0},"f":{"0":8},"b":{"0":[3,5],"1":[8,6],"2":[1,4],"3":[1,3],"4":[2,1]},"meta":{"lastBranch":5,"lastFunction":1,"lastStatement":15,"seen":{"s:11:26:11:Infinity":0,"s:13:23:13:Infinity":1,"f:19:16:19:Infinity":0,"s:22:16:22:Infinity":2,"b:24:2:26:Infinity:undefined:undefined:undefined:undefined":0,"s:24:2:26:Infinity":3,"b:24:6:24:16:24:16:24:31":1,"s:25:4:25:Infinity":4,"b:28:2:30:Infinity:undefined:undefined:undefined:undefined":2,"s:28:2:30:Infinity":5,"s:29:4:29:Infinity":6,"b:32:2:34:Infinity:undefined:undefined:undefined:undefined":3,"s:32:2:34:Infinity":7,"s:33:4:33:Infinity":8,"s:36:2:48:Infinity":9,"s:37:19:37:Infinity":10,"b:38:4:40:Infinity:undefined:undefined:undefined:undefined":4,"s:38:4:40:Infinity":11,"s:39:6:39:Infinity":12,"s:41:4:45:Infinity":13,"s:47:4:47:Infinity":14}}}
}
