{"total": {"lines":{"total":506,"covered":485,"skipped":0,"pct":95.84},"statements":{"total":540,"covered":518,"skipped":0,"pct":95.92},"functions":{"total":124,"covered":122,"skipped":0,"pct":98.38},"branches":{"total":240,"covered":214,"skipped":0,"pct":89.16},"branchesTrue":{"total":0,"covered":0,"skipped":0,"pct":100}}
,"/Users/cervantes/git/lum.bio/src/config/accessibility.ts": {"lines":{"total":1,"covered":1,"skipped":0,"pct":100},"functions":{"total":0,"covered":0,"skipped":0,"pct":100},"statements":{"total":1,"covered":1,"skipped":0,"pct":100},"branches":{"total":0,"covered":0,"skipped":0,"pct":100}}
,"/Users/cervantes/git/lum.bio/src/config/constants.ts": {"lines":{"total":8,"covered":8,"skipped":0,"pct":100},"functions":{"total":0,"covered":0,"skipped":0,"pct":100},"statements":{"total":8,"covered":8,"skipped":0,"pct":100},"branches":{"total":0,"covered":0,"skipped":0,"pct":100}}
,"/Users/cervantes/git/lum.bio/src/contexts/NavigationContext.tsx": {"lines":{"total":143,"covered":136,"skipped":0,"pct":95.1},"functions":{"total":26,"covered":26,"skipped":0,"pct":100},"statements":{"total":155,"covered":148,"skipped":0,"pct":95.48},"branches":{"total":74,"covered":63,"skipped":0,"pct":85.13}}
,"/Users/cervantes/git/lum.bio/src/contexts/SearchContext.tsx": {"lines":{"total":69,"covered":65,"skipped":0,"pct":94.2},"functions":{"total":25,"covered":24,"skipped":0,"pct":96},"statements":{"total":78,"covered":73,"skipped":0,"pct":93.58},"branches":{"total":35,"covered":30,"skipped":0,"pct":85.71}}
,"/Users/cervantes/git/lum.bio/src/contexts/SidebarContext.tsx": {"lines":{"total":59,"covered":56,"skipped":0,"pct":94.91},"functions":{"total":24,"covered":23,"skipped":0,"pct":95.83},"statements":{"total":64,"covered":61,"skipped":0,"pct":95.31},"branches":{"total":10,"covered":8,"skipped":0,"pct":80}}
,"/Users/cervantes/git/lum.bio/src/contexts/ThemeContext.tsx": {"lines":{"total":43,"covered":41,"skipped":0,"pct":95.34},"functions":{"total":8,"covered":8,"skipped":0,"pct":100},"statements":{"total":44,"covered":42,"skipped":0,"pct":95.45},"branches":{"total":24,"covered":22,"skipped":0,"pct":91.66}}
,"/Users/cervantes/git/lum.bio/src/hooks/useDebounce.ts": {"lines":{"total":7,"covered":7,"skipped":0,"pct":100},"functions":{"total":4,"covered":4,"skipped":0,"pct":100},"statements":{"total":7,"covered":7,"skipped":0,"pct":100},"branches":{"total":0,"covered":0,"skipped":0,"pct":100}}
,"/Users/cervantes/git/lum.bio/src/hooks/useSidebar.ts": {"lines":{"total":19,"covered":19,"skipped":0,"pct":100},"functions":{"total":6,"covered":6,"skipped":0,"pct":100},"statements":{"total":20,"covered":20,"skipped":0,"pct":100},"branches":{"total":3,"covered":3,"skipped":0,"pct":100}}
,"/Users/cervantes/git/lum.bio/src/hooks/useWindowSize.ts": {"lines":{"total":17,"covered":16,"skipped":0,"pct":94.11},"functions":{"total":5,"covered":5,"skipped":0,"pct":100},"statements":{"total":17,"covered":16,"skipped":0,"pct":94.11},"branches":{"total":6,"covered":5,"skipped":0,"pct":83.33}}
,"/Users/cervantes/git/lum.bio/src/utils/frontmatter.ts": {"lines":{"total":13,"covered":13,"skipped":0,"pct":100},"functions":{"total":2,"covered":2,"skipped":0,"pct":100},"statements":{"total":13,"covered":13,"skipped":0,"pct":100},"branches":{"total":4,"covered":4,"skipped":0,"pct":100}}
,"/Users/cervantes/git/lum.bio/src/utils/navigation.ts": {"lines":{"total":67,"covered":65,"skipped":0,"pct":97.01},"functions":{"total":12,"covered":12,"skipped":0,"pct":100},"statements":{"total":70,"covered":68,"skipped":0,"pct":97.14},"branches":{"total":38,"covered":34,"skipped":0,"pct":89.47}}
,"/Users/cervantes/git/lum.bio/src/utils/sortHelpers.ts": {"lines":{"total":45,"covered":44,"skipped":0,"pct":97.77},"functions":{"total":11,"covered":11,"skipped":0,"pct":100},"statements":{"total":48,"covered":47,"skipped":0,"pct":97.91},"branches":{"total":36,"covered":35,"skipped":0,"pct":97.22}}
,"/Users/cervantes/git/lum.bio/src/utils/urlHelpers.ts": {"lines":{"total":15,"covered":14,"skipped":0,"pct":93.33},"functions":{"total":1,"covered":1,"skipped":0,"pct":100},"statements":{"total":15,"covered":14,"skipped":0,"pct":93.33},"branches":{"total":10,"covered":10,"skipped":0,"pct":100}}
}
