{"total": {"lines":{"total":667,"covered":644,"skipped":0,"pct":96.55},"statements":{"total":710,"covered":686,"skipped":0,"pct":96.61},"functions":{"total":152,"covered":150,"skipped":0,"pct":98.68},"branches":{"total":331,"covered":298,"skipped":0,"pct":90.03},"branchesTrue":{"total":0,"covered":0,"skipped":0,"pct":100}}
,"/Users/cervantes/website/lum.bio/src/components/layout/StatusBar.tsx": {"lines":{"total":33,"covered":33,"skipped":0,"pct":100},"functions":{"total":7,"covered":7,"skipped":0,"pct":100},"statements":{"total":34,"covered":34,"skipped":0,"pct":100},"branches":{"total":48,"covered":44,"skipped":0,"pct":91.66}}
,"/Users/cervantes/website/lum.bio/src/config/accessibility.ts": {"lines":{"total":1,"covered":1,"skipped":0,"pct":100},"functions":{"total":0,"covered":0,"skipped":0,"pct":100},"statements":{"total":1,"covered":1,"skipped":0,"pct":100},"branches":{"total":0,"covered":0,"skipped":0,"pct":100}}
,"/Users/cervantes/website/lum.bio/src/config/constants.ts": {"lines":{"total":8,"covered":8,"skipped":0,"pct":100},"functions":{"total":0,"covered":0,"skipped":0,"pct":100},"statements":{"total":8,"covered":8,"skipped":0,"pct":100},"branches":{"total":0,"covered":0,"skipped":0,"pct":100}}
,"/Users/cervantes/website/lum.bio/src/contexts/NavigationContext.tsx": {"lines":{"total":143,"covered":141,"skipped":0,"pct":98.6},"functions":{"total":26,"covered":26,"skipped":0,"pct":100},"statements":{"total":155,"covered":153,"skipped":0,"pct":98.7},"branches":{"total":74,"covered":72,"skipped":0,"pct":97.29}}
,"/Users/cervantes/website/lum.bio/src/contexts/SearchContext.tsx": {"lines":{"total":81,"covered":81,"skipped":0,"pct":100},"functions":{"total":28,"covered":28,"skipped":0,"pct":100},"statements":{"total":91,"covered":91,"skipped":0,"pct":100},"branches":{"total":52,"covered":41,"skipped":0,"pct":78.84}}
,"/Users/cervantes/website/lum.bio/src/contexts/SidebarContext.tsx": {"lines":{"total":70,"covered":68,"skipped":0,"pct":97.14},"functions":{"total":27,"covered":27,"skipped":0,"pct":100},"statements":{"total":75,"covered":73,"skipped":0,"pct":97.33},"branches":{"total":16,"covered":13,"skipped":0,"pct":81.25}}
,"/Users/cervantes/website/lum.bio/src/contexts/ThemeContext.tsx": {"lines":{"total":43,"covered":41,"skipped":0,"pct":95.34},"functions":{"total":8,"covered":8,"skipped":0,"pct":100},"statements":{"total":44,"covered":42,"skipped":0,"pct":95.45},"branches":{"total":24,"covered":22,"skipped":0,"pct":91.66}}
,"/Users/cervantes/website/lum.bio/src/hooks/useDebounce.ts": {"lines":{"total":7,"covered":7,"skipped":0,"pct":100},"functions":{"total":4,"covered":4,"skipped":0,"pct":100},"statements":{"total":7,"covered":7,"skipped":0,"pct":100},"branches":{"total":0,"covered":0,"skipped":0,"pct":100}}
,"/Users/cervantes/website/lum.bio/src/hooks/useSidebar.ts": {"lines":{"total":22,"covered":22,"skipped":0,"pct":100},"functions":{"total":7,"covered":7,"skipped":0,"pct":100},"statements":{"total":23,"covered":23,"skipped":0,"pct":100},"branches":{"total":3,"covered":3,"skipped":0,"pct":100}}
,"/Users/cervantes/website/lum.bio/src/hooks/useWindowSize.ts": {"lines":{"total":17,"covered":16,"skipped":0,"pct":94.11},"functions":{"total":5,"covered":5,"skipped":0,"pct":100},"statements":{"total":17,"covered":16,"skipped":0,"pct":94.11},"branches":{"total":6,"covered":5,"skipped":0,"pct":83.33}}
,"/Users/cervantes/website/lum.bio/src/utils/frontmatter.ts": {"lines":{"total":13,"covered":13,"skipped":0,"pct":100},"functions":{"total":2,"covered":2,"skipped":0,"pct":100},"statements":{"total":13,"covered":13,"skipped":0,"pct":100},"branches":{"total":4,"covered":4,"skipped":0,"pct":100}}
,"/Users/cervantes/website/lum.bio/src/utils/integrity.ts": {"lines":{"total":102,"covered":90,"skipped":0,"pct":88.23},"functions":{"total":14,"covered":12,"skipped":0,"pct":85.71},"statements":{"total":109,"covered":96,"skipped":0,"pct":88.07},"branches":{"total":20,"covered":14,"skipped":0,"pct":70}}
,"/Users/cervantes/website/lum.bio/src/utils/navigation.ts": {"lines":{"total":67,"covered":65,"skipped":0,"pct":97.01},"functions":{"total":12,"covered":12,"skipped":0,"pct":100},"statements":{"total":70,"covered":68,"skipped":0,"pct":97.14},"branches":{"total":38,"covered":35,"skipped":0,"pct":92.1}}
,"/Users/cervantes/website/lum.bio/src/utils/sortHelpers.ts": {"lines":{"total":45,"covered":44,"skipped":0,"pct":97.77},"functions":{"total":11,"covered":11,"skipped":0,"pct":100},"statements":{"total":48,"covered":47,"skipped":0,"pct":97.91},"branches":{"total":36,"covered":35,"skipped":0,"pct":97.22}}
,"/Users/cervantes/website/lum.bio/src/utils/urlHelpers.ts": {"lines":{"total":15,"covered":14,"skipped":0,"pct":93.33},"functions":{"total":1,"covered":1,"skipped":0,"pct":100},"statements":{"total":15,"covered":14,"skipped":0,"pct":93.33},"branches":{"total":10,"covered":10,"skipped":0,"pct":100}}
}
