{"/Users/cervantes/git/lum.bio/src/components/layout/SearchPanel.tsx": {"path":"/Users/cervantes/git/lum.bio/src/components/layout/SearchPanel.tsx","statementMap":{"0":{"start":{"line":8,"column":23},"end":{"line":13,"column":null}},"1":{"start":{"line":9,"column":2},"end":{"line":11,"column":null}},"2":{"start":{"line":10,"column":4},"end":{"line":10,"column":null}},"3":{"start":{"line":12,"column":2},"end":{"line":12,"column":null}},"4":{"start":{"line":15,"column":30},"end":{"line":249,"column":null}},"5":{"start":{"line":16,"column":63},"end":{"line":17,"column":null}},"6":{"start":{"line":18,"column":24},"end":{"line":18,"column":null}},"7":{"start":{"line":19,"column":35},"end":{"line":19,"column":null}},"8":{"start":{"line":20,"column":8},"end":{"line":20,"column":null}},"9":{"start":{"line":21,"column":8},"end":{"line":21,"column":null}},"10":{"start":{"line":22,"column":8},"end":{"line":22,"column":null}},"11":{"start":{"line":23,"column":40},"end":{"line":23,"column":null}},"12":{"start":{"line":24,"column":8},"end":{"line":24,"column":null}},"13":{"start":{"line":25,"column":8},"end":{"line":25,"column":null}},"14":{"start":{"line":27,"column":2},"end":{"line":40,"column":null}},"15":{"start":{"line":28,"column":4},"end":{"line":34,"column":null}},"16":{"start":{"line":29,"column":6},"end":{"line":30,"column":null}},"17":{"start":{"line":31,"column":6},"end":{"line":31,"column":null}},"18":{"start":{"line":32,"column":6},"end":{"line":32,"column":null}},"19":{"start":{"line":33,"column":6},"end":{"line":33,"column":null}},"20":{"start":{"line":36,"column":4},"end":{"line":39,"column":null}},"21":{"start":{"line":37,"column":6},"end":{"line":37,"column":null}},"22":{"start":{"line":38,"column":6},"end":{"line":38,"column":null}},"23":{"start":{"line":43,"column":2},"end":{"line":45,"column":null}},"24":{"start":{"line":44,"column":4},"end":{"line":44,"column":null}},"25":{"start":{"line":47,"column":2},"end":{"line":109,"column":null}},"26":{"start":{"line":48,"column":4},"end":{"line":50,"column":null}},"27":{"start":{"line":49,"column":6},"end":{"line":49,"column":null}},"28":{"start":{"line":52,"column":33},"end":{"line":68,"column":null}},"29":{"start":{"line":53,"column":6},"end":{"line":55,"column":null}},"30":{"start":{"line":54,"column":8},"end":{"line":54,"column":null}},"31":{"start":{"line":57,"column":24},"end":{"line":63,"column":null}},"32":{"start":{"line":65,"column":6},"end":{"line":67,"column":null}},"33":{"start":{"line":67,"column":26},"end":{"line":67,"column":62}},"34":{"start":{"line":70,"column":26},"end":{"line":105,"column":null}},"35":{"start":{"line":71,"column":6},"end":{"line":75,"column":null}},"36":{"start":{"line":72,"column":8},"end":{"line":72,"column":null}},"37":{"start":{"line":73,"column":8},"end":{"line":73,"column":null}},"38":{"start":{"line":74,"column":8},"end":{"line":74,"column":null}},"39":{"start":{"line":77,"column":6},"end":{"line":79,"column":null}},"40":{"start":{"line":78,"column":8},"end":{"line":78,"column":null}},"41":{"start":{"line":81,"column":32},"end":{"line":81,"column":null}},"42":{"start":{"line":83,"column":6},"end":{"line":87,"column":null}},"43":{"start":{"line":84,"column":8},"end":{"line":84,"column":null}},"44":{"start":{"line":85,"column":8},"end":{"line":85,"column":null}},"45":{"start":{"line":86,"column":8},"end":{"line":86,"column":null}},"46":{"start":{"line":89,"column":27},"end":{"line":89,"column":null}},"47":{"start":{"line":90,"column":26},"end":{"line":90,"column":null}},"48":{"start":{"line":91,"column":28},"end":{"line":91,"column":null}},"49":{"start":{"line":93,"column":6},"end":{"line":99,"column":null}},"50":{"start":{"line":94,"column":8},"end":{"line":97,"column":null}},"51":{"start":{"line":95,"column":10},"end":{"line":95,"column":null}},"52":{"start":{"line":96,"column":10},"end":{"line":96,"column":null}},"53":{"start":{"line":98,"column":8},"end":{"line":98,"column":null}},"54":{"start":{"line":101,"column":6},"end":{"line":104,"column":null}},"55":{"start":{"line":102,"column":8},"end":{"line":102,"column":null}},"56":{"start":{"line":103,"column":8},"end":{"line":103,"column":null}},"57":{"start":{"line":107,"column":4},"end":{"line":107,"column":null}},"58":{"start":{"line":108,"column":4},"end":{"line":108,"column":null}},"59":{"start":{"line":108,"column":17},"end":{"line":108,"column":null}},"60":{"start":{"line":113,"column":8},"end":{"line":135,"column":null}},"61":{"start":{"line":115,"column":6},"end":{"line":133,"column":null}},"62":{"start":{"line":118,"column":8},"end":{"line":130,"column":null}},"63":{"start":{"line":120,"column":12},"end":{"line":120,"column":null}},"64":{"start":{"line":121,"column":12},"end":{"line":121,"column":null}},"65":{"start":{"line":123,"column":12},"end":{"line":123,"column":null}},"66":{"start":{"line":124,"column":12},"end":{"line":124,"column":null}},"67":{"start":{"line":126,"column":12},"end":{"line":126,"column":null}},"68":{"start":{"line":127,"column":12},"end":{"line":127,"column":null}},"69":{"start":{"line":129,"column":12},"end":{"line":129,"column":null}},"70":{"start":{"line":132,"column":8},"end":{"line":132,"column":null}},"71":{"start":{"line":137,"column":23},"end":{"line":147,"column":null}},"72":{"start":{"line":138,"column":4},"end":{"line":145,"column":null}},"73":{"start":{"line":139,"column":6},"end":{"line":139,"column":null}},"74":{"start":{"line":140,"column":4},"end":{"line":145,"column":null}},"75":{"start":{"line":141,"column":6},"end":{"line":141,"column":null}},"76":{"start":{"line":142,"column":4},"end":{"line":145,"column":null}},"77":{"start":{"line":143,"column":22},"end":{"line":143,"column":null}},"78":{"start":{"line":144,"column":6},"end":{"line":144,"column":null}},"79":{"start":{"line":146,"column":4},"end":{"line":146,"column":null}},"80":{"start":{"line":149,"column":28},"end":{"line":151,"column":null}},"81":{"start":{"line":150,"column":4},"end":{"line":150,"column":null}},"82":{"start":{"line":153,"column":22},"end":{"line":155,"column":null}},"83":{"start":{"line":154,"column":4},"end":{"line":154,"column":null}},"84":{"start":{"line":157,"column":29},"end":{"line":169,"column":null}},"85":{"start":{"line":158,"column":4},"end":{"line":168,"column":null}},"86":{"start":{"line":159,"column":6},"end":{"line":159,"column":null}},"87":{"start":{"line":160,"column":4},"end":{"line":168,"column":null}},"88":{"start":{"line":161,"column":6},"end":{"line":161,"column":null}},"89":{"start":{"line":162,"column":6},"end":{"line":164,"column":null}},"90":{"start":{"line":163,"column":8},"end":{"line":163,"column":null}},"91":{"start":{"line":165,"column":4},"end":{"line":168,"column":null}},"92":{"start":{"line":166,"column":6},"end":{"line":166,"column":null}},"93":{"start":{"line":167,"column":6},"end":{"line":167,"column":null}},"94":{"start":{"line":167,"column":32},"end":{"line":167,"column":56}},"95":{"start":{"line":171,"column":2},"end":{"line":173,"column":null}},"96":{"start":{"line":172,"column":4},"end":{"line":172,"column":null}},"97":{"start":{"line":175,"column":2},"end":{"line":247,"column":null}},"98":{"start":{"line":191,"column":26},"end":{"line":191,"column":null}},"99":{"start":{"line":206,"column":31},"end":{"line":206,"column":null}},"100":{"start":{"line":229,"column":12},"end":{"line":243,"column":null}},"101":{"start":{"line":233,"column":29},"end":{"line":233,"column":null}}},"fnMap":{"0":{"name":"(anonymous_0)","decl":{"start":{"line":8,"column":23},"end":{"line":8,"column":24}},"loc":{"start":{"line":8,"column":51},"end":{"line":13,"column":null}},"line":8},"1":{"name":"(anonymous_1)","decl":{"start":{"line":15,"column":30},"end":{"line":15,"column":36}},"loc":{"start":{"line":15,"column":36},"end":{"line":249,"column":null}},"line":15},"2":{"name":"(anonymous_2)","decl":{"start":{"line":27,"column":12},"end":{"line":27,"column":18}},"loc":{"start":{"line":27,"column":18},"end":{"line":40,"column":5}},"line":27},"3":{"name":"(anonymous_3)","decl":{"start":{"line":43,"column":12},"end":{"line":43,"column":18}},"loc":{"start":{"line":43,"column":18},"end":{"line":45,"column":5}},"line":43},"4":{"name":"(anonymous_4)","decl":{"start":{"line":47,"column":12},"end":{"line":47,"column":18}},"loc":{"start":{"line":47,"column":18},"end":{"line":109,"column":5}},"line":47},"5":{"name":"(anonymous_5)","decl":{"start":{"line":52,"column":33},"end":{"line":52,"column":39}},"loc":{"start":{"line":52,"column":39},"end":{"line":68,"column":null}},"line":52},"6":{"name":"(anonymous_6)","decl":{"start":{"line":67,"column":15},"end":{"line":67,"column":26}},"loc":{"start":{"line":67,"column":26},"end":{"line":67,"column":62}},"line":67},"7":{"name":"(anonymous_7)","decl":{"start":{"line":70,"column":26},"end":{"line":70,"column":27}},"loc":{"start":{"line":70,"column":52},"end":{"line":105,"column":null}},"line":70},"8":{"name":"(anonymous_8)","decl":{"start":{"line":108,"column":11},"end":{"line":108,"column":17}},"loc":{"start":{"line":108,"column":17},"end":{"line":108,"column":null}},"line":108},"9":{"name":"(anonymous_9)","decl":{"start":{"line":114,"column":4},"end":{"line":114,"column":null}},"loc":{"start":{"line":115,"column":6},"end":{"line":133,"column":null}},"line":115},"10":{"name":"(anonymous_10)","decl":{"start":{"line":115,"column":24},"end":{"line":115,"column":34}},"loc":{"start":{"line":115,"column":34},"end":{"line":133,"column":7}},"line":115},"11":{"name":"(anonymous_11)","decl":{"start":{"line":137,"column":23},"end":{"line":137,"column":24}},"loc":{"start":{"line":137,"column":49},"end":{"line":147,"column":null}},"line":137},"12":{"name":"(anonymous_12)","decl":{"start":{"line":149,"column":28},"end":{"line":149,"column":29}},"loc":{"start":{"line":149,"column":47},"end":{"line":151,"column":null}},"line":149},"13":{"name":"(anonymous_13)","decl":{"start":{"line":153,"column":22},"end":{"line":153,"column":28}},"loc":{"start":{"line":153,"column":28},"end":{"line":155,"column":null}},"line":153},"14":{"name":"(anonymous_14)","decl":{"start":{"line":157,"column":29},"end":{"line":157,"column":30}},"loc":{"start":{"line":157,"column":79},"end":{"line":169,"column":null}},"line":157},"15":{"name":"(anonymous_15)","decl":{"start":{"line":162,"column":23},"end":{"line":162,"column":null}},"loc":{"start":{"line":163,"column":8},"end":{"line":163,"column":null}},"line":163},"16":{"name":"(anonymous_16)","decl":{"start":{"line":167,"column":23},"end":{"line":167,"column":32}},"loc":{"start":{"line":167,"column":32},"end":{"line":167,"column":56}},"line":167},"17":{"name":"(anonymous_17)","decl":{"start":{"line":191,"column":17},"end":{"line":191,"column":26}},"loc":{"start":{"line":191,"column":26},"end":{"line":191,"column":null}},"line":191},"18":{"name":"(anonymous_18)","decl":{"start":{"line":206,"column":22},"end":{"line":206,"column":31}},"loc":{"start":{"line":206,"column":31},"end":{"line":206,"column":null}},"line":206},"19":{"name":"(anonymous_19)","decl":{"start":{"line":228,"column":32},"end":{"line":228,"column":33}},"loc":{"start":{"line":229,"column":12},"end":{"line":243,"column":null}},"line":229},"20":{"name":"(anonymous_20)","decl":{"start":{"line":233,"column":23},"end":{"line":233,"column":29}},"loc":{"start":{"line":233,"column":29},"end":{"line":233,"column":null}},"line":233}},"branchMap":{"0":{"loc":{"start":{"line":9,"column":2},"end":{"line":11,"column":null}},"type":"if","locations":[{"start":{"line":9,"column":2},"end":{"line":11,"column":null}},{"start":{},"end":{}}],"line":9},"1":{"loc":{"start":{"line":28,"column":4},"end":{"line":34,"column":null}},"type":"if","locations":[{"start":{"line":28,"column":4},"end":{"line":34,"column":null}},{"start":{},"end":{}}],"line":28},"2":{"loc":{"start":{"line":30,"column":9},"end":{"line":30,"column":null}},"type":"binary-expr","locations":[{"start":{"line":30,"column":9},"end":{"line":30,"column":58}},{"start":{"line":30,"column":58},"end":{"line":30,"column":null}}],"line":30},"3":{"loc":{"start":{"line":36,"column":4},"end":{"line":39,"column":null}},"type":"if","locations":[{"start":{"line":36,"column":4},"end":{"line":39,"column":null}},{"start":{},"end":{}}],"line":36},"4":{"loc":{"start":{"line":48,"column":4},"end":{"line":50,"column":null}},"type":"if","locations":[{"start":{"line":48,"column":4},"end":{"line":50,"column":null}},{"start":{},"end":{}}],"line":48},"5":{"loc":{"start":{"line":53,"column":6},"end":{"line":55,"column":null}},"type":"if","locations":[{"start":{"line":53,"column":6},"end":{"line":55,"column":null}},{"start":{},"end":{}}],"line":53},"6":{"loc":{"start":{"line":71,"column":6},"end":{"line":75,"column":null}},"type":"if","locations":[{"start":{"line":71,"column":6},"end":{"line":75,"column":null}},{"start":{},"end":{}}],"line":71},"7":{"loc":{"start":{"line":77,"column":6},"end":{"line":79,"column":null}},"type":"if","locations":[{"start":{"line":77,"column":6},"end":{"line":79,"column":null}},{"start":{},"end":{}}],"line":77},"8":{"loc":{"start":{"line":83,"column":6},"end":{"line":87,"column":null}},"type":"if","locations":[{"start":{"line":83,"column":6},"end":{"line":87,"column":null}},{"start":{},"end":{}}],"line":83},"9":{"loc":{"start":{"line":93,"column":6},"end":{"line":99,"column":null}},"type":"if","locations":[{"start":{"line":93,"column":6},"end":{"line":99,"column":null}},{"start":{},"end":{}}],"line":93},"10":{"loc":{"start":{"line":94,"column":8},"end":{"line":97,"column":null}},"type":"if","locations":[{"start":{"line":94,"column":8},"end":{"line":97,"column":null}},{"start":{},"end":{}}],"line":94},"11":{"loc":{"start":{"line":94,"column":12},"end":{"line":94,"column":62}},"type":"binary-expr","locations":[{"start":{"line":94,"column":12},"end":{"line":94,"column":30}},{"start":{"line":94,"column":30},"end":{"line":94,"column":62}}],"line":94},"12":{"loc":{"start":{"line":101,"column":6},"end":{"line":104,"column":null}},"type":"if","locations":[{"start":{"line":101,"column":6},"end":{"line":104,"column":null}},{"start":{},"end":{}}],"line":101},"13":{"loc":{"start":{"line":118,"column":8},"end":{"line":130,"column":null}},"type":"switch","locations":[{"start":{"line":119,"column":10},"end":{"line":121,"column":null}},{"start":{"line":122,"column":10},"end":{"line":124,"column":null}},{"start":{"line":125,"column":10},"end":{"line":127,"column":null}},{"start":{"line":128,"column":10},"end":{"line":129,"column":null}}],"line":118},"14":{"loc":{"start":{"line":138,"column":4},"end":{"line":145,"column":null}},"type":"if","locations":[{"start":{"line":138,"column":4},"end":{"line":145,"column":null}},{"start":{"line":140,"column":4},"end":{"line":145,"column":null}}],"line":138},"15":{"loc":{"start":{"line":140,"column":4},"end":{"line":145,"column":null}},"type":"if","locations":[{"start":{"line":140,"column":4},"end":{"line":145,"column":null}},{"start":{"line":142,"column":4},"end":{"line":145,"column":null}}],"line":140},"16":{"loc":{"start":{"line":142,"column":4},"end":{"line":145,"column":null}},"type":"if","locations":[{"start":{"line":142,"column":4},"end":{"line":145,"column":null}},{"start":{},"end":{}}],"line":142},"17":{"loc":{"start":{"line":143,"column":22},"end":{"line":143,"column":null}},"type":"binary-expr","locations":[{"start":{"line":143,"column":22},"end":{"line":143,"column":45}},{"start":{"line":143,"column":45},"end":{"line":143,"column":null}}],"line":143},"18":{"loc":{"start":{"line":158,"column":4},"end":{"line":168,"column":null}},"type":"if","locations":[{"start":{"line":158,"column":4},"end":{"line":168,"column":null}},{"start":{"line":160,"column":4},"end":{"line":168,"column":null}}],"line":158},"19":{"loc":{"start":{"line":158,"column":8},"end":{"line":158,"column":62}},"type":"binary-expr","locations":[{"start":{"line":158,"column":8},"end":{"line":158,"column":33}},{"start":{"line":158,"column":33},"end":{"line":158,"column":62}}],"line":158},"20":{"loc":{"start":{"line":160,"column":4},"end":{"line":168,"column":null}},"type":"if","locations":[{"start":{"line":160,"column":4},"end":{"line":168,"column":null}},{"start":{"line":165,"column":4},"end":{"line":168,"column":null}}],"line":160},"21":{"loc":{"start":{"line":163,"column":8},"end":{"line":163,"column":null}},"type":"cond-expr","locations":[{"start":{"line":163,"column":45},"end":{"line":163,"column":56}},{"start":{"line":163,"column":56},"end":{"line":163,"column":null}}],"line":163},"22":{"loc":{"start":{"line":165,"column":4},"end":{"line":168,"column":null}},"type":"if","locations":[{"start":{"line":165,"column":4},"end":{"line":168,"column":null}},{"start":{},"end":{}}],"line":165},"23":{"loc":{"start":{"line":167,"column":32},"end":{"line":167,"column":56}},"type":"cond-expr","locations":[{"start":{"line":167,"column":43},"end":{"line":167,"column":54}},{"start":{"line":167,"column":54},"end":{"line":167,"column":56}}],"line":167},"24":{"loc":{"start":{"line":171,"column":2},"end":{"line":173,"column":null}},"type":"if","locations":[{"start":{"line":171,"column":2},"end":{"line":173,"column":null}},{"start":{},"end":{}}],"line":171},"25":{"loc":{"start":{"line":220,"column":11},"end":{"line":223,"column":null}},"type":"binary-expr","locations":[{"start":{"line":220,"column":11},"end":{"line":220,"column":null}},{"start":{"line":221,"column":12},"end":{"line":223,"column":null}}],"line":220},"26":{"loc":{"start":{"line":225,"column":11},"end":{"line":226,"column":null}},"type":"binary-expr","locations":[{"start":{"line":225,"column":11},"end":{"line":225,"column":44}},{"start":{"line":225,"column":44},"end":{"line":225,"column":null}},{"start":{"line":226,"column":12},"end":{"line":226,"column":null}}],"line":225},"27":{"loc":{"start":{"line":231,"column":55},"end":{"line":231,"column":119}},"type":"cond-expr","locations":[{"start":{"line":231,"column":81},"end":{"line":231,"column":117}},{"start":{"line":231,"column":117},"end":{"line":231,"column":119}}],"line":231},"28":{"loc":{"start":{"line":238,"column":15},"end":{"line":242,"column":null}},"type":"cond-expr","locations":[{"start":{"line":239,"column":16},"end":{"line":241,"column":null}},{"start":{"line":242,"column":18},"end":{"line":242,"column":null}}],"line":238},"29":{"loc":{"start":{"line":238,"column":15},"end":{"line":238,"column":null}},"type":"binary-expr","locations":[{"start":{"line":238,"column":15},"end":{"line":238,"column":35}},{"start":{"line":238,"column":35},"end":{"line":238,"column":null}}],"line":238}},"s":{"0":2,"1":10,"2":0,"3":10,"4":2,"5":16,"6":16,"7":16,"8":16,"9":16,"10":16,"11":16,"12":16,"13":16,"14":16,"15":10,"16":7,"17":7,"18":7,"19":7,"20":3,"21":1,"22":1,"23":16,"24":7,"25":16,"26":10,"27":3,"28":7,"29":3,"30":0,"31":3,"32":3,"33":4,"34":7,"35":9,"36":1,"37":1,"38":1,"39":8,"40":5,"41":3,"42":3,"43":1,"44":1,"45":1,"46":2,"47":2,"48":2,"49":2,"50":1,"51":1,"52":1,"53":1,"54":1,"55":1,"56":1,"57":7,"58":7,"59":7,"60":16,"61":7,"62":15,"63":5,"64":5,"65":5,"66":5,"67":5,"68":5,"69":0,"70":15,"71":16,"72":3,"73":1,"74":2,"75":1,"76":1,"77":1,"78":1,"79":3,"80":16,"81":1,"82":16,"83":1,"84":16,"85":8,"86":1,"87":7,"88":1,"89":1,"90":1,"91":6,"92":1,"93":1,"94":1,"95":16,"96":6,"97":10,"98":4,"99":1,"100":24,"101":2},"f":{"0":10,"1":16,"2":10,"3":7,"4":10,"5":3,"6":4,"7":9,"8":7,"9":7,"10":15,"11":3,"12":1,"13":1,"14":8,"15":1,"16":1,"17":4,"18":1,"19":24,"20":2},"b":{"0":[0,10],"1":[7,3],"2":[7,0],"3":[1,2],"4":[3,7],"5":[0,3],"6":[1,8],"7":[5,3],"8":[1,2],"9":[1,1],"10":[1,0],"11":[1,1],"12":[1,0],"13":[5,5,5,0],"14":[1,2],"15":[1,1],"16":[1,0],"17":[1,1],"18":[1,7],"19":[8,1],"20":[1,6],"21":[1,0],"22":[1,5],"23":[1,0],"24":[6,10],"25":[10,2],"26":[16,8,0],"27":[8,16],"28":[24,0],"29":[24,24]},"meta":{"lastBranch":30,"lastFunction":21,"lastStatement":102,"seen":{"s:8:23:13:Infinity":0,"f:8:23:8:24":0,"b:9:2:11:Infinity:undefined:undefined:undefined:undefined":0,"s:9:2:11:Infinity":1,"s:10:4:10:Infinity":2,"s:12:2:12:Infinity":3,"s:15:30:249:Infinity":4,"f:15:30:15:36":1,"s:16:63:17:Infinity":5,"s:18:24:18:Infinity":6,"s:19:35:19:Infinity":7,"s:20:8:20:Infinity":8,"s:21:8:21:Infinity":9,"s:22:8:22:Infinity":10,"s:23:40:23:Infinity":11,"s:24:8:24:Infinity":12,"s:25:8:25:Infinity":13,"s:27:2:40:Infinity":14,"f:27:12:27:18":2,"b:28:4:34:Infinity:undefined:undefined:undefined:undefined":1,"s:28:4:34:Infinity":15,"s:29:6:30:Infinity":16,"b:30:9:30:58:30:58:30:Infinity":2,"s:31:6:31:Infinity":17,"s:32:6:32:Infinity":18,"s:33:6:33:Infinity":19,"b:36:4:39:Infinity:undefined:undefined:undefined:undefined":3,"s:36:4:39:Infinity":20,"s:37:6:37:Infinity":21,"s:38:6:38:Infinity":22,"s:43:2:45:Infinity":23,"f:43:12:43:18":3,"s:44:4:44:Infinity":24,"s:47:2:109:Infinity":25,"f:47:12:47:18":4,"b:48:4:50:Infinity:undefined:undefined:undefined:undefined":4,"s:48:4:50:Infinity":26,"s:49:6:49:Infinity":27,"s:52:33:68:Infinity":28,"f:52:33:52:39":5,"b:53:6:55:Infinity:undefined:undefined:undefined:undefined":5,"s:53:6:55:Infinity":29,"s:54:8:54:Infinity":30,"s:57:24:63:Infinity":31,"s:65:6:67:Infinity":32,"f:67:15:67:26":6,"s:67:26:67:62":33,"s:70:26:105:Infinity":34,"f:70:26:70:27":7,"b:71:6:75:Infinity:undefined:undefined:undefined:undefined":6,"s:71:6:75:Infinity":35,"s:72:8:72:Infinity":36,"s:73:8:73:Infinity":37,"s:74:8:74:Infinity":38,"b:77:6:79:Infinity:undefined:undefined:undefined:undefined":7,"s:77:6:79:Infinity":39,"s:78:8:78:Infinity":40,"s:81:32:81:Infinity":41,"b:83:6:87:Infinity:undefined:undefined:undefined:undefined":8,"s:83:6:87:Infinity":42,"s:84:8:84:Infinity":43,"s:85:8:85:Infinity":44,"s:86:8:86:Infinity":45,"s:89:27:89:Infinity":46,"s:90:26:90:Infinity":47,"s:91:28:91:Infinity":48,"b:93:6:99:Infinity:undefined:undefined:undefined:undefined":9,"s:93:6:99:Infinity":49,"b:94:8:97:Infinity:undefined:undefined:undefined:undefined":10,"s:94:8:97:Infinity":50,"b:94:12:94:30:94:30:94:62":11,"s:95:10:95:Infinity":51,"s:96:10:96:Infinity":52,"s:98:8:98:Infinity":53,"b:101:6:104:Infinity:undefined:undefined:undefined:undefined":12,"s:101:6:104:Infinity":54,"s:102:8:102:Infinity":55,"s:103:8:103:Infinity":56,"s:107:4:107:Infinity":57,"s:108:4:108:Infinity":58,"f:108:11:108:17":8,"s:108:17:108:Infinity":59,"s:113:8:135:Infinity":60,"f:114:4:114:Infinity":9,"s:115:6:133:Infinity":61,"f:115:24:115:34":10,"b:119:10:121:Infinity:122:10:124:Infinity:125:10:127:Infinity:128:10:129:Infinity":13,"s:118:8:130:Infinity":62,"s:120:12:120:Infinity":63,"s:121:12:121:Infinity":64,"s:123:12:123:Infinity":65,"s:124:12:124:Infinity":66,"s:126:12:126:Infinity":67,"s:127:12:127:Infinity":68,"s:129:12:129:Infinity":69,"s:132:8:132:Infinity":70,"s:137:23:147:Infinity":71,"f:137:23:137:24":11,"b:138:4:145:Infinity:140:4:145:Infinity":14,"s:138:4:145:Infinity":72,"s:139:6:139:Infinity":73,"b:140:4:145:Infinity:142:4:145:Infinity":15,"s:140:4:145:Infinity":74,"s:141:6:141:Infinity":75,"b:142:4:145:Infinity:undefined:undefined:undefined:undefined":16,"s:142:4:145:Infinity":76,"s:143:22:143:Infinity":77,"b:143:22:143:45:143:45:143:Infinity":17,"s:144:6:144:Infinity":78,"s:146:4:146:Infinity":79,"s:149:28:151:Infinity":80,"f:149:28:149:29":12,"s:150:4:150:Infinity":81,"s:153:22:155:Infinity":82,"f:153:22:153:28":13,"s:154:4:154:Infinity":83,"s:157:29:169:Infinity":84,"f:157:29:157:30":14,"b:158:4:168:Infinity:160:4:168:Infinity":18,"s:158:4:168:Infinity":85,"b:158:8:158:33:158:33:158:62":19,"s:159:6:159:Infinity":86,"b:160:4:168:Infinity:165:4:168:Infinity":20,"s:160:4:168:Infinity":87,"s:161:6:161:Infinity":88,"s:162:6:164:Infinity":89,"f:162:23:162:Infinity":15,"s:163:8:163:Infinity":90,"b:163:45:163:56:163:56:163:Infinity":21,"b:165:4:168:Infinity:undefined:undefined:undefined:undefined":22,"s:165:4:168:Infinity":91,"s:166:6:166:Infinity":92,"s:167:6:167:Infinity":93,"f:167:23:167:32":16,"s:167:32:167:56":94,"b:167:43:167:54:167:54:167:56":23,"b:171:2:173:Infinity:undefined:undefined:undefined:undefined":24,"s:171:2:173:Infinity":95,"s:172:4:172:Infinity":96,"s:175:2:247:Infinity":97,"f:191:17:191:26":17,"s:191:26:191:Infinity":98,"f:206:22:206:31":18,"s:206:31:206:Infinity":99,"b:220:11:220:Infinity:221:12:223:Infinity":25,"b:225:11:225:44:225:44:225:Infinity:226:12:226:Infinity":26,"f:228:32:228:33":19,"s:229:12:243:Infinity":100,"b:231:81:231:117:231:117:231:119":27,"f:233:23:233:29":20,"s:233:29:233:Infinity":101,"b:239:16:241:Infinity:242:18:242:Infinity":28,"b:238:15:238:35:238:35:238:Infinity":29}}}
,"/Users/cervantes/git/lum.bio/src/config/accessibility.ts": {"path":"/Users/cervantes/git/lum.bio/src/config/accessibility.ts","statementMap":{"0":{"start":{"line":4,"column":31},"end":{"line":4,"column":null}}},"fnMap":{},"branchMap":{},"s":{"0":2},"f":{},"b":{},"meta":{"lastBranch":0,"lastFunction":0,"lastStatement":1,"seen":{"s:4:31:4:Infinity":0}}}
,"/Users/cervantes/git/lum.bio/src/config/constants.ts": {"path":"/Users/cervantes/git/lum.bio/src/config/constants.ts","statementMap":{"0":{"start":{"line":8,"column":27},"end":{"line":13,"column":null}},"1":{"start":{"line":18,"column":31},"end":{"line":23,"column":null}},"2":{"start":{"line":28,"column":35},"end":{"line":32,"column":null}},"3":{"start":{"line":37,"column":28},"end":{"line":46,"column":null}},"4":{"start":{"line":51,"column":28},"end":{"line":56,"column":null}},"5":{"start":{"line":61,"column":30},"end":{"line":66,"column":null}},"6":{"start":{"line":71,"column":28},"end":{"line":80,"column":null}},"7":{"start":{"line":85,"column":33},"end":{"line":92,"column":null}}},"fnMap":{},"branchMap":{},"s":{"0":6,"1":6,"2":6,"3":6,"4":6,"5":6,"6":6,"7":6},"f":{},"b":{},"meta":{"lastBranch":0,"lastFunction":0,"lastStatement":8,"seen":{"s:8:27:13:Infinity":0,"s:18:31:23:Infinity":1,"s:28:35:32:Infinity":2,"s:37:28:46:Infinity":3,"s:51:28:56:Infinity":4,"s:61:30:66:Infinity":5,"s:71:28:80:Infinity":6,"s:85:33:92:Infinity":7}}}
,"/Users/cervantes/git/lum.bio/src/contexts/NavigationContext.tsx": {"path":"/Users/cervantes/git/lum.bio/src/contexts/NavigationContext.tsx","statementMap":{"0":{"start":{"line":40,"column":6},"end":{"line":42,"column":null}},"1":{"start":{"line":45,"column":8},"end":{"line":45,"column":null}},"2":{"start":{"line":46,"column":8},"end":{"line":46,"column":null}},"3":{"start":{"line":47,"column":36},"end":{"line":47,"column":null}},"4":{"start":{"line":48,"column":36},"end":{"line":48,"column":null}},"5":{"start":{"line":49,"column":40},"end":{"line":49,"column":null}},"6":{"start":{"line":50,"column":44},"end":{"line":50,"column":null}},"7":{"start":{"line":51,"column":40},"end":{"line":51,"column":null}},"8":{"start":{"line":52,"column":40},"end":{"line":52,"column":null}},"9":{"start":{"line":55,"column":8},"end":{"line":58,"column":null}},"10":{"start":{"line":56,"column":4},"end":{"line":56,"column":null}},"11":{"start":{"line":60,"column":8},"end":{"line":60,"column":null}},"12":{"start":{"line":60,"column":35},"end":{"line":60,"column":53}},"13":{"start":{"line":62,"column":8},"end":{"line":80,"column":null}},"14":{"start":{"line":64,"column":6},"end":{"line":78,"column":null}},"15":{"start":{"line":65,"column":8},"end":{"line":67,"column":null}},"16":{"start":{"line":66,"column":10},"end":{"line":66,"column":null}},"17":{"start":{"line":69,"column":14},"end":{"line":69,"column":null}},"18":{"start":{"line":70,"column":8},"end":{"line":72,"column":null}},"19":{"start":{"line":71,"column":10},"end":{"line":71,"column":null}},"20":{"start":{"line":73,"column":21},"end":{"line":73,"column":null}},"21":{"start":{"line":73,"column":49},"end":{"line":73,"column":68}},"22":{"start":{"line":74,"column":8},"end":{"line":76,"column":null}},"23":{"start":{"line":75,"column":10},"end":{"line":75,"column":null}},"24":{"start":{"line":77,"column":8},"end":{"line":77,"column":null}},"25":{"start":{"line":82,"column":8},"end":{"line":82,"column":null}},"26":{"start":{"line":82,"column":35},"end":{"line":82,"column":58}},"27":{"start":{"line":85,"column":2},"end":{"line":125,"column":null}},"28":{"start":{"line":86,"column":4},"end":{"line":86,"column":null}},"29":{"start":{"line":86,"column":23},"end":{"line":86,"column":null}},"30":{"start":{"line":88,"column":24},"end":{"line":88,"column":null}},"31":{"start":{"line":89,"column":4},"end":{"line":92,"column":null}},"32":{"start":{"line":90,"column":6},"end":{"line":90,"column":null}},"33":{"start":{"line":91,"column":6},"end":{"line":91,"column":null}},"34":{"start":{"line":94,"column":21},"end":{"line":94,"column":null}},"35":{"start":{"line":96,"column":4},"end":{"line":99,"column":null}},"36":{"start":{"line":97,"column":6},"end":{"line":97,"column":null}},"37":{"start":{"line":98,"column":6},"end":{"line":98,"column":null}},"38":{"start":{"line":102,"column":4},"end":{"line":111,"column":null}},"39":{"start":{"line":103,"column":21},"end":{"line":103,"column":null}},"40":{"start":{"line":104,"column":19},"end":{"line":104,"column":null}},"41":{"start":{"line":104,"column":44},"end":{"line":104,"column":59}},"42":{"start":{"line":105,"column":6},"end":{"line":108,"column":null}},"43":{"start":{"line":106,"column":8},"end":{"line":106,"column":null}},"44":{"start":{"line":107,"column":8},"end":{"line":107,"column":null}},"45":{"start":{"line":109,"column":6},"end":{"line":109,"column":null}},"46":{"start":{"line":110,"column":6},"end":{"line":110,"column":null}},"47":{"start":{"line":114,"column":4},"end":{"line":122,"column":null}},"48":{"start":{"line":115,"column":24},"end":{"line":115,"column":null}},"49":{"start":{"line":117,"column":12},"end":{"line":117,"column":null}},"50":{"start":{"line":118,"column":6},"end":{"line":121,"column":null}},"51":{"start":{"line":119,"column":8},"end":{"line":119,"column":null}},"52":{"start":{"line":120,"column":8},"end":{"line":120,"column":null}},"53":{"start":{"line":124,"column":4},"end":{"line":124,"column":null}},"54":{"start":{"line":128,"column":2},"end":{"line":156,"column":null}},"55":{"start":{"line":129,"column":4},"end":{"line":129,"column":null}},"56":{"start":{"line":129,"column":24},"end":{"line":129,"column":null}},"57":{"start":{"line":131,"column":4},"end":{"line":136,"column":null}},"58":{"start":{"line":132,"column":6},"end":{"line":134,"column":null}},"59":{"start":{"line":133,"column":8},"end":{"line":133,"column":null}},"60":{"start":{"line":135,"column":6},"end":{"line":135,"column":null}},"61":{"start":{"line":138,"column":24},"end":{"line":138,"column":null}},"62":{"start":{"line":141,"column":17},"end":{"line":141,"column":null}},"63":{"start":{"line":141,"column":42},"end":{"line":141,"column":62}},"64":{"start":{"line":142,"column":4},"end":{"line":148,"column":null}},"65":{"start":{"line":143,"column":18},"end":{"line":143,"column":null}},"66":{"start":{"line":144,"column":6},"end":{"line":146,"column":null}},"67":{"start":{"line":145,"column":8},"end":{"line":145,"column":null}},"68":{"start":{"line":147,"column":6},"end":{"line":147,"column":null}},"69":{"start":{"line":151,"column":23},"end":{"line":151,"column":null}},"70":{"start":{"line":152,"column":16},"end":{"line":152,"column":null}},"71":{"start":{"line":153,"column":4},"end":{"line":155,"column":null}},"72":{"start":{"line":154,"column":6},"end":{"line":154,"column":null}},"73":{"start":{"line":158,"column":21},"end":{"line":169,"column":null}},"74":{"start":{"line":161,"column":6},"end":{"line":161,"column":null}},"75":{"start":{"line":162,"column":4},"end":{"line":164,"column":null}},"76":{"start":{"line":163,"column":6},"end":{"line":163,"column":null}},"77":{"start":{"line":165,"column":10},"end":{"line":166,"column":null}},"78":{"start":{"line":167,"column":4},"end":{"line":167,"column":null}},"79":{"start":{"line":168,"column":4},"end":{"line":168,"column":null}},"80":{"start":{"line":171,"column":24},"end":{"line":178,"column":null}},"81":{"start":{"line":172,"column":4},"end":{"line":174,"column":null}},"82":{"start":{"line":173,"column":6},"end":{"line":173,"column":null}},"83":{"start":{"line":175,"column":4},"end":{"line":177,"column":null}},"84":{"start":{"line":180,"column":19},"end":{"line":185,"column":null}},"85":{"start":{"line":181,"column":21},"end":{"line":181,"column":null}},"86":{"start":{"line":182,"column":21},"end":{"line":182,"column":null}},"87":{"start":{"line":183,"column":4},"end":{"line":183,"column":null}},"88":{"start":{"line":184,"column":4},"end":{"line":184,"column":null}},"89":{"start":{"line":187,"column":21},"end":{"line":193,"column":null}},"90":{"start":{"line":188,"column":4},"end":{"line":192,"column":null}},"91":{"start":{"line":189,"column":6},"end":{"line":189,"column":null}},"92":{"start":{"line":190,"column":4},"end":{"line":192,"column":null}},"93":{"start":{"line":191,"column":6},"end":{"line":191,"column":null}},"94":{"start":{"line":195,"column":23},"end":{"line":222,"column":null}},"95":{"start":{"line":196,"column":4},"end":{"line":198,"column":null}},"96":{"start":{"line":197,"column":6},"end":{"line":197,"column":null}},"97":{"start":{"line":200,"column":21},"end":{"line":200,"column":null}},"98":{"start":{"line":202,"column":4},"end":{"line":205,"column":null}},"99":{"start":{"line":203,"column":6},"end":{"line":203,"column":null}},"100":{"start":{"line":204,"column":6},"end":{"line":204,"column":null}},"101":{"start":{"line":207,"column":21},"end":{"line":207,"column":null}},"102":{"start":{"line":209,"column":10},"end":{"line":209,"column":null}},"103":{"start":{"line":210,"column":4},"end":{"line":213,"column":null}},"104":{"start":{"line":211,"column":6},"end":{"line":211,"column":null}},"105":{"start":{"line":212,"column":6},"end":{"line":212,"column":null}},"106":{"start":{"line":215,"column":17},"end":{"line":215,"column":null}},"107":{"start":{"line":215,"column":45},"end":{"line":215,"column":65}},"108":{"start":{"line":216,"column":4},"end":{"line":219,"column":null}},"109":{"start":{"line":217,"column":6},"end":{"line":217,"column":null}},"110":{"start":{"line":218,"column":6},"end":{"line":218,"column":null}},"111":{"start":{"line":221,"column":4},"end":{"line":221,"column":null}},"112":{"start":{"line":224,"column":22},"end":{"line":227,"column":null}},"113":{"start":{"line":225,"column":4},"end":{"line":225,"column":null}},"114":{"start":{"line":226,"column":4},"end":{"line":226,"column":null}},"115":{"start":{"line":229,"column":33},"end":{"line":249,"column":null}},"116":{"start":{"line":230,"column":4},"end":{"line":233,"column":null}},"117":{"start":{"line":231,"column":6},"end":{"line":231,"column":null}},"118":{"start":{"line":232,"column":6},"end":{"line":232,"column":null}},"119":{"start":{"line":235,"column":23},"end":{"line":235,"column":null}},"120":{"start":{"line":236,"column":21},"end":{"line":236,"column":null}},"121":{"start":{"line":239,"column":10},"end":{"line":239,"column":null}},"122":{"start":{"line":240,"column":4},"end":{"line":243,"column":null}},"123":{"start":{"line":241,"column":6},"end":{"line":241,"column":null}},"124":{"start":{"line":242,"column":6},"end":{"line":242,"column":null}},"125":{"start":{"line":245,"column":17},"end":{"line":245,"column":null}},"126":{"start":{"line":245,"column":45},"end":{"line":245,"column":65}},"127":{"start":{"line":246,"column":4},"end":{"line":248,"column":null}},"128":{"start":{"line":247,"column":6},"end":{"line":247,"column":null}},"129":{"start":{"line":251,"column":23},"end":{"line":256,"column":null}},"130":{"start":{"line":252,"column":18},"end":{"line":252,"column":null}},"131":{"start":{"line":252,"column":44},"end":{"line":252,"column":64}},"132":{"start":{"line":253,"column":4},"end":{"line":253,"column":null}},"133":{"start":{"line":254,"column":4},"end":{"line":254,"column":null}},"134":{"start":{"line":255,"column":4},"end":{"line":255,"column":null}},"135":{"start":{"line":258,"column":24},"end":{"line":262,"column":null}},"136":{"start":{"line":259,"column":4},"end":{"line":259,"column":null}},"137":{"start":{"line":260,"column":4},"end":{"line":260,"column":null}},"138":{"start":{"line":261,"column":4},"end":{"line":261,"column":null}},"139":{"start":{"line":264,"column":30},"end":{"line":269,"column":null}},"140":{"start":{"line":265,"column":4},"end":{"line":265,"column":null}},"141":{"start":{"line":265,"column":38},"end":{"line":265,"column":null}},"142":{"start":{"line":266,"column":10},"end":{"line":266,"column":null}},"143":{"start":{"line":267,"column":4},"end":{"line":267,"column":null}},"144":{"start":{"line":268,"column":4},"end":{"line":268,"column":null}},"145":{"start":{"line":271,"column":30},"end":{"line":277,"column":null}},"146":{"start":{"line":272,"column":4},"end":{"line":272,"column":null}},"147":{"start":{"line":272,"column":38},"end":{"line":272,"column":null}},"148":{"start":{"line":273,"column":10},"end":{"line":274,"column":null}},"149":{"start":{"line":275,"column":4},"end":{"line":275,"column":null}},"150":{"start":{"line":276,"column":4},"end":{"line":276,"column":null}},"151":{"start":{"line":279,"column":2},"end":{"line":301,"column":null}},"152":{"start":{"line":306,"column":8},"end":{"line":306,"column":null}},"153":{"start":{"line":307,"column":2},"end":{"line":309,"column":null}},"154":{"start":{"line":308,"column":4},"end":{"line":308,"column":null}},"155":{"start":{"line":310,"column":2},"end":{"line":310,"column":null}}},"fnMap":{"0":{"name":"NavigationProvider","decl":{"start":{"line":44,"column":16},"end":{"line":44,"column":35}},"loc":{"start":{"line":44,"column":74},"end":{"line":303,"column":null}},"line":44},"1":{"name":"(anonymous_1)","decl":{"start":{"line":56,"column":4},"end":{"line":56,"column":10}},"loc":{"start":{"line":56,"column":4},"end":{"line":56,"column":null}},"line":56},"2":{"name":"(anonymous_2)","decl":{"start":{"line":60,"column":29},"end":{"line":60,"column":35}},"loc":{"start":{"line":60,"column":35},"end":{"line":60,"column":53}},"line":60},"3":{"name":"(anonymous_3)","decl":{"start":{"line":63,"column":4},"end":{"line":63,"column":null}},"loc":{"start":{"line":64,"column":6},"end":{"line":78,"column":null}},"line":64},"4":{"name":"(anonymous_4)","decl":{"start":{"line":64,"column":22},"end":{"line":64,"column":23}},"loc":{"start":{"line":64,"column":42},"end":{"line":78,"column":7}},"line":64},"5":{"name":"(anonymous_5)","decl":{"start":{"line":73,"column":41},"end":{"line":73,"column":49}},"loc":{"start":{"line":73,"column":49},"end":{"line":73,"column":68}},"line":73},"6":{"name":"(anonymous_6)","decl":{"start":{"line":82,"column":29},"end":{"line":82,"column":35}},"loc":{"start":{"line":82,"column":35},"end":{"line":82,"column":58}},"line":82},"7":{"name":"(anonymous_7)","decl":{"start":{"line":85,"column":12},"end":{"line":85,"column":18}},"loc":{"start":{"line":85,"column":18},"end":{"line":125,"column":5}},"line":85},"8":{"name":"(anonymous_8)","decl":{"start":{"line":104,"column":39},"end":{"line":104,"column":44}},"loc":{"start":{"line":104,"column":44},"end":{"line":104,"column":59}},"line":104},"9":{"name":"(anonymous_9)","decl":{"start":{"line":128,"column":12},"end":{"line":128,"column":18}},"loc":{"start":{"line":128,"column":18},"end":{"line":156,"column":5}},"line":128},"10":{"name":"(anonymous_10)","decl":{"start":{"line":141,"column":37},"end":{"line":141,"column":42}},"loc":{"start":{"line":141,"column":42},"end":{"line":141,"column":62}},"line":141},"11":{"name":"(anonymous_11)","decl":{"start":{"line":158,"column":21},"end":{"line":158,"column":22}},"loc":{"start":{"line":158,"column":66},"end":{"line":169,"column":null}},"line":158},"12":{"name":"(anonymous_12)","decl":{"start":{"line":171,"column":24},"end":{"line":171,"column":25}},"loc":{"start":{"line":171,"column":53},"end":{"line":178,"column":null}},"line":171},"13":{"name":"(anonymous_13)","decl":{"start":{"line":180,"column":19},"end":{"line":180,"column":20}},"loc":{"start":{"line":180,"column":60},"end":{"line":185,"column":null}},"line":180},"14":{"name":"(anonymous_14)","decl":{"start":{"line":187,"column":21},"end":{"line":187,"column":22}},"loc":{"start":{"line":187,"column":71},"end":{"line":193,"column":null}},"line":187},"15":{"name":"(anonymous_15)","decl":{"start":{"line":195,"column":23},"end":{"line":195,"column":29}},"loc":{"start":{"line":195,"column":29},"end":{"line":222,"column":null}},"line":195},"16":{"name":"(anonymous_16)","decl":{"start":{"line":215,"column":37},"end":{"line":215,"column":45}},"loc":{"start":{"line":215,"column":45},"end":{"line":215,"column":65}},"line":215},"17":{"name":"(anonymous_17)","decl":{"start":{"line":224,"column":22},"end":{"line":224,"column":28}},"loc":{"start":{"line":224,"column":28},"end":{"line":227,"column":null}},"line":224},"18":{"name":"(anonymous_18)","decl":{"start":{"line":229,"column":33},"end":{"line":229,"column":34}},"loc":{"start":{"line":229,"column":64},"end":{"line":249,"column":null}},"line":229},"19":{"name":"(anonymous_19)","decl":{"start":{"line":245,"column":37},"end":{"line":245,"column":45}},"loc":{"start":{"line":245,"column":45},"end":{"line":245,"column":65}},"line":245},"20":{"name":"(anonymous_20)","decl":{"start":{"line":251,"column":23},"end":{"line":251,"column":24}},"loc":{"start":{"line":251,"column":65},"end":{"line":256,"column":null}},"line":251},"21":{"name":"(anonymous_21)","decl":{"start":{"line":252,"column":36},"end":{"line":252,"column":44}},"loc":{"start":{"line":252,"column":44},"end":{"line":252,"column":64}},"line":252},"22":{"name":"(anonymous_22)","decl":{"start":{"line":258,"column":24},"end":{"line":258,"column":30}},"loc":{"start":{"line":258,"column":30},"end":{"line":262,"column":null}},"line":258},"23":{"name":"(anonymous_23)","decl":{"start":{"line":264,"column":30},"end":{"line":264,"column":36}},"loc":{"start":{"line":264,"column":36},"end":{"line":269,"column":null}},"line":264},"24":{"name":"(anonymous_24)","decl":{"start":{"line":271,"column":30},"end":{"line":271,"column":36}},"loc":{"start":{"line":271,"column":36},"end":{"line":277,"column":null}},"line":271},"25":{"name":"useNavigation","decl":{"start":{"line":305,"column":16},"end":{"line":305,"column":32}},"loc":{"start":{"line":305,"column":32},"end":{"line":311,"column":null}},"line":305}},"branchMap":{"0":{"loc":{"start":{"line":65,"column":8},"end":{"line":67,"column":null}},"type":"if","locations":[{"start":{"line":65,"column":8},"end":{"line":67,"column":null}},{"start":{},"end":{}}],"line":65},"1":{"loc":{"start":{"line":70,"column":8},"end":{"line":72,"column":null}},"type":"if","locations":[{"start":{"line":70,"column":8},"end":{"line":72,"column":null}},{"start":{},"end":{}}],"line":70},"2":{"loc":{"start":{"line":74,"column":8},"end":{"line":76,"column":null}},"type":"if","locations":[{"start":{"line":74,"column":8},"end":{"line":76,"column":null}},{"start":{},"end":{}}],"line":74},"3":{"loc":{"start":{"line":86,"column":4},"end":{"line":86,"column":null}},"type":"if","locations":[{"start":{"line":86,"column":4},"end":{"line":86,"column":null}},{"start":{},"end":{}}],"line":86},"4":{"loc":{"start":{"line":89,"column":4},"end":{"line":92,"column":null}},"type":"if","locations":[{"start":{"line":89,"column":4},"end":{"line":92,"column":null}},{"start":{},"end":{}}],"line":89},"5":{"loc":{"start":{"line":89,"column":8},"end":{"line":89,"column":51}},"type":"binary-expr","locations":[{"start":{"line":89,"column":8},"end":{"line":89,"column":31}},{"start":{"line":89,"column":31},"end":{"line":89,"column":51}}],"line":89},"6":{"loc":{"start":{"line":96,"column":4},"end":{"line":99,"column":null}},"type":"if","locations":[{"start":{"line":96,"column":4},"end":{"line":99,"column":null}},{"start":{},"end":{}}],"line":96},"7":{"loc":{"start":{"line":102,"column":4},"end":{"line":111,"column":null}},"type":"if","locations":[{"start":{"line":102,"column":4},"end":{"line":111,"column":null}},{"start":{},"end":{}}],"line":102},"8":{"loc":{"start":{"line":105,"column":6},"end":{"line":108,"column":null}},"type":"if","locations":[{"start":{"line":105,"column":6},"end":{"line":108,"column":null}},{"start":{},"end":{}}],"line":105},"9":{"loc":{"start":{"line":114,"column":4},"end":{"line":122,"column":null}},"type":"if","locations":[{"start":{"line":114,"column":4},"end":{"line":122,"column":null}},{"start":{},"end":{}}],"line":114},"10":{"loc":{"start":{"line":118,"column":6},"end":{"line":121,"column":null}},"type":"if","locations":[{"start":{"line":118,"column":6},"end":{"line":121,"column":null}},{"start":{},"end":{}}],"line":118},"11":{"loc":{"start":{"line":129,"column":4},"end":{"line":129,"column":null}},"type":"if","locations":[{"start":{"line":129,"column":4},"end":{"line":129,"column":null}},{"start":{},"end":{}}],"line":129},"12":{"loc":{"start":{"line":131,"column":4},"end":{"line":136,"column":null}},"type":"if","locations":[{"start":{"line":131,"column":4},"end":{"line":136,"column":null}},{"start":{},"end":{}}],"line":131},"13":{"loc":{"start":{"line":132,"column":6},"end":{"line":134,"column":null}},"type":"if","locations":[{"start":{"line":132,"column":6},"end":{"line":134,"column":null}},{"start":{},"end":{}}],"line":132},"14":{"loc":{"start":{"line":142,"column":4},"end":{"line":148,"column":null}},"type":"if","locations":[{"start":{"line":142,"column":4},"end":{"line":148,"column":null}},{"start":{},"end":{}}],"line":142},"15":{"loc":{"start":{"line":144,"column":6},"end":{"line":146,"column":null}},"type":"if","locations":[{"start":{"line":144,"column":6},"end":{"line":146,"column":null}},{"start":{},"end":{}}],"line":144},"16":{"loc":{"start":{"line":153,"column":4},"end":{"line":155,"column":null}},"type":"if","locations":[{"start":{"line":153,"column":4},"end":{"line":155,"column":null}},{"start":{},"end":{}}],"line":153},"17":{"loc":{"start":{"line":161,"column":6},"end":{"line":161,"column":null}},"type":"binary-expr","locations":[{"start":{"line":161,"column":6},"end":{"line":161,"column":22}},{"start":{"line":161,"column":6},"end":{"line":161,"column":null}}],"line":161},"18":{"loc":{"start":{"line":162,"column":4},"end":{"line":164,"column":null}},"type":"if","locations":[{"start":{"line":162,"column":4},"end":{"line":164,"column":null}},{"start":{},"end":{}}],"line":162},"19":{"loc":{"start":{"line":162,"column":8},"end":{"line":162,"column":52}},"type":"binary-expr","locations":[{"start":{"line":162,"column":8},"end":{"line":162,"column":25}},{"start":{"line":162,"column":25},"end":{"line":162,"column":52}}],"line":162},"20":{"loc":{"start":{"line":165,"column":10},"end":{"line":166,"column":null}},"type":"binary-expr","locations":[{"start":{"line":165,"column":10},"end":{"line":166,"column":66}},{"start":{"line":166,"column":66},"end":{"line":166,"column":null}}],"line":165},"21":{"loc":{"start":{"line":172,"column":4},"end":{"line":174,"column":null}},"type":"if","locations":[{"start":{"line":172,"column":4},"end":{"line":174,"column":null}},{"start":{},"end":{}}],"line":172},"22":{"loc":{"start":{"line":172,"column":8},"end":{"line":172,"column":52}},"type":"binary-expr","locations":[{"start":{"line":172,"column":8},"end":{"line":172,"column":25}},{"start":{"line":172,"column":25},"end":{"line":172,"column":52}}],"line":172},"23":{"loc":{"start":{"line":175,"column":11},"end":{"line":177,"column":null}},"type":"cond-expr","locations":[{"start":{"line":176,"column":8},"end":{"line":176,"column":null}},{"start":{"line":177,"column":8},"end":{"line":177,"column":null}}],"line":175},"24":{"loc":{"start":{"line":188,"column":4},"end":{"line":192,"column":null}},"type":"if","locations":[{"start":{"line":188,"column":4},"end":{"line":192,"column":null}},{"start":{"line":190,"column":4},"end":{"line":192,"column":null}}],"line":188},"25":{"loc":{"start":{"line":190,"column":4},"end":{"line":192,"column":null}},"type":"if","locations":[{"start":{"line":190,"column":4},"end":{"line":192,"column":null}},{"start":{},"end":{}}],"line":190},"26":{"loc":{"start":{"line":196,"column":4},"end":{"line":198,"column":null}},"type":"if","locations":[{"start":{"line":196,"column":4},"end":{"line":198,"column":null}},{"start":{},"end":{}}],"line":196},"27":{"loc":{"start":{"line":202,"column":4},"end":{"line":205,"column":null}},"type":"if","locations":[{"start":{"line":202,"column":4},"end":{"line":205,"column":null}},{"start":{},"end":{}}],"line":202},"28":{"loc":{"start":{"line":210,"column":4},"end":{"line":213,"column":null}},"type":"if","locations":[{"start":{"line":210,"column":4},"end":{"line":213,"column":null}},{"start":{},"end":{}}],"line":210},"29":{"loc":{"start":{"line":216,"column":4},"end":{"line":219,"column":null}},"type":"if","locations":[{"start":{"line":216,"column":4},"end":{"line":219,"column":null}},{"start":{},"end":{}}],"line":216},"30":{"loc":{"start":{"line":230,"column":4},"end":{"line":233,"column":null}},"type":"if","locations":[{"start":{"line":230,"column":4},"end":{"line":233,"column":null}},{"start":{},"end":{}}],"line":230},"31":{"loc":{"start":{"line":240,"column":4},"end":{"line":243,"column":null}},"type":"if","locations":[{"start":{"line":240,"column":4},"end":{"line":243,"column":null}},{"start":{},"end":{}}],"line":240},"32":{"loc":{"start":{"line":246,"column":4},"end":{"line":248,"column":null}},"type":"if","locations":[{"start":{"line":246,"column":4},"end":{"line":248,"column":null}},{"start":{},"end":{}}],"line":246},"33":{"loc":{"start":{"line":255,"column":21},"end":{"line":255,"column":43}},"type":"cond-expr","locations":[{"start":{"line":255,"column":34},"end":{"line":255,"column":42}},{"start":{"line":255,"column":42},"end":{"line":255,"column":43}}],"line":255},"34":{"loc":{"start":{"line":265,"column":4},"end":{"line":265,"column":null}},"type":"if","locations":[{"start":{"line":265,"column":4},"end":{"line":265,"column":null}},{"start":{},"end":{}}],"line":265},"35":{"loc":{"start":{"line":272,"column":4},"end":{"line":272,"column":null}},"type":"if","locations":[{"start":{"line":272,"column":4},"end":{"line":272,"column":null}},{"start":{},"end":{}}],"line":272},"36":{"loc":{"start":{"line":307,"column":2},"end":{"line":309,"column":null}},"type":"if","locations":[{"start":{"line":307,"column":2},"end":{"line":309,"column":null}},{"start":{},"end":{}}],"line":307}},"s":{"0":2,"1":59,"2":59,"3":59,"4":59,"5":59,"6":59,"7":59,"8":59,"9":59,"10":13,"11":59,"12":13,"13":59,"14":29,"15":52,"16":29,"17":23,"18":23,"19":17,"20":6,"21":6,"22":6,"23":4,"24":2,"25":59,"26":29,"27":59,"28":39,"29":26,"30":13,"31":13,"32":11,"33":11,"34":2,"35":2,"36":0,"37":0,"38":2,"39":1,"40":1,"41":1,"42":1,"43":1,"44":1,"45":1,"46":1,"47":1,"48":1,"49":1,"50":1,"51":1,"52":1,"53":1,"54":59,"55":53,"56":13,"57":40,"58":15,"59":2,"60":15,"61":25,"62":25,"63":10,"64":25,"65":6,"66":6,"67":2,"68":6,"69":19,"70":19,"71":19,"72":9,"73":59,"74":9,"75":9,"76":1,"77":8,"78":9,"79":9,"80":59,"81":4,"82":0,"83":4,"84":59,"85":4,"86":4,"87":4,"88":4,"89":59,"90":9,"91":6,"92":3,"93":3,"94":59,"95":3,"96":0,"97":3,"98":3,"99":0,"100":0,"101":3,"102":3,"103":3,"104":2,"105":2,"106":1,"107":1,"108":1,"109":0,"110":0,"111":1,"112":59,"113":2,"114":2,"115":59,"116":3,"117":1,"118":1,"119":2,"120":2,"121":2,"122":2,"123":1,"124":1,"125":1,"126":1,"127":1,"128":1,"129":59,"130":2,"131":2,"132":2,"133":2,"134":2,"135":59,"136":1,"137":1,"138":1,"139":59,"140":3,"141":1,"142":2,"143":2,"144":2,"145":59,"146":2,"147":1,"148":1,"149":1,"150":1,"151":59,"152":65,"153":65,"154":2,"155":63},"f":{"0":59,"1":13,"2":13,"3":29,"4":52,"5":6,"6":29,"7":39,"8":1,"9":53,"10":10,"11":9,"12":4,"13":4,"14":9,"15":3,"16":1,"17":2,"18":3,"19":1,"20":2,"21":2,"22":1,"23":3,"24":2,"25":65},"b":{"0":[29,23],"1":[17,6],"2":[4,2],"3":[26,13],"4":[11,2],"5":[13,2],"6":[0,2],"7":[1,1],"8":[1,0],"9":[1,0],"10":[1,0],"11":[13,40],"12":[15,25],"13":[2,13],"14":[6,19],"15":[2,4],"16":[9,10],"17":[9,4],"18":[1,8],"19":[9,8],"20":[8,0],"21":[0,4],"22":[4,4],"23":[2,2],"24":[6,3],"25":[3,0],"26":[0,3],"27":[0,3],"28":[2,1],"29":[0,1],"30":[1,2],"31":[1,1],"32":[1,0],"33":[2,0],"34":[1,2],"35":[1,1],"36":[2,63]},"meta":{"lastBranch":37,"lastFunction":26,"lastStatement":156,"seen":{"s:40:6:42:Infinity":0,"f:44:16:44:35":0,"s:45:8:45:Infinity":1,"s:46:8:46:Infinity":2,"s:47:36:47:Infinity":3,"s:48:36:48:Infinity":4,"s:49:40:49:Infinity":5,"s:50:44:50:Infinity":6,"s:51:40:51:Infinity":7,"s:52:40:52:Infinity":8,"s:55:8:58:Infinity":9,"f:56:4:56:10":1,"s:56:4:56:Infinity":10,"s:60:8:60:Infinity":11,"f:60:29:60:35":2,"s:60:35:60:53":12,"s:62:8:80:Infinity":13,"f:63:4:63:Infinity":3,"s:64:6:78:Infinity":14,"f:64:22:64:23":4,"b:65:8:67:Infinity:undefined:undefined:undefined:undefined":0,"s:65:8:67:Infinity":15,"s:66:10:66:Infinity":16,"s:69:14:69:Infinity":17,"b:70:8:72:Infinity:undefined:undefined:undefined:undefined":1,"s:70:8:72:Infinity":18,"s:71:10:71:Infinity":19,"s:73:21:73:Infinity":20,"f:73:41:73:49":5,"s:73:49:73:68":21,"b:74:8:76:Infinity:undefined:undefined:undefined:undefined":2,"s:74:8:76:Infinity":22,"s:75:10:75:Infinity":23,"s:77:8:77:Infinity":24,"s:82:8:82:Infinity":25,"f:82:29:82:35":6,"s:82:35:82:58":26,"s:85:2:125:Infinity":27,"f:85:12:85:18":7,"b:86:4:86:Infinity:undefined:undefined:undefined:undefined":3,"s:86:4:86:Infinity":28,"s:86:23:86:Infinity":29,"s:88:24:88:Infinity":30,"b:89:4:92:Infinity:undefined:undefined:undefined:undefined":4,"s:89:4:92:Infinity":31,"b:89:8:89:31:89:31:89:51":5,"s:90:6:90:Infinity":32,"s:91:6:91:Infinity":33,"s:94:21:94:Infinity":34,"b:96:4:99:Infinity:undefined:undefined:undefined:undefined":6,"s:96:4:99:Infinity":35,"s:97:6:97:Infinity":36,"s:98:6:98:Infinity":37,"b:102:4:111:Infinity:undefined:undefined:undefined:undefined":7,"s:102:4:111:Infinity":38,"s:103:21:103:Infinity":39,"s:104:19:104:Infinity":40,"f:104:39:104:44":8,"s:104:44:104:59":41,"b:105:6:108:Infinity:undefined:undefined:undefined:undefined":8,"s:105:6:108:Infinity":42,"s:106:8:106:Infinity":43,"s:107:8:107:Infinity":44,"s:109:6:109:Infinity":45,"s:110:6:110:Infinity":46,"b:114:4:122:Infinity:undefined:undefined:undefined:undefined":9,"s:114:4:122:Infinity":47,"s:115:24:115:Infinity":48,"s:117:12:117:Infinity":49,"b:118:6:121:Infinity:undefined:undefined:undefined:undefined":10,"s:118:6:121:Infinity":50,"s:119:8:119:Infinity":51,"s:120:8:120:Infinity":52,"s:124:4:124:Infinity":53,"s:128:2:156:Infinity":54,"f:128:12:128:18":9,"b:129:4:129:Infinity:undefined:undefined:undefined:undefined":11,"s:129:4:129:Infinity":55,"s:129:24:129:Infinity":56,"b:131:4:136:Infinity:undefined:undefined:undefined:undefined":12,"s:131:4:136:Infinity":57,"b:132:6:134:Infinity:undefined:undefined:undefined:undefined":13,"s:132:6:134:Infinity":58,"s:133:8:133:Infinity":59,"s:135:6:135:Infinity":60,"s:138:24:138:Infinity":61,"s:141:17:141:Infinity":62,"f:141:37:141:42":10,"s:141:42:141:62":63,"b:142:4:148:Infinity:undefined:undefined:undefined:undefined":14,"s:142:4:148:Infinity":64,"s:143:18:143:Infinity":65,"b:144:6:146:Infinity:undefined:undefined:undefined:undefined":15,"s:144:6:146:Infinity":66,"s:145:8:145:Infinity":67,"s:147:6:147:Infinity":68,"s:151:23:151:Infinity":69,"s:152:16:152:Infinity":70,"b:153:4:155:Infinity:undefined:undefined:undefined:undefined":16,"s:153:4:155:Infinity":71,"s:154:6:154:Infinity":72,"s:158:21:169:Infinity":73,"f:158:21:158:22":11,"s:161:6:161:Infinity":74,"b:161:6:161:22:161:6:161:Infinity":17,"b:162:4:164:Infinity:undefined:undefined:undefined:undefined":18,"s:162:4:164:Infinity":75,"b:162:8:162:25:162:25:162:52":19,"s:163:6:163:Infinity":76,"s:165:10:166:Infinity":77,"b:165:10:166:66:166:66:166:Infinity":20,"s:167:4:167:Infinity":78,"s:168:4:168:Infinity":79,"s:171:24:178:Infinity":80,"f:171:24:171:25":12,"b:172:4:174:Infinity:undefined:undefined:undefined:undefined":21,"s:172:4:174:Infinity":81,"b:172:8:172:25:172:25:172:52":22,"s:173:6:173:Infinity":82,"s:175:4:177:Infinity":83,"b:176:8:176:Infinity:177:8:177:Infinity":23,"s:180:19:185:Infinity":84,"f:180:19:180:20":13,"s:181:21:181:Infinity":85,"s:182:21:182:Infinity":86,"s:183:4:183:Infinity":87,"s:184:4:184:Infinity":88,"s:187:21:193:Infinity":89,"f:187:21:187:22":14,"b:188:4:192:Infinity:190:4:192:Infinity":24,"s:188:4:192:Infinity":90,"s:189:6:189:Infinity":91,"b:190:4:192:Infinity:undefined:undefined:undefined:undefined":25,"s:190:4:192:Infinity":92,"s:191:6:191:Infinity":93,"s:195:23:222:Infinity":94,"f:195:23:195:29":15,"b:196:4:198:Infinity:undefined:undefined:undefined:undefined":26,"s:196:4:198:Infinity":95,"s:197:6:197:Infinity":96,"s:200:21:200:Infinity":97,"b:202:4:205:Infinity:undefined:undefined:undefined:undefined":27,"s:202:4:205:Infinity":98,"s:203:6:203:Infinity":99,"s:204:6:204:Infinity":100,"s:207:21:207:Infinity":101,"s:209:10:209:Infinity":102,"b:210:4:213:Infinity:undefined:undefined:undefined:undefined":28,"s:210:4:213:Infinity":103,"s:211:6:211:Infinity":104,"s:212:6:212:Infinity":105,"s:215:17:215:Infinity":106,"f:215:37:215:45":16,"s:215:45:215:65":107,"b:216:4:219:Infinity:undefined:undefined:undefined:undefined":29,"s:216:4:219:Infinity":108,"s:217:6:217:Infinity":109,"s:218:6:218:Infinity":110,"s:221:4:221:Infinity":111,"s:224:22:227:Infinity":112,"f:224:22:224:28":17,"s:225:4:225:Infinity":113,"s:226:4:226:Infinity":114,"s:229:33:249:Infinity":115,"f:229:33:229:34":18,"b:230:4:233:Infinity:undefined:undefined:undefined:undefined":30,"s:230:4:233:Infinity":116,"s:231:6:231:Infinity":117,"s:232:6:232:Infinity":118,"s:235:23:235:Infinity":119,"s:236:21:236:Infinity":120,"s:239:10:239:Infinity":121,"b:240:4:243:Infinity:undefined:undefined:undefined:undefined":31,"s:240:4:243:Infinity":122,"s:241:6:241:Infinity":123,"s:242:6:242:Infinity":124,"s:245:17:245:Infinity":125,"f:245:37:245:45":19,"s:245:45:245:65":126,"b:246:4:248:Infinity:undefined:undefined:undefined:undefined":32,"s:246:4:248:Infinity":127,"s:247:6:247:Infinity":128,"s:251:23:256:Infinity":129,"f:251:23:251:24":20,"s:252:18:252:Infinity":130,"f:252:36:252:44":21,"s:252:44:252:64":131,"s:253:4:253:Infinity":132,"s:254:4:254:Infinity":133,"s:255:4:255:Infinity":134,"b:255:34:255:42:255:42:255:43":33,"s:258:24:262:Infinity":135,"f:258:24:258:30":22,"s:259:4:259:Infinity":136,"s:260:4:260:Infinity":137,"s:261:4:261:Infinity":138,"s:264:30:269:Infinity":139,"f:264:30:264:36":23,"b:265:4:265:Infinity:undefined:undefined:undefined:undefined":34,"s:265:4:265:Infinity":140,"s:265:38:265:Infinity":141,"s:266:10:266:Infinity":142,"s:267:4:267:Infinity":143,"s:268:4:268:Infinity":144,"s:271:30:277:Infinity":145,"f:271:30:271:36":24,"b:272:4:272:Infinity:undefined:undefined:undefined:undefined":35,"s:272:4:272:Infinity":146,"s:272:38:272:Infinity":147,"s:273:10:274:Infinity":148,"s:275:4:275:Infinity":149,"s:276:4:276:Infinity":150,"s:279:2:301:Infinity":151,"f:305:16:305:32":25,"s:306:8:306:Infinity":152,"b:307:2:309:Infinity:undefined:undefined:undefined:undefined":36,"s:307:2:309:Infinity":153,"s:308:4:308:Infinity":154,"s:310:2:310:Infinity":155}}}
,"/Users/cervantes/git/lum.bio/src/contexts/SearchContext.tsx": {"path":"/Users/cervantes/git/lum.bio/src/contexts/SearchContext.tsx","statementMap":{"0":{"start":{"line":28,"column":6},"end":{"line":30,"column":null}},"1":{"start":{"line":31,"column":6},"end":{"line":33,"column":null}},"2":{"start":{"line":35,"column":26},"end":{"line":62,"column":null}},"3":{"start":{"line":36,"column":29},"end":{"line":36,"column":null}},"4":{"start":{"line":37,"column":2},"end":{"line":39,"column":null}},"5":{"start":{"line":38,"column":4},"end":{"line":38,"column":null}},"6":{"start":{"line":41,"column":2},"end":{"line":43,"column":null}},"7":{"start":{"line":42,"column":4},"end":{"line":42,"column":null}},"8":{"start":{"line":45,"column":2},"end":{"line":47,"column":null}},"9":{"start":{"line":46,"column":4},"end":{"line":46,"column":null}},"10":{"start":{"line":49,"column":2},"end":{"line":51,"column":null}},"11":{"start":{"line":49,"column":33},"end":{"line":49,"column":66}},"12":{"start":{"line":50,"column":4},"end":{"line":50,"column":null}},"13":{"start":{"line":53,"column":2},"end":{"line":59,"column":null}},"14":{"start":{"line":58,"column":4},"end":{"line":58,"column":null}},"15":{"start":{"line":61,"column":2},"end":{"line":61,"column":null}},"16":{"start":{"line":76,"column":25},"end":{"line":84,"column":null}},"17":{"start":{"line":78,"column":8},"end":{"line":78,"column":null}},"18":{"start":{"line":79,"column":2},"end":{"line":83,"column":null}},"19":{"start":{"line":79,"column":45},"end":{"line":83,"column":4}},"20":{"start":{"line":86,"column":33},"end":{"line":91,"column":null}},"21":{"start":{"line":87,"column":2},"end":{"line":91,"column":null}},"22":{"start":{"line":87,"column":30},"end":{"line":91,"column":4}},"23":{"start":{"line":93,"column":24},"end":{"line":103,"column":null}},"24":{"start":{"line":94,"column":2},"end":{"line":96,"column":null}},"25":{"start":{"line":95,"column":4},"end":{"line":95,"column":null}},"26":{"start":{"line":97,"column":2},"end":{"line":102,"column":null}},"27":{"start":{"line":105,"column":30},"end":{"line":189,"column":null}},"28":{"start":{"line":112,"column":8},"end":{"line":112,"column":null}},"29":{"start":{"line":113,"column":8},"end":{"line":113,"column":null}},"30":{"start":{"line":113,"column":36},"end":{"line":113,"column":56}},"31":{"start":{"line":114,"column":8},"end":{"line":114,"column":null}},"32":{"start":{"line":114,"column":40},"end":{"line":114,"column":68}},"33":{"start":{"line":115,"column":8},"end":{"line":115,"column":null}},"34":{"start":{"line":115,"column":35},"end":{"line":115,"column":54}},"35":{"start":{"line":117,"column":8},"end":{"line":180,"column":null}},"36":{"start":{"line":118,"column":4},"end":{"line":120,"column":null}},"37":{"start":{"line":119,"column":6},"end":{"line":119,"column":null}},"38":{"start":{"line":122,"column":23},"end":{"line":122,"column":null}},"39":{"start":{"line":123,"column":36},"end":{"line":123,"column":null}},"40":{"start":{"line":125,"column":4},"end":{"line":148,"column":null}},"41":{"start":{"line":126,"column":6},"end":{"line":134,"column":null}},"42":{"start":{"line":127,"column":8},"end":{"line":133,"column":null}},"43":{"start":{"line":136,"column":6},"end":{"line":147,"column":null}},"44":{"start":{"line":137,"column":8},"end":{"line":146,"column":null}},"45":{"start":{"line":138,"column":10},"end":{"line":145,"column":null}},"46":{"start":{"line":150,"column":4},"end":{"line":162,"column":null}},"47":{"start":{"line":151,"column":6},"end":{"line":161,"column":null}},"48":{"start":{"line":155,"column":8},"end":{"line":160,"column":null}},"49":{"start":{"line":164,"column":4},"end":{"line":177,"column":null}},"50":{"start":{"line":165,"column":6},"end":{"line":176,"column":null}},"51":{"start":{"line":166,"column":8},"end":{"line":175,"column":null}},"52":{"start":{"line":167,"column":10},"end":{"line":174,"column":null}},"53":{"start":{"line":179,"column":4},"end":{"line":179,"column":null}},"54":{"start":{"line":182,"column":8},"end":{"line":182,"column":null}},"55":{"start":{"line":182,"column":38},"end":{"line":182,"column":58}},"56":{"start":{"line":184,"column":2},"end":{"line":187,"column":null}},"57":{"start":{"line":192,"column":34},"end":{"line":192,"column":null}},"58":{"start":{"line":193,"column":36},"end":{"line":193,"column":null}},"59":{"start":{"line":195,"column":8},"end":{"line":195,"column":null}},"60":{"start":{"line":195,"column":39},"end":{"line":195,"column":60}},"61":{"start":{"line":196,"column":8},"end":{"line":196,"column":null}},"62":{"start":{"line":196,"column":40},"end":{"line":196,"column":62}},"63":{"start":{"line":198,"column":2},"end":{"line":202,"column":null}},"64":{"start":{"line":199,"column":4},"end":{"line":201,"column":null}},"65":{"start":{"line":200,"column":6},"end":{"line":200,"column":null}},"66":{"start":{"line":204,"column":8},"end":{"line":213,"column":null}},"67":{"start":{"line":205,"column":11},"end":{"line":211,"column":null}},"68":{"start":{"line":215,"column":2},"end":{"line":220,"column":null}},"69":{"start":{"line":225,"column":8},"end":{"line":225,"column":null}},"70":{"start":{"line":226,"column":2},"end":{"line":228,"column":null}},"71":{"start":{"line":227,"column":4},"end":{"line":227,"column":null}},"72":{"start":{"line":229,"column":2},"end":{"line":229,"column":null}},"73":{"start":{"line":233,"column":8},"end":{"line":233,"column":null}},"74":{"start":{"line":234,"column":2},"end":{"line":236,"column":null}},"75":{"start":{"line":235,"column":4},"end":{"line":235,"column":null}},"76":{"start":{"line":237,"column":2},"end":{"line":237,"column":null}},"77":{"start":{"line":241,"column":2},"end":{"line":244,"column":null}}},"fnMap":{"0":{"name":"(anonymous_0)","decl":{"start":{"line":35,"column":26},"end":{"line":35,"column":27}},"loc":{"start":{"line":35,"column":65},"end":{"line":62,"column":null}},"line":35},"1":{"name":"(anonymous_1)","decl":{"start":{"line":49,"column":26},"end":{"line":49,"column":33}},"loc":{"start":{"line":49,"column":33},"end":{"line":49,"column":66}},"line":49},"2":{"name":"(anonymous_2)","decl":{"start":{"line":76,"column":25},"end":{"line":76,"column":51}},"loc":{"start":{"line":76,"column":51},"end":{"line":84,"column":null}},"line":76},"3":{"name":"(anonymous_3)","decl":{"start":{"line":79,"column":30},"end":{"line":79,"column":45}},"loc":{"start":{"line":79,"column":45},"end":{"line":83,"column":4}},"line":79},"4":{"name":"(anonymous_4)","decl":{"start":{"line":86,"column":33},"end":{"line":86,"column":null}},"loc":{"start":{"line":87,"column":2},"end":{"line":91,"column":null}},"line":87},"5":{"name":"(anonymous_5)","decl":{"start":{"line":87,"column":21},"end":{"line":87,"column":30}},"loc":{"start":{"line":87,"column":30},"end":{"line":91,"column":4}},"line":87},"6":{"name":"(anonymous_6)","decl":{"start":{"line":93,"column":24},"end":{"line":93,"column":45}},"loc":{"start":{"line":93,"column":45},"end":{"line":103,"column":null}},"line":93},"7":{"name":"(anonymous_7)","decl":{"start":{"line":105,"column":30},"end":{"line":105,"column":31}},"loc":{"start":{"line":111,"column":6},"end":{"line":189,"column":null}},"line":111},"8":{"name":"(anonymous_8)","decl":{"start":{"line":113,"column":30},"end":{"line":113,"column":36}},"loc":{"start":{"line":113,"column":36},"end":{"line":113,"column":56}},"line":113},"9":{"name":"(anonymous_9)","decl":{"start":{"line":114,"column":34},"end":{"line":114,"column":40}},"loc":{"start":{"line":114,"column":40},"end":{"line":114,"column":68}},"line":114},"10":{"name":"(anonymous_10)","decl":{"start":{"line":115,"column":29},"end":{"line":115,"column":35}},"loc":{"start":{"line":115,"column":35},"end":{"line":115,"column":54}},"line":115},"11":{"name":"(anonymous_11)","decl":{"start":{"line":117,"column":32},"end":{"line":117,"column":38}},"loc":{"start":{"line":117,"column":38},"end":{"line":180,"column":5}},"line":117},"12":{"name":"(anonymous_12)","decl":{"start":{"line":125,"column":24},"end":{"line":125,"column":33}},"loc":{"start":{"line":125,"column":33},"end":{"line":148,"column":5}},"line":125},"13":{"name":"(anonymous_13)","decl":{"start":{"line":136,"column":34},"end":{"line":136,"column":46}},"loc":{"start":{"line":136,"column":46},"end":{"line":147,"column":7}},"line":136},"14":{"name":"(anonymous_14)","decl":{"start":{"line":150,"column":28},"end":{"line":150,"column":37}},"loc":{"start":{"line":150,"column":37},"end":{"line":162,"column":5}},"line":150},"15":{"name":"(anonymous_15)","decl":{"start":{"line":165,"column":31},"end":{"line":165,"column":43}},"loc":{"start":{"line":165,"column":43},"end":{"line":176,"column":7}},"line":165},"16":{"name":"(anonymous_16)","decl":{"start":{"line":182,"column":31},"end":{"line":182,"column":38}},"loc":{"start":{"line":182,"column":38},"end":{"line":182,"column":58}},"line":182},"17":{"name":"SearchProvider","decl":{"start":{"line":191,"column":16},"end":{"line":191,"column":31}},"loc":{"start":{"line":191,"column":70},"end":{"line":222,"column":null}},"line":191},"18":{"name":"(anonymous_18)","decl":{"start":{"line":195,"column":33},"end":{"line":195,"column":39}},"loc":{"start":{"line":195,"column":39},"end":{"line":195,"column":60}},"line":195},"19":{"name":"(anonymous_19)","decl":{"start":{"line":196,"column":34},"end":{"line":196,"column":40}},"loc":{"start":{"line":196,"column":40},"end":{"line":196,"column":62}},"line":196},"20":{"name":"(anonymous_20)","decl":{"start":{"line":198,"column":12},"end":{"line":198,"column":18}},"loc":{"start":{"line":198,"column":18},"end":{"line":202,"column":5}},"line":198},"21":{"name":"(anonymous_21)","decl":{"start":{"line":205,"column":4},"end":{"line":205,"column":11}},"loc":{"start":{"line":205,"column":11},"end":{"line":211,"column":null}},"line":205},"22":{"name":"useSearchUI","decl":{"start":{"line":224,"column":16},"end":{"line":224,"column":30}},"loc":{"start":{"line":224,"column":30},"end":{"line":230,"column":null}},"line":224},"23":{"name":"useSearchResults","decl":{"start":{"line":232,"column":16},"end":{"line":232,"column":35}},"loc":{"start":{"line":232,"column":35},"end":{"line":238,"column":null}},"line":232},"24":{"name":"useSearch","decl":{"start":{"line":240,"column":16},"end":{"line":240,"column":28}},"loc":{"start":{"line":240,"column":28},"end":{"line":245,"column":null}},"line":240}},"branchMap":{"0":{"loc":{"start":{"line":37,"column":2},"end":{"line":39,"column":null}},"type":"if","locations":[{"start":{"line":37,"column":2},"end":{"line":39,"column":null}},{"start":{},"end":{}}],"line":37},"1":{"loc":{"start":{"line":41,"column":2},"end":{"line":43,"column":null}},"type":"if","locations":[{"start":{"line":41,"column":2},"end":{"line":43,"column":null}},{"start":{},"end":{}}],"line":41},"2":{"loc":{"start":{"line":45,"column":2},"end":{"line":47,"column":null}},"type":"if","locations":[{"start":{"line":45,"column":2},"end":{"line":47,"column":null}},{"start":{},"end":{}}],"line":45},"3":{"loc":{"start":{"line":49,"column":2},"end":{"line":51,"column":null}},"type":"if","locations":[{"start":{"line":49,"column":2},"end":{"line":51,"column":null}},{"start":{},"end":{}}],"line":49},"4":{"loc":{"start":{"line":53,"column":2},"end":{"line":59,"column":null}},"type":"if","locations":[{"start":{"line":53,"column":2},"end":{"line":59,"column":null}},{"start":{},"end":{}}],"line":53},"5":{"loc":{"start":{"line":54,"column":4},"end":{"line":56,"column":null}},"type":"binary-expr","locations":[{"start":{"line":54,"column":4},"end":{"line":54,"column":null}},{"start":{"line":55,"column":4},"end":{"line":55,"column":null}},{"start":{"line":56,"column":4},"end":{"line":56,"column":null}}],"line":54},"6":{"loc":{"start":{"line":94,"column":2},"end":{"line":96,"column":null}},"type":"if","locations":[{"start":{"line":94,"column":2},"end":{"line":96,"column":null}},{"start":{},"end":{}}],"line":94},"7":{"loc":{"start":{"line":118,"column":4},"end":{"line":120,"column":null}},"type":"if","locations":[{"start":{"line":118,"column":4},"end":{"line":120,"column":null}},{"start":{},"end":{}}],"line":118},"8":{"loc":{"start":{"line":126,"column":6},"end":{"line":134,"column":null}},"type":"if","locations":[{"start":{"line":126,"column":6},"end":{"line":134,"column":null}},{"start":{},"end":{}}],"line":126},"9":{"loc":{"start":{"line":137,"column":8},"end":{"line":146,"column":null}},"type":"if","locations":[{"start":{"line":137,"column":8},"end":{"line":146,"column":null}},{"start":{},"end":{}}],"line":137},"10":{"loc":{"start":{"line":151,"column":6},"end":{"line":161,"column":null}},"type":"if","locations":[{"start":{"line":151,"column":6},"end":{"line":161,"column":null}},{"start":{},"end":{}}],"line":151},"11":{"loc":{"start":{"line":152,"column":8},"end":{"line":153,"column":null}},"type":"binary-expr","locations":[{"start":{"line":152,"column":8},"end":{"line":152,"column":null}},{"start":{"line":153,"column":8},"end":{"line":153,"column":null}}],"line":152},"12":{"loc":{"start":{"line":164,"column":4},"end":{"line":177,"column":null}},"type":"if","locations":[{"start":{"line":164,"column":4},"end":{"line":177,"column":null}},{"start":{},"end":{}}],"line":164},"13":{"loc":{"start":{"line":166,"column":8},"end":{"line":175,"column":null}},"type":"if","locations":[{"start":{"line":166,"column":8},"end":{"line":175,"column":null}},{"start":{},"end":{}}],"line":166},"14":{"loc":{"start":{"line":199,"column":4},"end":{"line":201,"column":null}},"type":"if","locations":[{"start":{"line":199,"column":4},"end":{"line":201,"column":null}},{"start":{},"end":{}}],"line":199},"15":{"loc":{"start":{"line":226,"column":2},"end":{"line":228,"column":null}},"type":"if","locations":[{"start":{"line":226,"column":2},"end":{"line":228,"column":null}},{"start":{},"end":{}}],"line":226},"16":{"loc":{"start":{"line":234,"column":2},"end":{"line":236,"column":null}},"type":"if","locations":[{"start":{"line":234,"column":2},"end":{"line":236,"column":null}},{"start":{},"end":{}}],"line":234}},"s":{"0":2,"1":2,"2":2,"3":6,"4":6,"5":1,"6":5,"7":0,"8":5,"9":0,"10":5,"11":0,"12":0,"13":5,"14":0,"15":5,"16":2,"17":5,"18":5,"19":12,"20":2,"21":5,"22":7,"23":2,"24":5,"25":2,"26":3,"27":2,"28":13,"29":13,"30":5,"31":13,"32":5,"33":13,"34":5,"35":13,"36":9,"37":6,"38":3,"39":3,"40":3,"41":6,"42":1,"43":6,"44":3,"45":1,"46":3,"47":3,"48":1,"49":3,"50":3,"51":3,"52":0,"53":3,"54":13,"55":9,"56":13,"57":16,"58":16,"59":16,"60":5,"61":16,"62":2,"63":16,"64":12,"65":7,"66":16,"67":13,"68":16,"69":21,"70":21,"71":0,"72":21,"73":16,"74":16,"75":0,"76":16,"77":8},"f":{"0":6,"1":0,"2":5,"3":12,"4":5,"5":7,"6":5,"7":13,"8":5,"9":5,"10":5,"11":9,"12":6,"13":3,"14":3,"15":3,"16":9,"17":16,"18":5,"19":2,"20":12,"21":13,"22":21,"23":16,"24":8},"b":{"0":[1,5],"1":[0,5],"2":[0,5],"3":[0,5],"4":[0,5],"5":[5,3,3],"6":[2,3],"7":[6,3],"8":[1,5],"9":[1,2],"10":[1,2],"11":[3,2],"12":[3,0],"13":[0,3],"14":[7,5],"15":[0,21],"16":[0,16]},"meta":{"lastBranch":17,"lastFunction":25,"lastStatement":78,"seen":{"s:28:6:30:Infinity":0,"s:31:6:33:Infinity":1,"s:35:26:62:Infinity":2,"f:35:26:35:27":0,"s:36:29:36:Infinity":3,"b:37:2:39:Infinity:undefined:undefined:undefined:undefined":0,"s:37:2:39:Infinity":4,"s:38:4:38:Infinity":5,"b:41:2:43:Infinity:undefined:undefined:undefined:undefined":1,"s:41:2:43:Infinity":6,"s:42:4:42:Infinity":7,"b:45:2:47:Infinity:undefined:undefined:undefined:undefined":2,"s:45:2:47:Infinity":8,"s:46:4:46:Infinity":9,"b:49:2:51:Infinity:undefined:undefined:undefined:undefined":3,"s:49:2:51:Infinity":10,"f:49:26:49:33":1,"s:49:33:49:66":11,"s:50:4:50:Infinity":12,"b:53:2:59:Infinity:undefined:undefined:undefined:undefined":4,"s:53:2:59:Infinity":13,"b:54:4:54:Infinity:55:4:55:Infinity:56:4:56:Infinity":5,"s:58:4:58:Infinity":14,"s:61:2:61:Infinity":15,"s:76:25:84:Infinity":16,"f:76:25:76:51":2,"s:78:8:78:Infinity":17,"s:79:2:83:Infinity":18,"f:79:30:79:45":3,"s:79:45:83:4":19,"s:86:33:91:Infinity":20,"f:86:33:86:Infinity":4,"s:87:2:91:Infinity":21,"f:87:21:87:30":5,"s:87:30:91:4":22,"s:93:24:103:Infinity":23,"f:93:24:93:45":6,"b:94:2:96:Infinity:undefined:undefined:undefined:undefined":6,"s:94:2:96:Infinity":24,"s:95:4:95:Infinity":25,"s:97:2:102:Infinity":26,"s:105:30:189:Infinity":27,"f:105:30:105:31":7,"s:112:8:112:Infinity":28,"s:113:8:113:Infinity":29,"f:113:30:113:36":8,"s:113:36:113:56":30,"s:114:8:114:Infinity":31,"f:114:34:114:40":9,"s:114:40:114:68":32,"s:115:8:115:Infinity":33,"f:115:29:115:35":10,"s:115:35:115:54":34,"s:117:8:180:Infinity":35,"f:117:32:117:38":11,"b:118:4:120:Infinity:undefined:undefined:undefined:undefined":7,"s:118:4:120:Infinity":36,"s:119:6:119:Infinity":37,"s:122:23:122:Infinity":38,"s:123:36:123:Infinity":39,"s:125:4:148:Infinity":40,"f:125:24:125:33":12,"b:126:6:134:Infinity:undefined:undefined:undefined:undefined":8,"s:126:6:134:Infinity":41,"s:127:8:133:Infinity":42,"s:136:6:147:Infinity":43,"f:136:34:136:46":13,"b:137:8:146:Infinity:undefined:undefined:undefined:undefined":9,"s:137:8:146:Infinity":44,"s:138:10:145:Infinity":45,"s:150:4:162:Infinity":46,"f:150:28:150:37":14,"b:151:6:161:Infinity:undefined:undefined:undefined:undefined":10,"s:151:6:161:Infinity":47,"b:152:8:152:Infinity:153:8:153:Infinity":11,"s:155:8:160:Infinity":48,"b:164:4:177:Infinity:undefined:undefined:undefined:undefined":12,"s:164:4:177:Infinity":49,"s:165:6:176:Infinity":50,"f:165:31:165:43":15,"b:166:8:175:Infinity:undefined:undefined:undefined:undefined":13,"s:166:8:175:Infinity":51,"s:167:10:174:Infinity":52,"s:179:4:179:Infinity":53,"s:182:8:182:Infinity":54,"f:182:31:182:38":16,"s:182:38:182:58":55,"s:184:2:187:Infinity":56,"f:191:16:191:31":17,"s:192:34:192:Infinity":57,"s:193:36:193:Infinity":58,"s:195:8:195:Infinity":59,"f:195:33:195:39":18,"s:195:39:195:60":60,"s:196:8:196:Infinity":61,"f:196:34:196:40":19,"s:196:40:196:62":62,"s:198:2:202:Infinity":63,"f:198:12:198:18":20,"b:199:4:201:Infinity:undefined:undefined:undefined:undefined":14,"s:199:4:201:Infinity":64,"s:200:6:200:Infinity":65,"s:204:8:213:Infinity":66,"f:205:4:205:11":21,"s:205:11:211:Infinity":67,"s:215:2:220:Infinity":68,"f:224:16:224:30":22,"s:225:8:225:Infinity":69,"b:226:2:228:Infinity:undefined:undefined:undefined:undefined":15,"s:226:2:228:Infinity":70,"s:227:4:227:Infinity":71,"s:229:2:229:Infinity":72,"f:232:16:232:35":23,"s:233:8:233:Infinity":73,"b:234:2:236:Infinity:undefined:undefined:undefined:undefined":16,"s:234:2:236:Infinity":74,"s:235:4:235:Infinity":75,"s:237:2:237:Infinity":76,"f:240:16:240:28":24,"s:241:2:244:Infinity":77}}}
,"/Users/cervantes/git/lum.bio/src/contexts/SidebarContext.tsx": {"path":"/Users/cervantes/git/lum.bio/src/contexts/SidebarContext.tsx","statementMap":{"0":{"start":{"line":30,"column":6},"end":{"line":30,"column":null}},"1":{"start":{"line":32,"column":31},"end":{"line":37,"column":null}},"2":{"start":{"line":33,"column":2},"end":{"line":35,"column":null}},"3":{"start":{"line":34,"column":4},"end":{"line":34,"column":null}},"4":{"start":{"line":36,"column":2},"end":{"line":36,"column":null}},"5":{"start":{"line":39,"column":66},"end":{"line":177,"column":null}},"6":{"start":{"line":42,"column":38},"end":{"line":42,"column":null}},"7":{"start":{"line":43,"column":38},"end":{"line":46,"column":null}},"8":{"start":{"line":47,"column":48},"end":{"line":50,"column":null}},"9":{"start":{"line":51,"column":40},"end":{"line":54,"column":null}},"10":{"start":{"line":56,"column":8},"end":{"line":59,"column":null}},"11":{"start":{"line":57,"column":10},"end":{"line":57,"column":null}},"12":{"start":{"line":60,"column":8},"end":{"line":60,"column":null}},"13":{"start":{"line":60,"column":36},"end":{"line":60,"column":60}},"14":{"start":{"line":62,"column":8},"end":{"line":71,"column":null}},"15":{"start":{"line":64,"column":6},"end":{"line":68,"column":null}},"16":{"start":{"line":65,"column":21},"end":{"line":65,"column":null}},"17":{"start":{"line":66,"column":8},"end":{"line":66,"column":null}},"18":{"start":{"line":67,"column":8},"end":{"line":67,"column":null}},"19":{"start":{"line":73,"column":2},"end":{"line":89,"column":null}},"20":{"start":{"line":74,"column":4},"end":{"line":76,"column":null}},"21":{"start":{"line":75,"column":6},"end":{"line":75,"column":null}},"22":{"start":{"line":78,"column":23},"end":{"line":80,"column":null}},"23":{"start":{"line":81,"column":4},"end":{"line":81,"column":null}},"24":{"start":{"line":83,"column":25},"end":{"line":85,"column":null}},"25":{"start":{"line":84,"column":6},"end":{"line":84,"column":null}},"26":{"start":{"line":87,"column":4},"end":{"line":87,"column":null}},"27":{"start":{"line":88,"column":4},"end":{"line":88,"column":null}},"28":{"start":{"line":88,"column":17},"end":{"line":88,"column":null}},"29":{"start":{"line":91,"column":24},"end":{"line":93,"column":null}},"30":{"start":{"line":92,"column":4},"end":{"line":92,"column":null}},"31":{"start":{"line":92,"column":32},"end":{"line":92,"column":42}},"32":{"start":{"line":95,"column":22},"end":{"line":95,"column":null}},"33":{"start":{"line":95,"column":28},"end":{"line":95,"column":null}},"34":{"start":{"line":96,"column":23},"end":{"line":96,"column":null}},"35":{"start":{"line":96,"column":29},"end":{"line":96,"column":null}},"36":{"start":{"line":98,"column":8},"end":{"line":109,"column":null}},"37":{"start":{"line":100,"column":6},"end":{"line":106,"column":null}},"38":{"start":{"line":101,"column":8},"end":{"
[...]
{},"end":{}}],"line":168},"19":{"loc":{"start":{"line":171,"column":4},"end":{"line":173,"column":null}},"type":"if","locations":[{"start":{"line":171,"column":4},"end":{"line":173,"column":null}},{"start":{},"end":{}}],"line":171}},"s":{"0":4,"1":18,"2":18,"3":18,"4":18,"5":18,"6":29,"7":29,"8":29,"9":29,"10":29,"11":29,"12":29,"13":11,"14":11,"15":18,"16":18,"17":18,"18":4,"19":15,"20":15,"21":27,"22":27,"23":27,"24":9,"25":15,"26":4,"27":25,"28":1,"29":24,"30":9,"31":9,"32":15,"33":15,"34":27,"35":40,"36":27,"37":3,"38":24,"39":12,"40":4,"41":12,"42":4,"43":8,"44":20,"45":8,"46":33,"47":33,"48":0,"49":33,"50":33,"51":6,"52":27,"53":20,"54":2,"55":4,"56":51,"57":1,"58":50,"59":28,"60":22,"61":22,"62":102,"63":102,"64":0,"65":102,"66":20,"67":82,"68":38,"69":2},"f":{"0":18,"1":29,"2":11,"3":18,"4":15,"5":27,"6":25,"7":40,"8":12,"9":20,"10":20,"11":51},"b":{"0":[29],"1":[11,18],"2":[15],"3":[9,18],"4":[1,24],"5":[9,15],"6":[9,0],"7":[3,24],"8":[24,7],"9":[12,0],"10":[4,8],"11":[4,1],"12":[0,33],"13":[6,27],"14":[1,50],"15":[28,22],"16":[28,8],"17":[0,102],"18":[20,82],"19":[38,44]},"meta":{"lastBranch":20,"lastFunction":12,"lastStatement":70,"seen":{"s:23:34:48:Infinity":0,"f:23:34:23:35":0,"s:24:15:24:Infinity":1,"s:25:19:25:Infinity":2,"s:26:17:26:Infinity":3,"s:27:34:27:Infinity":4,"s:29:19:43:Infinity":5,"f:29:19:29:20":1,"b:29:58:29:65":0,"s:30:24:30:Infinity":6,"s:31:20:31:Infinity":7,"s:34:4:34:Infinity":8,"s:35:4:35:Infinity":9,"s:36:4:36:Infinity":10,"s:37:4:37:Infinity":11,"b:40:4:42:Infinity:undefined:undefined:undefined:undefined":1,"s:40:4:42:Infinity":12,"s:41:6:41:Infinity":13,"f:41:30:41:39":2,"s:41:39:41:67":14,"s:45:2:45:Infinity":15,"f:45:18:45:28":3,"s:45:28:45:44":16,"s:47:2:47:Infinity":17,"s:50:30:66:Infinity":18,"f:50:30:50:Infinity":4,"b:52:24:52:Infinity":2,"s:54:32:54:Infinity":19,"s:56:2:63:Infinity":20,"f:56:18:56:28":5,"s:57:24:57:Infinity":21,"s:58:4:58:Infinity":22,"b:60:4:62:Infinity:undefined:undefined:undefined:undefined":3,"s:60:4:62:Infinity":23,"s:61:6:61:Infinity":24,"s:65:2:65:Infinity":25,"s:72:32:100:Infinity":26,"f:72:32:72:Infinity":6,"b:77:2:79:Infinity:undefined:undefined:undefined:undefined":4,"s:77:2:79:Infinity":27,"s:78:4:78:Infinity":28,"b:82:2:85:Infinity:undefined:undefined:undefined:undefined":5,"s:82:2:85:Infinity":29,"s:83:20:83:Infinity":30,"s:84:4:84:Infinity":31,"b:84:11:84:41:84:41:84:Infinity":6,"s:89:21:89:Infinity":32,"s:91:2:97:Infinity":33,"s:92:4:92:Infinity":34,"f:92:32:92:42":7,"s:92:42:92:63":35,"b:93:4:95:Infinity:undefined:undefined:undefined:undefined":7,"s:93:4:95:Infinity":36,"s:94:6:94:Infinity":37,"s:96:4:96:Infinity":38,"b:96:19:96:39:96:39:96:Infinity":8,"s:99:2:99:Infinity":39,"b:99:9:99:20:99:20:99:Infinity":9,"s:106:34:140:Infinity":40,"f:106:34:106:Infinity":8,"b:112:2:114:Infinity:undefined:undefined:undefined:undefined":10,"s:112:2:114:Infinity":41,"s:113:4:113:Infinity":42,"b:113:11:113:44:113:44:113:Infinity":11,"s:117:59:122:Infinity":43,"f:118:4:118:15":9,"s:118:15:121:Infinity":44,"s:124:2:137:Infinity":45,"s:125:20:125:Infinity":46,"b:126:4:128:Infinity:undefined:undefined:undefined:undefined":12,"s:126:4:128:Infinity":47,"s:127:6:127:Infinity":48,"s:129:29:129:Infinity":49,"b:130:4:132:Infinity:undefined:undefined:undefined:undefined":13,"s:130:4:132:Infinity":50,"s:131:6:131:Infinity":51,"s:134:4:136:Infinity":52,"f:134:29:134:38":10,"s:135:6:135:Infinity":53,"s:139:2:139:Infinity":54,"s:146:30:177:Infinity":55,"f:146:30:146:Infinity":11,"b:151:2:153:Infinity:undefined:undefined:undefined:undefined":14,"s:151:2:153:Infinity":56,"s:152:4:152:Infinity":57,"b:156:2:158:Infinity:undefined:undefined:undefined:undefined":15,"s:156:2:158:Infinity":58,"s:157:4:157:Infinity":59,"b:157:11:157:40:157:40:157:Infinity":16,"s:161:16:161:Infinity":60,"s:163:2:174:Infinity":61,"s:164:19:164:Infinity":62,"b:165:4:167:Infinity:undefined:undefined:undefined:undefined":17,"s:165:4:167:Infinity":63,"s:166:6:166:Infinity":64,"b:168:4:170:Infinity:undefined:undefined:undefined:undefined":18,"s:168:4:170:Infinity":65,"s:169:6:169:Infinity":66,"b:171:4:173:Infinity:undefined:undefined:undefined:undefined":19,"s:171:4:173:Infinity":67,"s:172:6:172:Infinity":68,"s:176:2:176:Infinity":69}}}
,"/Users/cervantes/git/lum.bio/src/utils/sortHelpers.ts": {"path":"/Users/cervantes/git/lum.bio/src/utils/sortHelpers.ts","statementMap":{"0":{"start":{"line":3,"column":17},"end":{"line":6,"column":null}},"1":{"start":{"line":8,"column":28},"end":{"line":8,"column":null}},"2":{"start":{"line":8,"column":47},"end":{"line":8,"column":null}},"3":{"start":{"line":10,"column":32},"end":{"line":10,"column":null}},"4":{"start":{"line":11,"column":23},"end":{"line":11,"column":null}},"5":{"start":{"line":13,"column":23},"end":{"line":13,"column":null}},"6":{"start":{"line":13,"column":42},"end":{"line":13,"column":null}},"7":{"start":{"line":15,"column":30},"end":{"line":31,"column":null}},"8":{"start":{"line":16,"column":21},"end":{"line":16,"column":null}},"9":{"start":{"line":17,"column":2},"end":{"line":19,"column":null}},"10":{"start":{"line":18,"column":4},"end":{"line":18,"column":null}},"11":{"start":{"line":21,"column":2},"end":{"line":23,"column":null}},"12":{"start":{"line":22,"column":4},"end":{"line":22,"column":null}},"13":{"start":{"line":25,"column":22},"end":{"line":25,"column":null}},"14":{"start":{"line":26,"column":2},"end":{"line":28,"column":null}},"15":{"start":{"line":27,"column":4},"end":{"line":27,"column":null}},"16":{"start":{"line":30,"column":2},"end":{"line":30,"column":null}},"17":{"start":{"line":33,"column":35},"end":{"line":42,"column":null}},"18":{"start":{"line":37,"column":2},"end":{"line":39,"column":null}},"19":{"start":{"line":38,"column":4},"end":{"line":38,"column":null}},"20":{"start":{"line":40,"column":16},"end":{"line":40,"column":null}},"21":{"start":{"line":41,"column":2},"end":{"line":41,"column":null}},"22":{"start":{"line":44,"column":37},"end":{"line":69,"column":null}},"23":{"start":{"line":45,"column":21},"end":{"line":45,"column":null}},"24":{"start":{"line":47,"column":2},"end":{"line":68,"column":null}},"25":{"start":{"line":48,"column":14},"end":{"line":48,"column":null}},"26":{"start":{"line":49,"column":14},"end":{"line":49,"column":null}},"27":{"start":{"line":51,"column":21},"end":{"line":51,"column":null}},"28":{"start":{"line":52,"column":21},"end":{"line":52,"column":null}},"29":{"start":{"line":53,"column":23},"end":{"line":53,"column":null}},"30":{"start":{"line":54,"column":23},"end":{"line":54,"column":null}},"31":{"start":{"line":56,"column":4},"end":{"line":61,"column":null}},"32":{"start":{"line":57,"column":6},"end":{"line":59,"column":null}},"33":{"start":{"line":58,"column":8},"end":{"line":58,"column":null}},"34":{"start":{"line":60,"column":6},"end":{"line":60,"column":null}},"35":{"start":{"line":63,"column":4},"end":{"line":65,"column":null}},"36":{"start":{"line":64,"column":6},"end":{"line":64,"column":null}},"37":{"start":{"line":67,"column":4},"end":{"line":67,"column":null}},"38":{"start":{"line":71,"column":27},"end":{"line":78,"column":null}},"39":{"start":{"line":76,"column":21},"end":{"line":76,"column":null}},"40":{"start":{"line":77,"column":2},"end":{"line":77,"column":null}},"41":{"start":{"line":77,"column":35},"end":{"line":77,"column":71}},"42":{"start":{"line":80,"column":32},"end":{"line":87,"column":null}},"43":{"start":{"line":85,"column":2},"end":{"line":87,"column":null}},"44":{"start":{"line":89,"column":28},"end":{"line":93,"column":null}},"45":{"start":{"line":93,"column":6},"end":{"line":93,"column":null}},"46":{"start":{"line":95,"column":30},"end":{"line":96,"column":null}},"47":{"start":{"line":96,"column":2},"end":{"line":96,"column":null}}},"fnMap":{"0":{"name":"(anonymous_0)","decl":{"start":{"line":8,"column":28},"end":{"line":8,"column":29}},"loc":{"start":{"line":8,"column":47},"end":{"line":8,"column":null}},"line":8},"1":{"name":"(anonymous_1)","decl":{"start":{"line":13,"column":23},"end":{"line":13,"column":24}},"loc":{"start":{"line":13,"column":42},"end":{"line":13,"column":null}},"line":13},"2":{"name":"(anonymous_2)","decl":{"start":{"line":15,"column":30},"end":{"line":15,"column":31}},"loc":{"start":{"line":15,"column":64},"end":{"line":31,"column":null}},"line":15},"3":{"name":"(anonymous_3)","decl":{"start":{"line":33,"column":35},"end":{"line":33,"column":null}},"loc":{"start":{"line":36,"column":5},"end":{"line":42,"column":null}},"line":36},"4":{"name":"(anonymous_4)","decl":{"start":{"line":44,"column":37},"end":{"line":44,"column":38}},"loc":{"start":{"line":44,"column":63},"end":{"line":69,"column":null}},"line":44},"5":{"name":"(anonymous_5)","decl":{"start":{"line":47,"column":9},"end":{"line":47,"column":10}},"loc":{"start":{"line":47,"column":41},"end":{"line":68,"column":null}},"line":47},"6":{"name":"(anonymous_6)","decl":{"start":{"line":71,"column":27},"end":{"line":71,"column":null}},"loc":{"start":{"line":75,"column":10},"end":{"line":78,"column":null}},"line":75},"7":{"name":"(anonymous_7)","decl":{"start":{"line":77,"column":25},"end":{"line":77,"column":26}},"loc":{"start":{"line":77,"column":35},"end":{"line":77,"column":71}},"line":77},"8":{"name":"(anonymous_8)","decl":{"start":{"line":80,"column":32},"end":{"line":80,"column":33}},"loc":{"start":{"line":85,"column":2},"end":{"line":87,"column":null}},"line":85},"9":{"name":"(anonymous_9)","decl":{"start":{"line":89,"column":28},"end":{"line":89,"column":29}},"loc":{"start":{"line":93,"column":6},"end":{"line":93,"column":null}},"line":93},"10":{"name":"(anonymous_10)","decl":{"start":{"line":95,"column":30},"end":{"line":95,"column":31}},"loc":{"start":{"line":96,"column":2},"end":{"line":96,"column":null}},"line":96}},"branchMap":{"0":{"loc":{"start":{"line":17,"column":2},"end":{"line":19,"column":null}},"type":"if","locations":[{"start":{"line":17,"column":2},"end":{"line":19,"column":null}},{"start":{},"end":{}}],"line":17},"1":{"loc":{"start":{"line":21,"column":2},"end":{"line":23,"column":null}},"type":"if","locations":[{"start":{"line":21,"column":2},"end":{"line":23,"column":null}},{"start":{},"end":{}}],"line":21},"2":{"loc":{"start":{"line":26,"column":2},"end":{"line":28,"column":null}},"type":"if","locations":[{"start":{"line":26,"column":2},"end":{"line":28,"column":null}},{"start":{},"end":{}}],"line":26},"3":{"loc":{"start":{"line":35,"column":2},"end":{"line":35,"column":null}},"type":"default-arg","locations":[{"start":{"line":35,"column":61},"end":{"line":35,"column":null}}],"line":35},"4":{"loc":{"start":{"line":35,"column":4},"end":{"line":35,"column":27}},"type":"default-arg","locations":[{"start":{"line":35,"column":21},"end":{"line":35,"column":27}}],"line":35},"5":{"loc":{"start":{"line":37,"column":2},"end":{"line":39,"column":null}},"type":"if","locations":[{"start":{"line":37,"column":2},"end":{"line":39,"column":null}},{"start":{},"end":{}}],"line":37},"6":{"loc":{"start":{"line":40,"column":16},"end":{"line":40,"column":null}},"type":"cond-expr","locations":[{"start":{"line":40,"column":33},"end":{"line":40,"column":62}},{"start":{"line":40,"column":62},"end":{"line":40,"column":null}}],"line":40},"7":{"loc":{"start":{"line":45,"column":21},"end":{"line":45,"column":null}},"type":"cond-expr","locations":[{"start":{"line":45,"column":44},"end":{"line":45,"column":48}},{"start":{"line":45,"column":48},"end":{"line":45,"column":null}}],"line":45},"8":{"loc":{"start":{"line":56,"column":4},"end":{"line":61,"column":null}},"type":"if","locations":[{"start":{"line":56,"column":4},"end":{"line":61,"column":null}},{"start":{},"end":{}}],"line":56},"9":{"loc":{"start":{"line":56,"column":8},"end":{"line":56,"column":34}},"type":"binary-expr","locations":[{"start":{"line":56,"column":8},"end":{"line":56,"column":22}},{"start":{"line":56,"column":22},"end":{"line":56,"column":34}}],"line":56},"10":{"loc":{"start":{"line":57,"column":6},"end":{"line":59,"column":null}},"type":"if","locations":[{"start":{"line":57,"column":6},"end":{"line":59,"column":null}},{"start":{},"end":{}}],"line":57},"11":{"loc":{"start":{"line":63,"column":4},"end":{"line":65,"column":null}},"type":"if","locations":[{"start":{"line":63,"column":4},"end":{"line":65,"column":null}},{"start":{},"end":{}}],"line":63},"12":{"loc":{"start":{"line":64,"column":14},"end":{"line":64,"column":37}},"type":"cond-expr","locations":[{"start":{"line":64,"column":27},"end":{"line":64,"column":32}},{"start":{"line":64,"column":32},"end":{"line":64,"column":37}}],"line":64},"13":{"loc":{"start":{"line":72,"column":2},"end":{"line":72,"column":null}},"type":"default-arg","locations":[{"start":{"line":72,"column":15},"end":{"line":72,"column":null}}],"line":72},"14":{"loc":{"start":{"line":85,"column":22},"end":{"line":85,"column":68}},"type":"binary-expr","locations":[{"start":{"line":85,"column":22},"end":{"line":85,"column":39}},{"start":{"line":85,"column":39},"end":{"line":85,"column":53}},{"start":{"line":85,"column":53},"end":{"line":85,"column":64}},{"start":{"line":85,"column":64},"end":{"line":85,"column":68}}],"line":85},"15":{"loc":{"start":{"line":93,"column":26},"end":{"line":93,"column":69}},"type":"binary-expr","locations":[{"start":{"line":93,"column":26},"end":{"line":93,"column":39}},{"start":{"line":93,"column":39},"end":{"line":93,"column":56}},{"start":{"line":93,"column":56},"end":{"line":93,"column":67}},{"start":{"line":93,"column":67},"end":{"line":93,"column":69}}],"line":93},"16":{"loc":{"start":{"line":96,"column":22},"end":{"line":96,"column":52}},"type":"binary-expr","locations":[{"start":{"line":96,"column":22},"end":{"line":96,"column":37}},{"start":{"line":96,"column":37},"end":{"line":96,"column":50}},{"start":{"line":96,"column":50},"end":{"line":96,"column":52}}],"line":96}},"s":{"0":1,"1":1,"2":12,"3":1,"4":1,"5":1,"6":208,"7":1,"8":88,"9":88,"10":0,"11":88,"12":43,"13":45,"14":45,"15":22,"16":23,"17":1,"18":38,"19":6,"20":32,"21":38,"22":1,"23":11,"24":11,"25":44,"26":44,"27":44,"28":44,"29":44,"30":44,"31":44,"32":25,"33":24,"34":1,"35":19,"36":15,"37":4,"38":1,"39":6,"40":6,"41":20,"42":1,"43":6,"44":1,"45":6,"46":1,"47":12},"f":{"0":12,"1":208,"2":88,"3":38,"4":11,"5":44,"6":6,"7":20,"8":6,"9":6,"10":12},"b":{"0":[0,88],"1":[43,45],"2":[22,23],"3":[38],"4":[38],"5":[6,32],"6":[12,20],"7":[2,9],"8":[25,19],"9":[44,31],"10":[24,1],"11":[15,4],"12":[6,9],"13":[6],"14":[6,3,2,1],"15":[6,4,2,1],"16":[12,2,1]},"meta":{"lastBranch":17,"lastFunction":11,"lastStatement":48,"seen":{"s:3:17:6:Infinity":0,"s:8:28:8:Infinity":1,"f:8:28:8:29":0,"s:8:47:8:Infinity":2,"s:10:32:10:Infinity":3,"s:11:23:11:Infinity":4,"s:13:23:13:Infinity":5,"f:13:23:13:24":1,"s:13:42:13:Infinity":6,"s:15:30:31:Infinity":7,"f:15:30:15:31":2,"s:16:21:16:Infinity":8,"b:17:2:19:Infinity:undefined:undefined:undefined:undefined":0,"s:17:2:19:Infinity":9,"s:18:4:18:Infinity":10,"b:21:2:23:Infinity:undefined:undefined:undefined:undefined":1,"s:21:2:23:Infinity":11,"s:22:4:22:Infinity":12,"s:25:22:25:Infinity":13,"b:26:2:28:Infinity:undefined:undefined:undefined:undefined":2,"s:26:2:28:Infinity":14,"s:27:4:27:Infinity":15,"s:30:2:30:Infinity":16,"s:33:35:42:Infinity":17,"f:33:35:33:Infinity":3,"b:35:61:35:Infinity":3,"b:35:21:35:27":4,"b:37:2:39:Infinity:undefined:undefined:undefined:undefined":5,"s:37:2:39:Infinity":18,"s:38:4:38:Infinity":19,"s:40:16:40:Infinity":20,"b:40:33:40:62:40:62:40:Infinity":6,"s:41:2:41:Infinity":21,"s:44:37:69:Infinity":22,"f:44:37:44:38":4,"s:45:21:45:Infinity":23,"b:45:44:45:48:45:48:45:Infinity":7,"s:47:2:68:Infinity":24,"f:47:9:47:10":5,"s:48:14:48:Infinity":25,"s:49:14:49:Infinity":26,"s:51:21:51:Infinity":27,"s:52:21:52:Infinity":28,"s:53:23:53:Infinity":29,"s:54:23:54:Infinity":30,"b:56:4:61:Infinity:undefined:undefined:undefined:undefined":8,"s:56:4:61:Infinity":31,"b:56:8:56:22:56:22:56:34":9,"b:57:6:59:Infinity:undefined:undefined:undefined:undefined":10,"s:57:6:59:Infinity":32,"s:58:8:58:Infinity":33,"s:60:6:60:Infinity":34,"b:63:4:65:Infinity:undefined:undefined:undefined:undefined":11,"s:63:4:65:Infinity":35,"s:64:6:64:Infinity":36,"b:64:27:64:32:64:32:64:37":12,"s:67:4:67:Infinity":37,"s:71:27:78:Infinity":38,"f:71:27:71:Infinity":6,"b:72:15:72:Infinity":13,"s:76:21:76:Infinity":39,"s:77:2:77:Infinity":40,"f:77:25:77:26":7,"s:77:35:77:71":41,"s:80:32:87:Infinity":42,"f:80:32:80:33":8,"s:85:2:87:Infinity":43,"b:85:22:85:39:85:39:85:53:85:53:85:64:85:64:85:68":14,"s:89:28:93:Infinity":44,"f:89:28:89:29":9,"s:93:6:93:Infinity":45,"b:93:26:93:39:93:39:93:56:93:56:93:67:93:67:93:69":15,"s:95:30:96:Infinity":46,"f:95:30:95:31":10,"s:96:2:96:Infinity":47,"b:96:22:96:37:96:37:96:50:96:50:96:52":16}}}
,"/Users/cervantes/git/lum.bio/src/utils/urlHelpers.ts": {"path":"/Users/cervantes/git/lum.bio/src/utils/urlHelpers.ts","statementMap":{"0":{"start":{"line":11,"column":26},"end":{"line":11,"column":null}},"1":{"start":{"line":13,"column":23},"end":{"line":13,"column":null}},"2":{"start":{"line":22,"column":16},"end":{"line":22,"column":null}},"3":{"start":{"line":24,"column":2},"end":{"line":26,"column":null}},"4":{"start":{"line":25,"column":4},"end":{"line":25,"column":null}},"5":{"start":{"line":28,"column":2},"end":{"line":30,"column":null}},"6":{"start":{"line":29,"column":4},"end":{"line":29,"column":null}},"7":{"start":{"line":32,"column":2},"end":{"line":34,"column":null}},"8":{"start":{"line":33,"column":4},"end":{"line":33,"column":null}},"9":{"start":{"line":36,"column":2},"end":{"line":48,"column":null}},"10":{"start":{"line":37,"column":19},"end":{"line":37,"column":null}},"11":{"start":{"line":38,"column":4},"end":{"line":40,"column":null}},"12":{"start":{"line":39,"column":6},"end":{"line":39,"column":null}},"13":{"start":{"line":41,"column":4},"end":{"line":45,"column":null}},"14":{"start":{"line":47,"column":4},"end":{"line":47,"column":null}}},"fnMap":{"0":{"name":"getSafeUrl","decl":{"start":{"line":19,"column":16},"end":{"line":19,"column":null}},"loc":{"start":{"line":21,"column":22},"end":{"line":49,"column":null}},"line":21}},"branchMap":{"0":{"loc":{"start":{"line":24,"column":2},"end":{"line":26,"column":null}},"type":"if","locations":[{"start":{"line":24,"column":2},"end":{"line":26,"column":null}},{"start":{},"end":{}}],"line":24},"1":{"loc":{"start":{"line":24,"column":6},"end":{"line":24,"column":31}},"type":"binary-expr","locations":[{"start":{"line":24,"column":6},"end":{"line":24,"column":16}},{"start":{"line":24,"column":16},"end":{"line":24,"column":31}}],"line":24},"2":{"loc":{"start":{"line":28,"column":2},"end":{"line":30,"column":null}},"type":"if","locations":[{"start":{"line":28,"column":2},"end":{"line":30,"column":null}},{"start":{},"end":{}}],"line":28},"3":{"loc":{"start":{"line":32,"column":2},"end":{"line":34,"column":null}},"type":"if","locations":[{"start":{"line":32,"column":2},"end":{"line":34,"column":null}},{"start":{},"end":{}}],"line":32},"4":{"loc":{"start":{"line":38,"column":4},"end":{"line":40,"column":null}},"type":"if","locations":[{"start":{"line":38,"column":4},"end":{"line":40,"column":null}},{"start":{},"end":{}}],"line":38}},"s":{"0":1,"1":1,"2":8,"3":8,"4":3,"5":5,"6":1,"7":4,"8":1,"9":3,"10":3,"11":3,"12":2,"13":1,"14":0},"f":{"0":8},"b":{"0":[3,5],"1":[8,6],"2":[1,4],"3":[1,3],"4":[2,1]},"meta":{"lastBranch":5,"lastFunction":1,"lastStatement":15,"seen":{"s:11:26:11:Infinity":0,"s:13:23:13:Infinity":1,"f:19:16:19:Infinity":0,"s:22:16:22:Infinity":2,"b:24:2:26:Infinity:undefined:undefined:undefined:undefined":0,"s:24:2:26:Infinity":3,"b:24:6:24:16:24:16:24:31":1,"s:25:4:25:Infinity":4,"b:28:2:30:Infinity:undefined:undefined:undefined:undefined":2,"s:28:2:30:Infinity":5,"s:29:4:29:Infinity":6,"b:32:2:34:Infinity:undefined:undefined:undefined:undefined":3,"s:32:2:34:Infinity":7,"s:33:4:33:Infinity":8,"s:36:2:48:Infinity":9,"s:37:19:37:Infinity":10,"b:38:4:40:Infinity:undefined:undefined:undefined:undefined":4,"s:38:4:40:Infinity":11,"s:39:6:39:Infinity":12,"s:41:4:45:Infinity":13,"s:47:4:47:Infinity":14}}}
}
