TN:
SF:src/components/layout/SearchPanel.tsx
FN:8,(anonymous_0)
FN:15,(anonymous_1)
FN:27,(anonymous_2)
FN:43,(anonymous_3)
FN:47,(anonymous_4)
FN:52,(anonymous_5)
FN:67,(anonymous_6)
FN:70,(anonymous_7)
FN:108,(anonymous_8)
FN:114,(anonymous_9)
FN:115,(anonymous_10)
FN:137,(anonymous_11)
FN:149,(anonymous_12)
FN:153,(anonymous_13)
FN:157,(anonymous_14)
FN:162,(anonymous_15)
FN:167,(anonymous_16)
FN:191,(anonymous_17)
FN:206,(anonymous_18)
FN:228,(anonymous_19)
FN:233,(anonymous_20)
FNF:21
FNH:21
FNDA:10,(anonymous_0)
FNDA:16,(anonymous_1)
FNDA:10,(anonymous_2)
FNDA:7,(anonymous_3)
FNDA:10,(anonymous_4)
FNDA:3,(anonymous_5)
FNDA:4,(anonymous_6)
FNDA:9,(anonymous_7)
FNDA:7,(anonymous_8)
FNDA:7,(anonymous_9)
FNDA:15,(anonymous_10)
FNDA:3,(anonymous_11)
FNDA:1,(anonymous_12)
FNDA:1,(anonymous_13)
FNDA:8,(anonymous_14)
FNDA:1,(anonymous_15)
FNDA:1,(anonymous_16)
FNDA:4,(anonymous_17)
FNDA:1,(anonymous_18)
FNDA:24,(anonymous_19)
FNDA:2,(anonymous_20)
DA:8,2
DA:9,10
DA:10,0
DA:12,10
DA:15,2
DA:16,16
DA:18,16
DA:19,16
DA:20,16
DA:21,16
DA:22,16
DA:23,16
DA:24,16
DA:25,16
DA:27,16
DA:28,10
DA:29,7
DA:31,7
DA:32,7
DA:33,7
DA:36,3
DA:37,1
DA:38,1
DA:43,16
DA:44,7
DA:47,16
DA:48,10
DA:49,3
DA:52,7
DA:53,3
DA:54,0
DA:57,3
DA:65,3
DA:67,4
DA:70,7
DA:71,9
DA:72,1
DA:73,1
DA:74,1
DA:77,8
DA:78,5
DA:81,3
DA:83,3
DA:84,1
DA:85,1
DA:86,1
DA:89,2
DA:90,2
DA:91,2
DA:93,2
DA:94,1
DA:95,1
DA:96,1
DA:98,1
DA:101,1
DA:102,1
DA:103,1
DA:107,7
DA:108,7
DA:113,16
DA:115,7
DA:118,15
DA:120,5
DA:121,5
DA:123,5
DA:124,5
DA:126,5
DA:127,5
DA:129,0
DA:132,15
DA:137,16
DA:138,3
DA:139,1
DA:140,2
DA:141,1
DA:142,1
DA:143,1
DA:144,1
DA:146,3
DA:149,16
DA:150,1
DA:153,16
DA:154,1
DA:157,16
DA:158,8
DA:159,1
DA:160,7
DA:161,1
DA:162,1
DA:163,1
DA:165,6
DA:166,1
DA:167,1
DA:171,16
DA:172,6
DA:175,10
DA:191,4
DA:206,1
DA:229,24
DA:233,2
LF:100
LH:97
BRDA:9,0,0,0
BRDA:9,0,1,10
BRDA:28,1,0,7
BRDA:28,1,1,3
BRDA:30,2,0,7
BRDA:30,2,1,0
BRDA:36,3,0,1
BRDA:36,3,1,2
BRDA:48,4,0,3
BRDA:48,4,1,7
BRDA:53,5,0,0
BRDA:53,5,1,3
BRDA:71,6,0,1
BRDA:71,6,1,8
BRDA:77,7,0,5
BRDA:77,7,1,3
BRDA:83,8,0,1
BRDA:83,8,1,2
BRDA:93,9,0,1
BRDA:93,9,1,1
BRDA:94,10,0,1
BRDA:94,10,1,0
BRDA:94,11,0,1
BRDA:94,11,1,1
BRDA:101,12,0,1
BRDA:101,12,1,0
BRDA:118,13,0,5
BRDA:118,13,1,5
BRDA:118,13,2,5
BRDA:118,13,3,0
BRDA:138,14,0,1
BRDA:138,14,1,2
BRDA:140,15,0,1
BRDA:140,15,1,1
BRDA:142,16,0,1
BRDA:142,16,1,0
BRDA:143,17,0,1
BRDA:143,17,1,1
BRDA:158,18,0,1
BRDA:158,18,1,7
BRDA:158,19,0,8
BRDA:158,19,1,1
BRDA:160,20,0,1
BRDA:160,20,1,6
BRDA:163,21,0,1
BRDA:163,21,1,0
BRDA:165,22,0,1
BRDA:165,22,1,5
BRDA:167,23,0,1
BRDA:167,23,1,0
BRDA:171,24,0,6
BRDA:171,24,1,10
BRDA:220,25,0,10
BRDA:220,25,1,2
BRDA:225,26,0,16
BRDA:225,26,1,8
BRDA:225,26,2,0
BRDA:231,27,0,8
BRDA:231,27,1,16
BRDA:238,28,0,24
BRDA:238,28,1,0
BRDA:238,29,0,24
BRDA:238,29,1,24
BRF:63
BRH:52
end_of_record
TN:
SF:src/config/accessibility.ts
FNF:0
FNH:0
DA:4,2
LF:1
LH:1
BRF:0
BRH:0
end_of_record
TN:
SF:src/config/constants.ts
FNF:0
FNH:0
DA:8,6
DA:18,6
DA:28,6
DA:37,6
DA:51,6
DA:61,6
DA:71,6
DA:85,6
LF:8
LH:8
BRF:0
BRH:0
end_of_record
TN:
SF:src/contexts/NavigationContext.tsx
FN:44,NavigationProvider
FN:56,(anonymous_1)
FN:60,(anonymous_2)
FN:63,(anonymous_3)
FN:64,(anonymous_4)
FN:73,(anonymous_5)
FN:82,(anonymous_6)
FN:85,(anonymous_7)
FN:104,(anonymous_8)
FN:128,(anonymous_9)
FN:141,(anonymous_10)
FN:158,(anonymous_11)
FN:171,(anonymous_12)
FN:180,(anonymous_13)
FN:187,(anonymous_14)
FN:195,(anonymous_15)
FN:215,(anonymous_16)
FN:224,(anonymous_17)
FN:229,(anonymous_18)
FN:245,(anonymous_19)
FN:251,(anonymous_20)
FN:252,(anonymous_21)
FN:258,(anonymous_22)
FN:264,(anonymous_23)
FN:271,(anonymous_24)
FN:305,useNavigation
FNF:26
FNH:26
FNDA:59,NavigationProvider
FNDA:13,(anonymous_1)
FNDA:13,(anonymous_2)
FNDA:29,(anonymous_3)
FNDA:52,(anonymous_4)
FNDA:6,(anonymous_5)
FNDA:29,(anonymous_6)
FNDA:39,(anonymous_7)
FNDA:1,(anonymous_8)
FNDA:53,(anonymous_9)
FNDA:10,(anonymous_10)
FNDA:9,(anonymous_11)
FNDA:4,(anonymous_12)
FNDA:4,(anonymous_13)
FNDA:9,(anonymous_14)
FNDA:3,(anonymous_15)
FNDA:1,(anonymous_16)
FNDA:2,(anonymous_17)
FNDA:3,(anonymous_18)
FNDA:1,(anonymous_19)
FNDA:2,(anonymous_20)
FNDA:2,(anonymous_21)
FNDA:1,(anonymous_22)
FNDA:3,(anonymous_23)
FNDA:2,(anonymous_24)
FNDA:65,useNavigation
DA:40,2
DA:45,59
DA:46,59
DA:47,59
DA:48,59
DA:49,59
DA:50,59
DA:51,59
DA:52,59
DA:55,59
DA:56,13
DA:60,59
DA:62,59
DA:64,29
DA:65,52
DA:66,29
DA:69,23
DA:70,23
DA:71,17
DA:73,6
DA:74,6
DA:75,4
DA:77,2
DA:82,59
DA:85,59
DA:86,39
DA:88,13
DA:89,13
DA:90,11
DA:91,11
DA:94,2
DA:96,2
DA:97,0
DA:98,0
DA:102,2
DA:103,1
DA:104,1
DA:105,1
DA:106,1
DA:107,1
DA:109,1
DA:110,1
DA:114,1
DA:115,1
DA:117,1
DA:118,1
DA:119,1
DA:120,1
DA:124,1
DA:128,59
DA:129,53
DA:131,40
DA:132,15
DA:133,2
DA:135,15
DA:138,25
DA:141,25
DA:142,25
DA:143,6
DA:144,6
DA:145,2
DA:147,6
DA:151,19
DA:152,19
DA:153,19
DA:154,9
DA:158,59
DA:161,9
DA:162,9
DA:163,1
DA:165,8
DA:167,9
DA:168,9
DA:171,59
DA:172,4
DA:173,0
DA:175,4
DA:180,59
DA:181,4
DA:182,4
DA:183,4
DA:184,4
DA:187,59
DA:188,9
DA:189,6
DA:190,3
DA:191,3
DA:195,59
DA:196,3
DA:197,0
DA:200,3
DA:202,3
DA:203,0
DA:204,0
DA:207,3
DA:209,3
DA:210,3
DA:211,2
DA:212,2
DA:215,1
DA:216,1
DA:217,0
DA:218,0
DA:221,1
DA:224,59
DA:225,2
DA:226,2
DA:229,59
DA:230,3
DA:231,1
DA:232,1
DA:235,2
DA:236,2
DA:239,2
DA:240,2
DA:241,1
DA:242,1
DA:245,1
DA:246,1
DA:247,1
DA:251,59
DA:252,2
DA:253,2
DA:254,2
DA:255,2
DA:258,59
DA:259,1
DA:260,1
DA:261,1
DA:264,59
DA:265,3
DA:266,2
DA:267,2
DA:268,2
DA:271,59
DA:272,2
DA:273,1
DA:275,1
DA:276,1
DA:279,59
DA:306,65
DA:307,65
DA:308,2
DA:310,63
LF:144
LH:136
BRDA:65,0,0,29
BRDA:65,0,1,23
BRDA:70,1,0,17
BRDA:70,1,1,6
BRDA:74,2,0,4
BRDA:74,2,1,2
BRDA:86,3,0,26
BRDA:86,3,1,13
BRDA:89,4,0,11
BRDA:89,4,1,2
BRDA:89,5,0,13
BRDA:89,5,1,2
BRDA:96,6,0,0
BRDA:96,6,1,2
BRDA:102,7,0,1
BRDA:102,7,1,1
BRDA:105,8,0,1
BRDA:105,8,1,0
BRDA:114,9,0,1
BRDA:114,9,1,0
BRDA:118,10,0,1
BRDA:118,10,1,0
BRDA:129,11,0,13
BRDA:129,11,1,40
BRDA:131,12,0,15
BRDA:131,12,1,25
BRDA:132,13,0,2
BRDA:132,13,1,13
BRDA:142,14,0,6
BRDA:142,14,1,19
BRDA:144,15,0,2
BRDA:144,15,1,4
BRDA:153,16,0,9
BRDA:153,16,1,10
BRDA:161,17,0,9
BRDA:161,17,1,4
BRDA:162,18,0,1
BRDA:162,18,1,8
BRDA:162,19,0,9
BRDA:162,19,1,8
BRDA:165,20,0,8
BRDA:165,20,1,0
BRDA:172,21,0,0
BRDA:172,21,1,4
BRDA:172,22,0,4
BRDA:172,22,1,4
BRDA:175,23,0,2
BRDA:175,23,1,2
BRDA:188,24,0,6
BRDA:188,24,1,3
BRDA:190,25,0,3
BRDA:190,25,1,0
BRDA:196,26,0,0
BRDA:196,26,1,3
BRDA:202,27,0,0
BRDA:202,27,1,3
BRDA:210,28,0,2
BRDA:210,28,1,1
BRDA:216,29,0,0
BRDA:216,29,1,1
BRDA:230,30,0,1
BRDA:230,30,1,2
BRDA:240,31,0,1
BRDA:240,31,1,1
BRDA:246,32,0,1
BRDA:246,32,1,0
BRDA:255,33,0,2
BRDA:255,33,1,0
BRDA:265,34,0,1
BRDA:265,34,1,2
BRDA:272,35,0,1
BRDA:272,35,1,1
BRDA:307,36,0,2
BRDA:307,36,1,63
BRF:74
BRH:62
end_of_record
TN:
SF:src/contexts/SearchContext.tsx
FN:35,(anonymous_0)
FN:49,(anonymous_1)
FN:76,(anonymous_2)
FN:79,(anonymous_3)
FN:86,(anonymous_4)
FN:87,(anonymous_5)
FN:93,(anonymous_6)
FN:105,(anonymous_7)
FN:113,(anonymous_8)
FN:114,(anonymous_9)
FN:115,(anonymous_10)
FN:117,(anonymous_11)
FN:125,(anonymous_12)
FN:136,(anonymous_13)
FN:150,(anonymous_14)
FN:165,(anonymous_15)
FN:182,(anonymous_16)
FN:191,SearchProvider
FN:195,(anonymous_18)
FN:196,(anonymous_19)
FN:198,(anonymous_20)
FN:205,(anonymous_21)
FN:224,useSearchUI
FN:232,useSearchResults
FN:240,useSearch
FNF:25
FNH:24
FNDA:6,(anonymous_0)
FNDA:0,(anonymous_1)
FNDA:5,(anonymous_2)
FNDA:12,(anonymous_3)
FNDA:5,(anonymous_4)
FNDA:7,(anonymous_5)
FNDA:5,(anonymous_6)
FNDA:13,(anonymous_7)
FNDA:5,(anonymous_8)
FNDA:5,(anonymous_9)
FNDA:5,(anonymous_10)
FNDA:9,(anonymous_11)
FNDA:6,(anonymous_12)
FNDA:3,(anonymous_13)
FNDA:3,(anonymous_14)
FNDA:3,(anonymous_15)
FNDA:9,(anonymous_16)
FNDA:16,SearchProvider
FNDA:5,(anonymous_18)
FNDA:2,(anonymous_19)
FNDA:12,(anonymous_20)
FNDA:13,(anonymous_21)
FNDA:21,useSearchUI
FNDA:16,useSearchResults
FNDA:8,useSearch
DA:28,2
DA:31,2
DA:35,2
DA:36,6
DA:37,6
DA:38,1
DA:41,5
DA:42,0
DA:45,5
DA:46,0
DA:49,5
DA:50,0
DA:53,5
DA:58,0
DA:61,5
DA:76,2
DA:78,5
DA:79,12
DA:86,2
DA:87,7
DA:93,2
DA:94,5
DA:95,2
DA:97,3
DA:105,2
DA:112,13
DA:113,13
DA:114,13
DA:115,13
DA:117,13
DA:118,9
DA:119,6
DA:122,3
DA:123,3
DA:125,3
DA:126,6
DA:127,1
DA:136,6
DA:137,3
DA:138,1
DA:150,3
DA:151,3
DA:155,1
DA:164,3
DA:165,3
DA:166,3
DA:167,0
DA:179,3
DA:182,13
DA:184,13
DA:192,16
DA:193,16
DA:195,16
DA:196,16
DA:198,16
DA:199,12
DA:200,7
DA:204,16
DA:205,13
DA:215,16
DA:225,21
DA:226,21
DA:227,0
DA:229,21
DA:233,16
DA:234,16
DA:235,0
DA:237,16
DA:241,8
LF:69
LH:62
BRDA:37,0,0,1
BRDA:37,0,1,5
BRDA:41,1,0,0
BRDA:41,1,1,5
BRDA:45,2,0,0
BRDA:45,2,1,5
BRDA:49,3,0,0
BRDA:49,3,1,5
BRDA:53,4,0,0
BRDA:53,4,1,5
BRDA:54,5,0,5
BRDA:54,5,1,3
BRDA:54,5,2,3
BRDA:94,6,0,2
BRDA:94,6,1,3
BRDA:118,7,0,6
BRDA:118,7,1,3
BRDA:126,8,0,1
BRDA:126,8,1,5
BRDA:137,9,0,1
BRDA:137,9,1,2
BRDA:151,10,0,1
BRDA:151,10,1,2
BRDA:152,11,0,3
BRDA:152,11,1,2
BRDA:164,12,0,3
BRDA:164,12,1,0
BRDA:166,13,0,0
BRDA:166,13,1,3
BRDA:199,14,0,7
BRDA:199,14,1,5
BRDA:226,15,0,0
BRDA:226,15,1,21
BRDA:234,16,0,0
BRDA:234,16,1,16
BRF:35
BRH:27
end_of_record
TN:
SF:src/contexts/SidebarContext.tsx
FN:32,(anonymous_0)
FN:39,(anonymous_1)
FN:57,(anonymous_2)
FN:60,(anonymous_3)
FN:63,(anonymous_4)
FN:64,(anonymous_5)
FN:73,(anonymous_6)
FN:83,(anonymous_7)
FN:88,(anonymous_8)
FN:91,(anonymous_9)
FN:92,(anonymous_10)
FN:95,(anonymous_11)
FN:96,(anonymous_12)
FN:99,(anonymous_13)
FN:100,(anonymous_14)
FN:112,(anonymous_15)
FN:113,(anonymous_16)
FN:121,(anonymous_17)
FN:122,(anonymous_18)
FN:130,(anonymous_19)
FN:136,(anonymous_20)
FN:141,(anonymous_21)
FN:142,(anonymous_22)
FN:179,(anonymous_23)
FNF:24
FNH:23
FNDA:5,(anonymous_0)
FNDA:19,(anonymous_1)
FNDA:11,(anonymous_2)
FNDA:7,(anonymous_3)
FNDA:4,(anonymous_4)
FNDA:4,(anonymous_5)
FNDA:5,(anonymous_6)
FNDA:0,(anonymous_7)
FNDA:5,(anonymous_8)
FNDA:1,(anonymous_9)
FNDA:1,(anonymous_10)
FNDA:1,(anonymous_11)
FNDA:1,(anonymous_12)
FNDA:2,(anonymous_13)
FNDA:2,(anonymous_14)
FNDA:1,(anonymous_15)
FNDA:1,(anonymous_16)
FNDA:1,(anonymous_17)
FNDA:1,(anonymous_18)
FNDA:1,(anonymous_19)
FNDA:1,(anonymous_20)
FNDA:2,(anonymous_21)
FNDA:2,(anonymous_22)
FNDA:15,(anonymous_23)
DA:30,2
DA:32,2
DA:33,5
DA:34,0
DA:36,5
DA:39,2
DA:42,19
DA:43,19
DA:47,19
DA:51,19
DA:56,19
DA:57,11
DA:60,19
DA:62,19
DA:64,4
DA:65,4
DA:66,4
DA:67,4
DA:73,19
DA:74,5
DA:75,0
DA:78,5
DA:81,5
DA:83,5
DA:84,0
DA:87,5
DA:88,5
DA:91,19
DA:92,1
DA:95,19
DA:96,19
DA:98,19
DA:100,2
DA:101,2
DA:102,1
DA:104,1
DA:111,19
DA:113,1
DA:114,1
DA:120,19
DA:122,1
DA:123,1
DA:129,19
DA:131,1
DA:136,19
DA:137,1
DA:140,19
DA:142,2
DA:143,2
DA:144,2
DA:145,1
DA:147,1
DA:149,2
DA:155,19
DA:179,2
DA:180,15
DA:181,15
DA:182,0
DA:184,15
LF:59
LH:55
BRDA:33,0,0,0
BRDA:33,0,1,5
BRDA:74,1,0,0
BRDA:74,1,1,5
BRDA:101,2,0,1
BRDA:101,2,1,1
BRDA:144,3,0,1
BRDA:144,3,1,1
BRDA:181,4,0,0
BRDA:181,4,1,15
BRF:10
BRH:7
end_of_record
TN:
SF:src/contexts/ThemeContext.tsx
FN:22,ThemeProvider
FN:30,(anonymous_1)
FN:36,(anonymous_2)
FN:43,(anonymous_3)
FN:51,(anonymous_4)
FN:62,(anonymous_5)
FN:99,(anonymous_6)
FN:113,useTheme
FNF:8
FNH:8
FNDA:7,ThemeProvider
FNDA:4,(anonymous_1)
FNDA:4,(anonymous_2)
FNDA:4,(anonymous_3)
FNDA:7,(anonymous_4)
FNDA:14,(anonymous_5)
FNDA:2,(anonymous_6)
FNDA:7,useTheme
DA:20,2
DA:23,7
DA:27,7
DA:30,7
DA:31,4
DA:32,0
DA:35,4
DA:36,4
DA:37,4
DA:40,4
DA:41,4
DA:43,4
DA:47,7
DA:48,7
DA:51,7
DA:52,7
DA:53,0
DA:57,7
DA:58,7
DA:59,7
DA:62,7
DA:64,14
DA:68,14
DA:71,14
DA:72,6
DA:73,6
DA:74,6
DA:80,6
DA:84,14
DA:88,14
DA:89,14
DA:90,14
DA:92,14
DA:95,7
DA:96,7
DA:99,7
DA:100,2
DA:101,2
DA:104,7
DA:114,7
DA:115,7
DA:116,2
DA:118,5
LF:43
LH:41
BRDA:31,0,0,0
BRDA:31,0,1,4
BRDA:37,1,0,1
BRDA:37,1,1,3
BRDA:47,2,0,7
BRDA:47,2,1,5
BRDA:52,3,0,0
BRDA:52,3,1,7
BRDA:52,4,0,7
BRDA:52,4,1,7
BRDA:64,5,0,7
BRDA:64,5,1,7
BRDA:71,6,0,6
BRDA:71,6,1,8
BRDA:76,7,0,3
BRDA:76,7,1,3
BRDA:84,8,0,7
BRDA:84,8,1,7
BRDA:90,9,0,14
BRDA:90,9,1,10
BRDA:100,10,0,1
BRDA:100,10,1,1
BRDA:115,11,0,2
BRDA:115,11,1,5
BRF:24
BRH:22
end_of_record
TN:
SF:src/hooks/use100vh.ts
FN:3,use100vh
FN:4,(anonymous_1)
FN:9,(anonymous_2)
FN:17,(anonymous_3)
FNF:4
FNH:4
FNDA:8,use100vh
FNDA:8,(anonymous_1)
FNDA:12,(anonymous_2)
FNDA:8,(anonymous_3)
DA:4,8
DA:5,8
DA:6,0
DA:9,8
DA:10,12
DA:11,12
DA:14,8
DA:15,8
DA:17,8
LF:9
LH:8
BRDA:5,0,0,0
BRDA:5,0,1,8
BRDA:5,1,0,8
BRDA:5,1,1,8
BRF:4
BRH:3
end_of_record
TN:
SF:src/hooks/useCrosshair.ts
FN:5,(anonymous_0)
FN:12,(anonymous_1)
FN:22,useCrosshair
FN:23,(anonymous_3)
FN:28,(anonymous_4)
FN:35,(anonymous_5)
FN:39,(anonymous_6)
FN:55,(anonymous_7)
FN:60,(anonymous_8)
FN:67,(anonymous_9)
FN:81,(anonymous_10)
FN:87,(anonymous_11)
FN:100,(anonymous_12)
FN:106,(anonymous_13)
FN:115,(anonymous_14)
FN:115,(anonymous_15)
FNF:16
FNH:16
FNDA:19,(anonymous_0)
FNDA:19,(anonymous_1)
FNDA:52,useCrosshair
FNDA:19,(anonymous_3)
FNDA:31,(anonymous_4)
FNDA:28,(anonymous_5)
FNDA:31,(anonymous_6)
FNDA:31,(anonymous_7)
FNDA:19,(anonymous_8)
FNDA:12,(anonymous_9)
FNDA:11,(anonymous_10)
FNDA:7,(anonymous_11)
FNDA:6,(anonymous_12)
FNDA:19,(anonymous_13)
FNDA:6,(anonymous_14)
FNDA:6,(anonymous_15)
DA:3,1
DA:5,1
DA:6,19
DA:7,0
DA:9,19
DA:12,1
DA:13,19
DA:14,0
DA:16,19
DA:23,52
DA:24,52
DA:25,52
DA:26,52
DA:28,52
DA:29,31
DA:30,31
DA:31,22
DA:35,52
DA:36,28
DA:39,52
DA:40,31
DA:41,0
DA:44,31
DA:45,31
DA:46,0
DA:49,31
DA:50,22
DA:52,9
DA:55,31
DA:56,31
DA:60,52
DA:61,19
DA:62,0
DA:65,19
DA:67,19
DA:68,12
DA:73,12
DA:74,1
DA:77,11
DA:78,5
DA:81,11
DA:82,11
DA:83,11
DA:87,19
DA:88,7
DA:89,1
DA:92,6
DA:94,7
DA:97,7
DA:98,0
DA:100,6
DA:103,19
DA:104,19
DA:106,19
DA:107,19
DA:108,19
DA:109,19
DA:110,6
DA:115,52
DA:117,52
LF:60
LH:54
BRDA:6,0,0,0
BRDA:6,0,1,19
BRDA:6,1,0,19
BRDA:6,1,1,19
BRDA:9,2,0,19
BRDA:9,2,1,19
BRDA:13,3,0,0
BRDA:13,3,1,19
BRDA:30,4,0,22
BRDA:30,4,1,9
BRDA:40,5,0,0
BRDA:40,5,1,31
BRDA:45,6,0,0
BRDA:45,6,1,31
BRDA:49,7,0,22
BRDA:49,7,1,9
BRDA:61,8,0,0
BRDA:61,8,1,19
BRDA:73,9,0,1
BRDA:73,9,1,11
BRDA:77,10,0,5
BRDA:77,10,1,6
BRDA:88,11,0,1
BRDA:88,11,1,6
BRDA:88,12,0,7
BRDA:88,12,1,6
BRDA:92,13,0,6
BRDA:92,13,1,0
BRDA:94,14,0,7
BRDA:94,14,1,6
BRDA:94,14,2,0
BRDA:97,15,0,0
BRDA:97,15,1,7
BRDA:109,16,0,6
BRDA:109,16,1,13
BRF:35
BRH:27
end_of_record
TN:
SF:src/hooks/useDebounce.ts
FN:3,useDebounce
FN:6,(anonymous_1)
FN:7,(anonymous_2)
FN:11,(anonymous_3)
FNF:4
FNH:4
FNDA:24,useDebounce
FNDA:16,(anonymous_1)
FNDA:5,(anonymous_2)
FNDA:16,(anonymous_3)
DA:4,24
DA:6,24
DA:7,16
DA:8,5
DA:11,16
DA:12,16
DA:16,24
LF:7
LH:7
BRF:0
BRH:0
end_of_record
TN:
SF:src/hooks/useLocalStorage.ts
FN:3,(anonymous_0)
FN:5,useLocalStorage
FN:11,(anonymous_2)
FN:29,(anonymous_3)
FN:45,(anonymous_4)
FN:50,(anonymous_5)
FN:67,(anonymous_6)
FNF:7
FNH:7
FNDA:131,(anonymous_0)
FNDA:133,useLocalStorage
FNDA:52,(anonymous_2)
FNDA:27,(anonymous_3)
FNDA:52,(anonymous_4)
FNDA:4,(anonymous_5)
FNDA:52,(anonymous_6)
DA:3,131
DA:9,133
DA:10,133
DA:11,133
DA:12,52
DA:13,0
DA:16,52
DA:17,52
DA:18,52
DA:20,1
DA:21,1
DA:25,133
DA:26,133
DA:27,133
DA:29,133
DA:31,27
DA:32,27
DA:34,27
DA:35,0
DA:38,27
DA:39,27
DA:41,1
DA:45,133
DA:46,52
DA:47,0
DA:50,52
DA:51,4
DA:52,1
DA:55,3
DA:56,3
DA:57,1
DA:58,1
DA:60,2
DA:62,1
DA:66,52
DA:67,52
DA:70,133
LF:37
LH:34
BRDA:3,0,0,131
BRDA:3,0,1,131
BRDA:12,1,0,0
BRDA:12,1,1,52
BRDA:18,2,0,5
BRDA:18,2,1,47
BRDA:31,3,0,8
BRDA:31,3,1,19
BRDA:34,4,0,0
BRDA:34,4,1,27
BRDA:46,5,0,0
BRDA:46,5,1,52
BRDA:51,6,0,1
BRDA:51,6,1,3
BRDA:56,7,0,1
BRDA:56,7,1,2
BRF:16
BRH:13
end_of_record
TN:
SF:src/hooks/useReducedMotion.ts
FN:3,useReducedMotion
FN:4,(anonymous_1)
FN:10,(anonymous_2)
FN:13,(anonymous_3)
FN:18,(anonymous_4)
FNF:5
FNH:5
FNDA:6,useReducedMotion
FNDA:4,(anonymous_1)
FNDA:4,(anonymous_2)
FNDA:1,(anonymous_3)
FNDA:4,(anonymous_4)
DA:4,6
DA:5,4
DA:6,4
DA:7,4
DA:10,6
DA:11,4
DA:13,4
DA:14,1
DA:17,4
DA:18,4
DA:21,6
LF:11
LH:11
BRDA:5,0,0,0
BRDA:5,0,1,4
BRF:2
BRH:1
end_of_record
TN:
SF:src/hooks/useSidebar.ts
FN:5,useSidebar
FN:15,(anonymous_1)
FN:20,(anonymous_2)
FN:28,(anonymous_3)
FN:36,(anonymous_4)
FN:42,(anonymous_5)
FNF:6
FNH:6
FNDA:42,useSidebar
FNDA:40,(anonymous_1)
FNDA:14,(anonymous_2)
FNDA:4,(anonymous_3)
FNDA:22,(anonymous_4)
FNDA:10,(anonymous_5)
DA:8,42
DA:12,42
DA:13,42
DA:15,42
DA:16,40
DA:17,18
DA:20,22
DA:21,14
DA:25,14
DA:28,22
DA:29,4
DA:30,4
DA:33,22
DA:34,22
DA:36,22
DA:37,22
DA:38,22
DA:42,42
DA:44,42
LF:19
LH:19
BRDA:6,0,0,42
BRDA:16,1,0,18
BRDA:16,1,1,22
BRF:3
BRH:3
end_of_record
TN:
SF:src/hooks/useWindowSize.ts
FN:9,useWindowSize
FN:15,(anonymous_1)
FN:22,handleResize
FN:29,(anonymous_3)
FN:46,(anonymous_4)
FNF:5
FNH:5
FNDA:22,useWindowSize
FNDA:8,(anonymous_1)
FNDA:11,handleResize
FNDA:6,(anonymous_3)
FNDA:8,(anonymous_4)
DA:10,22
DA:15,22
DA:16,8
DA:17,0
DA:20,8
DA:24,11
DA:25,3
DA:29,11
DA:30,6
DA:34,6
DA:39,8
DA:44,8
DA:46,8
DA:47,8
DA:48,8
DA:49,2
DA:54,22
LF:17
LH:16
BRDA:16,0,0,0
BRDA:16,0,1,8
BRDA:24,1,0,3
BRDA:24,1,1,8
BRDA:48,2,0,2
BRDA:48,2,1,6
BRF:6
BRH:5
end_of_record
TN:
SF:src/utils/frontmatter.ts
FN:7,parseFrontmatter
FN:22,(anonymous_1)
FNF:2
FNH:2
FNDA:12,parseFrontmatter
FNDA:22,(anonymous_1)
DA:11,12
DA:12,12
DA:14,12
DA:15,3
DA:18,9
DA:19,9
DA:22,9
DA:23,22
DA:24,22
DA:25,21
DA:26,21
DA:27,21
DA:31,9
LF:13
LH:13
BRDA:14,0,0,3
BRDA:14,0,1,9
BRDA:24,1,0,21
BRDA:24,1,1,1
BRF:4
BRH:4
end_of_record
TN:
SF:src/utils/navigation.ts
FN:23,(anonymous_0)
FN:29,(anonymous_1)
FN:41,(anonymous_2)
FN:45,(anonymous_3)
FN:50,(anonymous_4)
FN:56,(anonymous_5)
FN:72,(anonymous_6)
FN:92,(anonymous_7)
FN:106,(anonymous_8)
FN:118,(anonymous_9)
FN:134,(anonymous_10)
FN:146,(anonymous_11)
FNF:12
FNH:12
FNDA:18,(anonymous_0)
FNDA:29,(anonymous_1)
FNDA:11,(anonymous_2)
FNDA:18,(anonymous_3)
FNDA:15,(anonymous_4)
FNDA:27,(anonymous_5)
FNDA:25,(anonymous_6)
FNDA:40,(anonymous_7)
FNDA:12,(anonymous_8)
FNDA:20,(anonymous_9)
FNDA:20,(anonymous_10)
FNDA:51,(anonymous_11)
DA:23,4
DA:24,18
DA:25,18
DA:26,18
DA:27,18
DA:29,18
DA:30,29
DA:31,29
DA:34,29
DA:35,29
DA:36,29
DA:37,29
DA:40,29
DA:41,11
DA:45,18
DA:47,18
DA:50,4
DA:54,15
DA:56,15
DA:57,27
DA:58,27
DA:60,27
DA:61,9
DA:65,15
DA:72,4
DA:77,25
DA:78,1
DA:82,24
DA:83,9
DA:84,9
DA:89,15
DA:91,15
DA:92,40
DA:93,27
DA:94,3
DA:96,24
DA:99,12
DA:106,4
DA:112,12
DA:113,4
DA:117,8
DA:118,20
DA:124,8
DA:125,33
DA:126,33
DA:127,0
DA:129,33
DA:130,33
DA:131,6
DA:134,27
DA:135,20
DA:139,2
DA:146,4
DA:151,51
DA:152,1
DA:156,50
DA:157,28
DA:161,22
DA:163,22
DA:164,102
DA:165,102
DA:166,0
DA:168,102
DA:169,20
DA:171,82
DA:172,38
DA:176,2
LF:67
LH:65
BRDA:29,0,0,29
BRDA:40,1,0,11
BRDA:40,1,1,18
BRDA:52,2,0,15
BRDA:60,3,0,9
BRDA:60,3,1,18
BRDA:77,4,0,1
BRDA:77,4,1,24
BRDA:82,5,0,9
BRDA:82,5,1,15
BRDA:84,6,0,9
BRDA:84,6,1,0
BRDA:93,7,0,3
BRDA:93,7,1,24
BRDA:96,8,0,24
BRDA:96,8,1,7
BRDA:99,9,0,12
BRDA:99,9,1,0
BRDA:112,10,0,4
BRDA:112,10,1,8
BRDA:113,11,0,4
BRDA:113,11,1,1
BRDA:126,12,0,0
BRDA:126,12,1,33
BRDA:130,13,0,6
BRDA:130,13,1,27
BRDA:151,14,0,1
BRDA:151,14,1,50
BRDA:156,15,0,28
BRDA:156,15,1,22
BRDA:157,16,0,28
BRDA:157,16,1,8
BRDA:165,17,0,0
BRDA:165,17,1,102
BRDA:168,18,0,20
BRDA:168,18,1,82
BRDA:171,19,0,38
BRDA:171,19,1,44
BRF:38
BRH:34
end_of_record
TN:
SF:src/utils/sortHelpers.ts
FN:8,(anonymous_0)
FN:13,(anonymous_1)
FN:15,(anonymous_2)
FN:33,(anonymous_3)
FN:44,(anonymous_4)
FN:47,(anonymous_5)
FN:71,(anonymous_6)
FN:77,(anonymous_7)
FN:80,(anonymous_8)
FN:89,(anonymous_9)
FN:95,(anonymous_10)
FNF:11
FNH:11
FNDA:12,(anonymous_0)
FNDA:208,(anonymous_1)
FNDA:88,(anonymous_2)
FNDA:38,(anonymous_3)
FNDA:11,(anonymous_4)
FNDA:44,(anonymous_5)
FNDA:6,(anonymous_6)
FNDA:20,(anonymous_7)
FNDA:6,(anonymous_8)
FNDA:6,(anonymous_9)
FNDA:12,(anonymous_10)
DA:3,1
DA:8,12
DA:10,1
DA:11,1
DA:13,208
DA:15,1
DA:16,88
DA:17,88
DA:18,0
DA:21,88
DA:22,43
DA:25,45
DA:26,45
DA:27,22
DA:30,23
DA:33,1
DA:37,38
DA:38,6
DA:40,32
DA:41,38
DA:44,1
DA:45,11
DA:47,11
DA:48,44
DA:49,44
DA:51,44
DA:52,44
DA:53,44
DA:54,44
DA:56,44
DA:57,25
DA:58,24
DA:60,1
DA:63,19
DA:64,15
DA:67,4
DA:71,1
DA:76,6
DA:77,20
DA:80,1
DA:85,6
DA:89,1
DA:93,6
DA:95,1
DA:96,12
LF:45
LH:44
BRDA:17,0,0,0
BRDA:17,0,1,88
BRDA:21,1,0,43
BRDA:21,1,1,45
BRDA:26,2,0,22
BRDA:26,2,1,23
BRDA:35,3,0,38
BRDA:35,4,0,38
BRDA:37,5,0,6
BRDA:37,5,1,32
BRDA:40,6,0,12
BRDA:40,6,1,20
BRDA:45,7,0,2
BRDA:45,7,1,9
BRDA:56,8,0,25
BRDA:56,8,1,19
BRDA:56,9,0,44
BRDA:56,9,1,31
BRDA:57,10,0,24
BRDA:57,10,1,1
BRDA:63,11,0,15
BRDA:63,11,1,4
BRDA:64,12,0,6
BRDA:64,12,1,9
BRDA:72,13,0,6
BRDA:85,14,0,6
BRDA:85,14,1,3
BRDA:85,14,2,2
BRDA:85,14,3,1
BRDA:93,15,0,6
BRDA:93,15,1,4
BRDA:93,15,2,2
BRDA:93,15,3,1
BRDA:96,16,0,12
BRDA:96,16,1,2
BRDA:96,16,2,1
BRF:36
BRH:35
end_of_record
TN:
SF:src/utils/urlHelpers.ts
FN:19,getSafeUrl
FNF:1
FNH:1
FNDA:8,getSafeUrl
DA:11,1
DA:13,1
DA:22,8
DA:24,8
DA:25,3
DA:28,5
DA:29,1
DA:32,4
DA:33,1
DA:36,3
DA:37,3
DA:38,3
DA:39,2
DA:41,1
DA:47,0
LF:15
LH:14
BRDA:24,0,0,3
BRDA:24,0,1,5
BRDA:24,1,0,8
BRDA:24,1,1,6
BRDA:28,2,0,1
BRDA:28,2,1,4
BRDA:32,3,0,1
BRDA:32,3,1,3
BRDA:38,4,0,2
BRDA:38,4,1,1
BRF:10
BRH:10
end_of_record
