TN:
SF:src/config/accessibility.ts
FNF:0
FNH:0
DA:4,2
LF:1
LH:1
BRF:0
BRH:0
end_of_record
TN:
SF:src/config/constants.ts
FNF:0
FNH:0
DA:8,6
DA:18,6
DA:28,6
DA:37,6
DA:51,6
DA:61,6
DA:71,6
DA:85,6
LF:8
LH:8
BRF:0
BRH:0
end_of_record
TN:
SF:src/contexts/NavigationContext.tsx
FN:44,NavigationProvider
FN:55,(anonymous_1)
FN:59,(anonymous_2)
FN:62,(anonymous_3)
FN:63,(anonymous_4)
FN:72,(anonymous_5)
FN:81,(anonymous_6)
FN:84,(anonymous_7)
FN:103,(anonymous_8)
FN:127,(anonymous_9)
FN:140,(anonymous_10)
FN:157,(anonymous_11)
FN:170,(anonymous_12)
FN:179,(anonymous_13)
FN:186,(anonymous_14)
FN:194,(anonymous_15)
FN:214,(anonymous_16)
FN:223,(anonymous_17)
FN:228,(anonymous_18)
FN:244,(anonymous_19)
FN:250,(anonymous_20)
FN:251,(anonymous_21)
FN:257,(anonymous_22)
FN:263,(anonymous_23)
FN:270,(anonymous_24)
FN:304,useNavigation
FNF:26
FNH:26
FNDA:61,NavigationProvider
FNDA:14,(anonymous_1)
FNDA:14,(anonymous_2)
FNDA:30,(anonymous_3)
FNDA:53,(anonymous_4)
FNDA:6,(anonymous_5)
FNDA:30,(anonymous_6)
FNDA:41,(anonymous_7)
FNDA:1,(anonymous_8)
FNDA:55,(anonymous_9)
FNDA:10,(anonymous_10)
FNDA:9,(anonymous_11)
FNDA:4,(anonymous_12)
FNDA:4,(anonymous_13)
FNDA:9,(anonymous_14)
FNDA:4,(anonymous_15)
FNDA:1,(anonymous_16)
FNDA:2,(anonymous_17)
FNDA:3,(anonymous_18)
FNDA:1,(anonymous_19)
FNDA:2,(anonymous_20)
FNDA:2,(anonymous_21)
FNDA:1,(anonymous_22)
FNDA:3,(anonymous_23)
FNDA:2,(anonymous_24)
FNDA:67,useNavigation
DA:40,2
DA:45,61
DA:46,61
DA:47,61
DA:48,61
DA:49,61
DA:50,61
DA:51,61
DA:54,61
DA:55,14
DA:59,61
DA:61,61
DA:63,30
DA:64,53
DA:65,30
DA:68,23
DA:69,23
DA:70,17
DA:72,6
DA:73,6
DA:74,4
DA:76,2
DA:81,61
DA:84,61
DA:85,41
DA:87,14
DA:88,14
DA:89,12
DA:90,12
DA:93,2
DA:95,2
DA:96,0
DA:97,0
DA:101,2
DA:102,1
DA:103,1
DA:104,1
DA:105,1
DA:106,1
DA:108,1
DA:109,1
DA:113,1
DA:114,1
DA:116,1
DA:117,1
DA:118,1
DA:119,1
DA:123,1
DA:127,61
DA:128,55
DA:130,41
DA:131,16
DA:132,2
DA:134,16
DA:137,25
DA:140,25
DA:141,25
DA:142,6
DA:143,6
DA:144,2
DA:146,6
DA:150,19
DA:151,19
DA:152,19
DA:153,9
DA:157,61
DA:160,9
DA:161,9
DA:162,1
DA:164,8
DA:166,9
DA:167,9
DA:170,61
DA:171,4
DA:172,0
DA:174,4
DA:179,61
DA:180,4
DA:181,4
DA:182,4
DA:183,4
DA:186,61
DA:187,9
DA:188,6
DA:189,3
DA:190,3
DA:194,61
DA:195,4
DA:196,1
DA:199,3
DA:201,3
DA:202,0
DA:203,0
DA:206,3
DA:208,3
DA:209,3
DA:210,2
DA:211,2
DA:214,1
DA:215,1
DA:216,0
DA:217,0
DA:220,1
DA:223,61
DA:224,2
DA:225,2
DA:228,61
DA:229,3
DA:230,1
DA:231,1
DA:234,2
DA:235,2
DA:238,2
DA:239,2
DA:240,1
DA:241,1
DA:244,1
DA:245,1
DA:246,1
DA:250,61
DA:251,2
DA:252,2
DA:253,2
DA:254,2
DA:257,61
DA:258,1
DA:259,1
DA:260,1
DA:263,61
DA:264,3
DA:265,2
DA:266,2
DA:267,2
DA:270,61
DA:271,2
DA:272,1
DA:274,1
DA:275,1
DA:278,61
DA:305,67
DA:306,67
DA:307,2
DA:309,65
LF:143
LH:136
BRDA:64,0,0,30
BRDA:64,0,1,23
BRDA:69,1,0,17
BRDA:69,1,1,6
BRDA:73,2,0,4
BRDA:73,2,1,2
BRDA:85,3,0,27
BRDA:85,3,1,14
BRDA:88,4,0,12
BRDA:88,4,1,2
BRDA:88,5,0,14
BRDA:88,5,1,2
BRDA:95,6,0,0
BRDA:95,6,1,2
BRDA:101,7,0,1
BRDA:101,7,1,1
BRDA:104,8,0,1
BRDA:104,8,1,0
BRDA:113,9,0,1
BRDA:113,9,1,0
BRDA:117,10,0,1
BRDA:117,10,1,0
BRDA:128,11,0,14
BRDA:128,11,1,41
BRDA:130,12,0,16
BRDA:130,12,1,25
BRDA:131,13,0,2
BRDA:131,13,1,14
BRDA:141,14,0,6
BRDA:141,14,1,19
BRDA:143,15,0,2
BRDA:143,15,1,4
BRDA:152,16,0,9
BRDA:152,16,1,10
BRDA:160,17,0,9
BRDA:160,17,1,4
BRDA:161,18,0,1
BRDA:161,18,1,8
BRDA:161,19,0,9
BRDA:161,19,1,8
BRDA:164,20,0,8
BRDA:164,20,1,0
BRDA:171,21,0,0
BRDA:171,21,1,4
BRDA:171,22,0,4
BRDA:171,22,1,4
BRDA:174,23,0,2
BRDA:174,23,1,2
BRDA:187,24,0,6
BRDA:187,24,1,3
BRDA:189,25,0,3
BRDA:189,25,1,0
BRDA:195,26,0,1
BRDA:195,26,1,3
BRDA:201,27,0,0
BRDA:201,27,1,3
BRDA:209,28,0,2
BRDA:209,28,1,1
BRDA:215,29,0,0
BRDA:215,29,1,1
BRDA:229,30,0,1
BRDA:229,30,1,2
BRDA:239,31,0,1
BRDA:239,31,1,1
BRDA:245,32,0,1
BRDA:245,32,1,0
BRDA:254,33,0,2
BRDA:254,33,1,0
BRDA:264,34,0,1
BRDA:264,34,1,2
BRDA:271,35,0,1
BRDA:271,35,1,1
BRDA:306,36,0,2
BRDA:306,36,1,65
BRF:74
BRH:63
end_of_record
TN:
SF:src/contexts/SearchContext.tsx
FN:35,(anonymous_0)
FN:49,(anonymous_1)
FN:76,(anonymous_2)
FN:79,(anonymous_3)
FN:86,(anonymous_4)
FN:87,(anonymous_5)
FN:93,(anonymous_6)
FN:105,(anonymous_7)
FN:113,(anonymous_8)
FN:114,(anonymous_9)
FN:115,(anonymous_10)
FN:117,(anonymous_11)
FN:125,(anonymous_12)
FN:136,(anonymous_13)
FN:150,(anonymous_14)
FN:165,(anonymous_15)
FN:182,(anonymous_16)
FN:191,SearchProvider
FN:195,(anonymous_18)
FN:196,(anonymous_19)
FN:198,(anonymous_20)
FN:205,(anonymous_21)
FN:224,useSearchUI
FN:232,useSearchResults
FN:240,useSearch
FNF:25
FNH:24
FNDA:8,(anonymous_0)
FNDA:0,(anonymous_1)
FNDA:6,(anonymous_2)
FNDA:14,(anonymous_3)
FNDA:6,(anonymous_4)
FNDA:8,(anonymous_5)
FNDA:6,(anonymous_6)
FNDA:17,(anonymous_7)
FNDA:6,(anonymous_8)
FNDA:6,(anonymous_9)
FNDA:6,(anonymous_10)
FNDA:12,(anonymous_11)
FNDA:8,(anonymous_12)
FNDA:4,(anonymous_13)
FNDA:4,(anonymous_14)
FNDA:4,(anonymous_15)
FNDA:12,(anonymous_16)
FNDA:19,SearchProvider
FNDA:6,(anonymous_18)
FNDA:2,(anonymous_19)
FNDA:14,(anonymous_20)
FNDA:16,(anonymous_21)
FNDA:26,useSearchUI
FNDA:21,useSearchResults
FNDA:11,useSearch
DA:28,2
DA:31,2
DA:35,2
DA:36,8
DA:37,8
DA:38,2
DA:41,6
DA:42,0
DA:45,6
DA:46,0
DA:49,6
DA:50,0
DA:53,6
DA:58,0
DA:61,6
DA:76,2
DA:78,6
DA:79,14
DA:86,2
DA:87,8
DA:93,2
DA:94,6
DA:95,2
DA:97,4
DA:105,2
DA:112,17
DA:113,17
DA:114,17
DA:115,17
DA:117,17
DA:118,12
DA:119,8
DA:122,4
DA:123,4
DA:125,4
DA:126,8
DA:127,1
DA:136,8
DA:137,4
DA:138,1
DA:150,4
DA:151,4
DA:155,1
DA:164,4
DA:165,4
DA:166,4
DA:167,1
DA:179,4
DA:182,17
DA:184,17
DA:192,19
DA:193,19
DA:195,19
DA:196,19
DA:198,19
DA:199,14
DA:200,8
DA:204,19
DA:205,16
DA:215,19
DA:225,26
DA:226,26
DA:227,2
DA:229,24
DA:233,21
DA:234,21
DA:235,2
DA:237,19
DA:241,11
LF:69
LH:65
BRDA:37,0,0,2
BRDA:37,0,1,6
BRDA:41,1,0,0
BRDA:41,1,1,6
BRDA:45,2,0,0
BRDA:45,2,1,6
BRDA:49,3,0,0
BRDA:49,3,1,6
BRDA:53,4,0,0
BRDA:53,4,1,6
BRDA:54,5,0,6
BRDA:54,5,1,3
BRDA:54,5,2,3
BRDA:94,6,0,2
BRDA:94,6,1,4
BRDA:118,7,0,8
BRDA:118,7,1,4
BRDA:126,8,0,1
BRDA:126,8,1,7
BRDA:137,9,0,1
BRDA:137,9,1,3
BRDA:151,10,0,1
BRDA:151,10,1,3
BRDA:152,11,0,4
BRDA:152,11,1,3
BRDA:164,12,0,4
BRDA:164,12,1,0
BRDA:166,13,0,1
BRDA:166,13,1,3
BRDA:199,14,0,8
BRDA:199,14,1,6
BRDA:226,15,0,2
BRDA:226,15,1,24
BRDA:234,16,0,2
BRDA:234,16,1,19
BRF:35
BRH:30
end_of_record
TN:
SF:src/contexts/SidebarContext.tsx
FN:32,(anonymous_0)
FN:40,(anonymous_1)
FN:58,(anonymous_2)
FN:61,(anonymous_3)
FN:64,(anonymous_4)
FN:65,(anonymous_5)
FN:74,(anonymous_6)
FN:85,(anonymous_7)
FN:90,(anonymous_8)
FN:93,(anonymous_9)
FN:94,(anonymous_10)
FN:97,(anonymous_11)
FN:98,(anonymous_12)
FN:101,(anonymous_13)
FN:102,(anonymous_14)
FN:114,(anonymous_15)
FN:115,(anonymous_16)
FN:123,(anonymous_17)
FN:124,(anonymous_18)
FN:132,(anonymous_19)
FN:138,(anonymous_20)
FN:143,(anonymous_21)
FN:144,(anonymous_22)
FN:181,(anonymous_23)
FNF:24
FNH:23
FNDA:5,(anonymous_0)
FNDA:19,(anonymous_1)
FNDA:11,(anonymous_2)
FNDA:7,(anonymous_3)
FNDA:4,(anonymous_4)
FNDA:4,(anonymous_5)
FNDA:5,(anonymous_6)
FNDA:0,(anonymous_7)
FNDA:5,(anonymous_8)
FNDA:1,(anonymous_9)
FNDA:1,(anonymous_10)
FNDA:1,(anonymous_11)
FNDA:1,(anonymous_12)
FNDA:2,(anonymous_13)
FNDA:2,(anonymous_14)
FNDA:1,(anonymous_15)
FNDA:1,(anonymous_16)
FNDA:1,(anonymous_17)
FNDA:1,(anonymous_18)
FNDA:1,(anonymous_19)
FNDA:1,(anonymous_20)
FNDA:2,(anonymous_21)
FNDA:2,(anonymous_22)
FNDA:17,(anonymous_23)
DA:30,2
DA:32,2
DA:34,5
DA:35,0
DA:37,5
DA:40,2
DA:43,19
DA:44,19
DA:48,19
DA:52,19
DA:57,19
DA:58,11
DA:61,19
DA:63,19
DA:65,4
DA:66,4
DA:67,4
DA:68,4
DA:74,19
DA:76,5
DA:77,0
DA:80,5
DA:83,5
DA:85,5
DA:86,0
DA:89,5
DA:90,5
DA:93,19
DA:94,1
DA:97,19
DA:98,19
DA:100,19
DA:102,2
DA:103,2
DA:104,1
DA:106,1
DA:113,19
DA:115,1
DA:116,1
DA:122,19
DA:124,1
DA:125,1
DA:131,19
DA:133,1
DA:138,19
DA:139,1
DA:142,19
DA:144,2
DA:145,2
DA:146,2
DA:147,1
DA:149,1
DA:151,2
DA:157,19
DA:181,2
DA:182,17
DA:183,17
DA:184,2
DA:186,15
LF:59
LH:56
BRDA:34,0,0,0
BRDA:34,0,1,5
BRDA:76,1,0,0
BRDA:76,1,1,5
BRDA:103,2,0,1
BRDA:103,2,1,1
BRDA:146,3,0,1
BRDA:146,3,1,1
BRDA:183,4,0,2
BRDA:183,4,1,15
BRF:10
BRH:8
end_of_record
TN:
SF:src/contexts/ThemeContext.tsx
FN:22,ThemeProvider
FN:30,(anonymous_1)
FN:36,(anonymous_2)
FN:43,(anonymous_3)
FN:51,(anonymous_4)
FN:62,(anonymous_5)
FN:99,(anonymous_6)
FN:113,useTheme
FNF:8
FNH:8
FNDA:7,ThemeProvider
FNDA:4,(anonymous_1)
FNDA:4,(anonymous_2)
FNDA:4,(anonymous_3)
FNDA:7,(anonymous_4)
FNDA:14,(anonymous_5)
FNDA:2,(anonymous_6)
FNDA:7,useTheme
DA:20,2
DA:23,7
DA:27,7
DA:30,7
DA:31,4
DA:32,0
DA:35,4
DA:36,4
DA:37,4
DA:40,4
DA:41,4
DA:43,4
DA:47,7
DA:48,7
DA:51,7
DA:52,7
DA:53,0
DA:57,7
DA:58,7
DA:59,7
DA:62,7
DA:64,14
DA:68,14
DA:71,14
DA:72,6
DA:73,6
DA:74,6
DA:80,6
DA:84,14
DA:88,14
DA:89,14
DA:90,14
DA:92,14
DA:95,7
DA:96,7
DA:99,7
DA:100,2
DA:101,2
DA:104,7
DA:114,7
DA:115,7
DA:116,2
DA:118,5
LF:43
LH:41
BRDA:31,0,0,0
BRDA:31,0,1,4
BRDA:37,1,0,1
BRDA:37,1,1,3
BRDA:47,2,0,7
BRDA:47,2,1,5
BRDA:52,3,0,0
BRDA:52,3,1,7
BRDA:52,4,0,7
BRDA:52,4,1,7
BRDA:64,5,0,7
BRDA:64,5,1,7
BRDA:71,6,0,6
BRDA:71,6,1,8
BRDA:76,7,0,3
BRDA:76,7,1,3
BRDA:84,8,0,7
BRDA:84,8,1,7
BRDA:90,9,0,14
BRDA:90,9,1,10
BRDA:100,10,0,1
BRDA:100,10,1,1
BRDA:115,11,0,2
BRDA:115,11,1,5
BRF:24
BRH:22
end_of_record
TN:
SF:src/hooks/useDebounce.ts
FN:3,useDebounce
FN:6,(anonymous_1)
FN:7,(anonymous_2)
FN:11,(anonymous_3)
FNF:4
FNH:4
FNDA:25,useDebounce
FNDA:16,(anonymous_1)
FNDA:6,(anonymous_2)
FNDA:16,(anonymous_3)
DA:4,25
DA:6,25
DA:7,16
DA:8,6
DA:11,16
DA:12,16
DA:16,25
LF:7
LH:7
BRF:0
BRH:0
end_of_record
TN:
SF:src/hooks/useSidebar.ts
FN:5,useSidebar
FN:15,(anonymous_1)
FN:20,(anonymous_2)
FN:28,(anonymous_3)
FN:36,(anonymous_4)
FN:42,(anonymous_5)
FNF:6
FNH:6
FNDA:42,useSidebar
FNDA:40,(anonymous_1)
FNDA:14,(anonymous_2)
FNDA:4,(anonymous_3)
FNDA:22,(anonymous_4)
FNDA:10,(anonymous_5)
DA:8,42
DA:12,42
DA:13,42
DA:15,42
DA:16,40
DA:17,18
DA:20,22
DA:21,14
DA:25,14
DA:28,22
DA:29,4
DA:30,4
DA:33,22
DA:34,22
DA:36,22
DA:37,22
DA:38,22
DA:42,42
DA:44,42
LF:19
LH:19
BRDA:6,0,0,42
BRDA:16,1,0,18
BRDA:16,1,1,22
BRF:3
BRH:3
end_of_record
TN:
SF:src/hooks/useWindowSize.ts
FN:9,useWindowSize
FN:15,(anonymous_1)
FN:22,handleResize
FN:29,(anonymous_3)
FN:46,(anonymous_4)
FNF:5
FNH:5
FNDA:22,useWindowSize
FNDA:8,(anonymous_1)
FNDA:11,handleResize
FNDA:6,(anonymous_3)
FNDA:8,(anonymous_4)
DA:10,22
DA:15,22
DA:16,8
DA:17,0
DA:20,8
DA:24,11
DA:25,3
DA:29,11
DA:30,6
DA:34,6
DA:39,8
DA:44,8
DA:46,8
DA:47,8
DA:48,8
DA:49,2
DA:54,22
LF:17
LH:16
BRDA:16,0,0,0
BRDA:16,0,1,8
BRDA:24,1,0,3
BRDA:24,1,1,8
BRDA:48,2,0,2
BRDA:48,2,1,6
BRF:6
BRH:5
end_of_record
TN:
SF:src/utils/frontmatter.ts
FN:7,parseFrontmatter
FN:22,(anonymous_1)
FNF:2
FNH:2
FNDA:12,parseFrontmatter
FNDA:22,(anonymous_1)
DA:11,12
DA:12,12
DA:14,12
DA:15,3
DA:18,9
DA:19,9
DA:22,9
DA:23,22
DA:24,22
DA:25,21
DA:26,21
DA:27,21
DA:31,9
LF:13
LH:13
BRDA:14,0,0,3
BRDA:14,0,1,9
BRDA:24,1,0,21
BRDA:24,1,1,1
BRF:4
BRH:4
end_of_record
TN:
SF:src/utils/navigation.ts
FN:23,(anonymous_0)
FN:29,(anonymous_1)
FN:41,(anonymous_2)
FN:45,(anonymous_3)
FN:50,(anonymous_4)
FN:56,(anonymous_5)
FN:72,(anonymous_6)
FN:92,(anonymous_7)
FN:106,(anonymous_8)
FN:118,(anonymous_9)
FN:134,(anonymous_10)
FN:146,(anonymous_11)
FNF:12
FNH:12
FNDA:20,(anonymous_0)
FNDA:31,(anonymous_1)
FNDA:12,(anonymous_2)
FNDA:19,(anonymous_3)
FNDA:15,(anonymous_4)
FNDA:27,(anonymous_5)
FNDA:25,(anonymous_6)
FNDA:40,(anonymous_7)
FNDA:12,(anonymous_8)
FNDA:20,(anonymous_9)
FNDA:20,(anonymous_10)
FNDA:51,(anonymous_11)
DA:23,4
DA:24,20
DA:25,20
DA:26,20
DA:27,20
DA:29,20
DA:30,31
DA:31,31
DA:34,31
DA:35,31
DA:36,31
DA:37,31
DA:40,31
DA:41,12
DA:45,20
DA:47,20
DA:50,4
DA:54,15
DA:56,15
DA:57,27
DA:58,27
DA:60,27
DA:61,9
DA:65,15
DA:72,4
DA:77,25
DA:78,1
DA:82,24
DA:83,9
DA:84,9
DA:89,15
DA:91,15
DA:92,40
DA:93,27
DA:94,3
DA:96,24
DA:99,12
DA:106,4
DA:112,12
DA:113,4
DA:117,8
DA:118,20
DA:124,8
DA:125,33
DA:126,33
DA:127,0
DA:129,33
DA:130,33
DA:131,6
DA:134,27
DA:135,20
DA:139,2
DA:146,4
DA:151,51
DA:152,1
DA:156,50
DA:157,28
DA:161,22
DA:163,22
DA:164,102
DA:165,102
DA:166,0
DA:168,102
DA:169,20
DA:171,82
DA:172,38
DA:176,2
LF:67
LH:65
BRDA:29,0,0,31
BRDA:40,1,0,12
BRDA:40,1,1,19
BRDA:52,2,0,15
BRDA:60,3,0,9
BRDA:60,3,1,18
BRDA:77,4,0,1
BRDA:77,4,1,24
BRDA:82,5,0,9
BRDA:82,5,1,15
BRDA:84,6,0,9
BRDA:84,6,1,0
BRDA:93,7,0,3
BRDA:93,7,1,24
BRDA:96,8,0,24
BRDA:96,8,1,7
BRDA:99,9,0,12
BRDA:99,9,1,0
BRDA:112,10,0,4
BRDA:112,10,1,8
BRDA:113,11,0,4
BRDA:113,11,1,1
BRDA:126,12,0,0
BRDA:126,12,1,33
BRDA:130,13,0,6
BRDA:130,13,1,27
BRDA:151,14,0,1
BRDA:151,14,1,50
BRDA:156,15,0,28
BRDA:156,15,1,22
BRDA:157,16,0,28
BRDA:157,16,1,8
BRDA:165,17,0,0
BRDA:165,17,1,102
BRDA:168,18,0,20
BRDA:168,18,1,82
BRDA:171,19,0,38
BRDA:171,19,1,44
BRF:38
BRH:34
end_of_record
TN:
SF:src/utils/sortHelpers.ts
FN:8,(anonymous_0)
FN:13,(anonymous_1)
FN:15,(anonymous_2)
FN:33,(anonymous_3)
FN:44,(anonymous_4)
FN:47,(anonymous_5)
FN:71,(anonymous_6)
FN:77,(anonymous_7)
FN:80,(anonymous_8)
FN:89,(anonymous_9)
FN:95,(anonymous_10)
FNF:11
FNH:11
FNDA:12,(anonymous_0)
FNDA:208,(anonymous_1)
FNDA:88,(anonymous_2)
FNDA:38,(anonymous_3)
FNDA:11,(anonymous_4)
FNDA:44,(anonymous_5)
FNDA:6,(anonymous_6)
FNDA:20,(anonymous_7)
FNDA:6,(anonymous_8)
FNDA:6,(anonymous_9)
FNDA:12,(anonymous_10)
DA:3,1
DA:8,12
DA:10,1
DA:11,1
DA:13,208
DA:15,1
DA:16,88
DA:17,88
DA:18,0
DA:21,88
DA:22,43
DA:25,45
DA:26,45
DA:27,22
DA:30,23
DA:33,1
DA:37,38
DA:38,6
DA:40,32
DA:41,38
DA:44,1
DA:45,11
DA:47,11
DA:48,44
DA:49,44
DA:51,44
DA:52,44
DA:53,44
DA:54,44
DA:56,44
DA:57,25
DA:58,24
DA:60,1
DA:63,19
DA:64,15
DA:67,4
DA:71,1
DA:76,6
DA:77,20
DA:80,1
DA:85,6
DA:89,1
DA:93,6
DA:95,1
DA:96,12
LF:45
LH:44
BRDA:17,0,0,0
BRDA:17,0,1,88
BRDA:21,1,0,43
BRDA:21,1,1,45
BRDA:26,2,0,22
BRDA:26,2,1,23
BRDA:35,3,0,38
BRDA:35,4,0,38
BRDA:37,5,0,6
BRDA:37,5,1,32
BRDA:40,6,0,12
BRDA:40,6,1,20
BRDA:45,7,0,2
BRDA:45,7,1,9
BRDA:56,8,0,25
BRDA:56,8,1,19
BRDA:56,9,0,44
BRDA:56,9,1,31
BRDA:57,10,0,24
BRDA:57,10,1,1
BRDA:63,11,0,15
BRDA:63,11,1,4
BRDA:64,12,0,6
BRDA:64,12,1,9
BRDA:72,13,0,6
BRDA:85,14,0,6
BRDA:85,14,1,3
BRDA:85,14,2,2
BRDA:85,14,3,1
BRDA:93,15,0,6
BRDA:93,15,1,4
BRDA:93,15,2,2
BRDA:93,15,3,1
BRDA:96,16,0,12
BRDA:96,16,1,2
BRDA:96,16,2,1
BRF:36
BRH:35
end_of_record
TN:
SF:src/utils/urlHelpers.ts
FN:19,getSafeUrl
FNF:1
FNH:1
FNDA:8,getSafeUrl
DA:11,1
DA:13,1
DA:22,8
DA:24,8
DA:25,3
DA:28,5
DA:29,1
DA:32,4
DA:33,1
DA:36,3
DA:37,3
DA:38,3
DA:39,2
DA:41,1
DA:47,0
LF:15
LH:14
BRDA:24,0,0,3
BRDA:24,0,1,5
BRDA:24,1,0,8
BRDA:24,1,1,6
BRDA:28,2,0,1
BRDA:28,2,1,4
BRDA:32,3,0,1
BRDA:32,3,1,3
BRDA:38,4,0,2
BRDA:38,4,1,1
BRF:10
BRH:10
end_of_record
